Processing verse 0 chunk 0
Prompt string:
Look at this verse:
```
Matthew 1:1: Βίβλος γενέσεως Ἰησοῦ Χριστοῦ υἱοῦ Δαυεὶδ υἱοῦ Ἀβραάμ.
```

Focus on these specific words:
```
Βίβλος γενέσεως
```

What is the gloss for these specific words in English?  Mark supplemental implicit words with *asterisks* in the gloss. Output the answer in JSON. 

Example output:
```json
{"gloss": "combined-words and *implicit words* example"}
```

Response:
```json
{"gloss": "*The* book of generation"}
```

Answer:
*The* book of generation

Processing verse 0 chunk 1
Prompt string:
Look at this verse:
```
Matthew 1:1: Βίβλος γενέσεως Ἰησοῦ Χριστοῦ υἱοῦ Δαυεὶδ υἱοῦ Ἀβραάμ.
```

Focus on these specific words:
```
Ἰησοῦ Χριστοῦ υἱοῦ Δαυεὶδ
```

What is the gloss for these specific words in English?  Mark supplemental implicit words with *asterisks* in the gloss. Output the answer in JSON. 

Example output:
```json
{"gloss": "combined-words and *implicit words* example"}
```

Response:
```json
{"gloss": "Jesus Christ, *the* son *of* David"}
```

Answer:
Jesus Christ, *the* son *of* David

Processing verse 0 chunk 2
Prompt string:
Look at this verse:
```
Matthew 1:1: Βίβλος γενέσεως Ἰησοῦ Χριστοῦ υἱοῦ Δαυεὶδ υἱοῦ Ἀβραάμ.
```

Focus on these specific words:
```
υἱοῦ Ἀβραάμ.
```

What is the gloss for these specific words in English?  Mark supplemental implicit words with *asterisks* in the gloss. Output the answer in JSON. 

Example output:
```json
{"gloss": "combined-words and *implicit words* example"}
```

Response:
```json
{"gloss": "*the* son of Abraham"}
```

Answer:
*the* son of Abraham

Processing verse 1 chunk 0
Prompt string:
Look at this verse:
```
Matthew 1:2: Ἀβραὰμ ἐγέννησεν τὸν Ἰσαάκ, Ἰσαὰκ δὲ ἐγέννησεν τὸν Ἰακώβ, Ἰακὼβ δὲ ἐγέννησεν τὸν Ἰούδαν καὶ τοὺς ἀδελφοὺς αὐτοῦ, Ἰούδας δὲ ἐγέννησεν τὸν Φαρὲς καὶ τὸν Ζαρὰ ἐκ τῆς Θάμαρ, Φαρὲς δὲ ἐγέννησεν τὸν Ἐσρώμ, Ἐσρὼμ δὲ ἐγέννησεν τὸν Ἀράμ, Ἀρὰμ δὲ ἐγέννησεν τὸν Ἀμιναδάβ, Ἀμιναδὰβ δὲ ἐγέννησεν τὸν Ναασσών, Ναασσὼν δὲ ἐγέννησεν τὸν Σαλμών, Σαλμὼν δὲ ἐγέννησεν τὸν Βόες ἐκ τῆς Ῥαχάβ, Βόες δὲ ἐγέννησεν τὸν Ἰωβὴδ ἐκ τῆς Ῥούθ, Ἰωβὴδ δὲ ἐγέννησεν τὸν Ἰεσσαί, Ἰεσσαὶ δὲ ἐγέννησεν τὸν Δαυεὶδ τὸν βασιλέα.
```

Focus on these specific words:
```
Ἀβραὰμ ἐγέννησεν τὸν Ἰσαάκ,
```

What is the gloss for these specific words in English?  Mark supplemental implicit words with *asterisks* in the gloss. Output the answer in JSON. 

Example output:
```json
{"gloss": "combined-words and *implicit words* example"}
```

Response:
```json
{"gloss": "Abraham begat *the* Isaac,"}
```

Answer:
Abraham begat *the* Isaac,

Processing verse 1 chunk 1
Prompt string:
Look at this verse:
```
Matthew 1:2: Ἀβραὰμ ἐγέννησεν τὸν Ἰσαάκ, Ἰσαὰκ δὲ ἐγέννησεν τὸν Ἰακώβ, Ἰακὼβ δὲ ἐγέννησεν τὸν Ἰούδαν καὶ τοὺς ἀδελφοὺς αὐτοῦ, Ἰούδας δὲ ἐγέννησεν τὸν Φαρὲς καὶ τὸν Ζαρὰ ἐκ τῆς Θάμαρ, Φαρὲς δὲ ἐγέννησεν τὸν Ἐσρώμ, Ἐσρὼμ δὲ ἐγέννησεν τὸν Ἀράμ, Ἀρὰμ δὲ ἐγέννησεν τὸν Ἀμιναδάβ, Ἀμιναδὰβ δὲ ἐγέννησεν τὸν Ναασσών, Ναασσὼν δὲ ἐγέννησεν τὸν Σαλμών, Σαλμὼν δὲ ἐγέννησεν τὸν Βόες ἐκ τῆς Ῥαχάβ, Βόες δὲ ἐγέννησεν τὸν Ἰωβὴδ ἐκ τῆς Ῥούθ, Ἰωβὴδ δὲ ἐγέννησεν τὸν Ἰεσσαί, Ἰεσσαὶ δὲ ἐγέννησεν τὸν Δαυεὶδ τὸν βασιλέα.
```

Focus on these specific words:
```
δὲ Ἰσαὰκ ἐγέννησεν τὸν Ἰακώβ,
```

What is the gloss for these specific words in English?  Mark supplemental implicit words with *asterisks* in the gloss. Output the answer in JSON. 

Example output:
```json
{"gloss": "combined-words and *implicit words* example"}
```

Response:
```json
{"gloss": "and Isaac begat *the* Jacob"}
```

Answer:
and Isaac begat *the* Jacob

Processing verse 1 chunk 2
Prompt string:
Look at this verse:
```
Matthew 1:2: Ἀβραὰμ ἐγέννησεν τὸν Ἰσαάκ, Ἰσαὰκ δὲ ἐγέννησεν τὸν Ἰακώβ, Ἰακὼβ δὲ ἐγέννησεν τὸν Ἰούδαν καὶ τοὺς ἀδελφοὺς αὐτοῦ, Ἰούδας δὲ ἐγέννησεν τὸν Φαρὲς καὶ τὸν Ζαρὰ ἐκ τῆς Θάμαρ, Φαρὲς δὲ ἐγέννησεν τὸν Ἐσρώμ, Ἐσρὼμ δὲ ἐγέννησεν τὸν Ἀράμ, Ἀρὰμ δὲ ἐγέννησεν τὸν Ἀμιναδάβ, Ἀμιναδὰβ δὲ ἐγέννησεν τὸν Ναασσών, Ναασσὼν δὲ ἐγέννησεν τὸν Σαλμών, Σαλμὼν δὲ ἐγέννησεν τὸν Βόες ἐκ τῆς Ῥαχάβ, Βόες δὲ ἐγέννησεν τὸν Ἰωβὴδ ἐκ τῆς Ῥούθ, Ἰωβὴδ δὲ ἐγέννησεν τὸν Ἰεσσαί, Ἰεσσαὶ δὲ ἐγέννησεν τὸν Δαυεὶδ τὸν βασιλέα.
```

Focus on these specific words:
```
δὲ Ἰακὼβ ἐγέννησεν τὸν Ἰούδαν
```

What is the gloss for these specific words in English?  Mark supplemental implicit words with *asterisks* in the gloss. Output the answer in JSON. 

Example output:
```json
{"gloss": "combined-words and *implicit words* example"}
```

Response:
```json
{"gloss": "and Jacob begat *the* Judah"}
```

Answer:
and Jacob begat *the* Judah

Processing verse 1 chunk 3
Prompt string:
Look at this verse:
```
Matthew 1:2: Ἀβραὰμ ἐγέννησεν τὸν Ἰσαάκ, Ἰσαὰκ δὲ ἐγέννησεν τὸν Ἰακώβ, Ἰακὼβ δὲ ἐγέννησεν τὸν Ἰούδαν καὶ τοὺς ἀδελφοὺς αὐτοῦ, Ἰούδας δὲ ἐγέννησεν τὸν Φαρὲς καὶ τὸν Ζαρὰ ἐκ τῆς Θάμαρ, Φαρὲς δὲ ἐγέννησεν τὸν Ἐσρώμ, Ἐσρὼμ δὲ ἐγέννησεν τὸν Ἀράμ, Ἀρὰμ δὲ ἐγέννησεν τὸν Ἀμιναδάβ, Ἀμιναδὰβ δὲ ἐγέννησεν τὸν Ναασσών, Ναασσὼν δὲ ἐγέννησεν τὸν Σαλμών, Σαλμὼν δὲ ἐγέννησεν τὸν Βόες ἐκ τῆς Ῥαχάβ, Βόες δὲ ἐγέννησεν τὸν Ἰωβὴδ ἐκ τῆς Ῥούθ, Ἰωβὴδ δὲ ἐγέννησεν τὸν Ἰεσσαί, Ἰεσσαὶ δὲ ἐγέννησεν τὸν Δαυεὶδ τὸν βασιλέα.
```

Focus on these specific words:
```
καὶ τοὺς ἀδελφοὺς αὐτοῦ,
```

What is the gloss for these specific words in English?  Mark supplemental implicit words with *asterisks* in the gloss. Output the answer in JSON. 

Example output:
```json
{"gloss": "combined-words and *implicit words* example"}
```

Response:
```json
{"gloss": "and *his* brothers"}
```

Answer:
and *his* brothers

Processing verse 1 chunk 4
Prompt string:
Look at this verse:
```
Matthew 1:3: Ἀβραὰμ ἐγέννησεν τὸν Ἰσαάκ, Ἰσαὰκ δὲ ἐγέννησεν τὸν Ἰακώβ, Ἰακὼβ δὲ ἐγέννησεν τὸν Ἰούδαν καὶ τοὺς ἀδελφοὺς αὐτοῦ, Ἰούδας δὲ ἐγέννησεν τὸν Φαρὲς καὶ τὸν Ζαρὰ ἐκ τῆς Θάμαρ, Φαρὲς δὲ ἐγέννησεν τὸν Ἐσρώμ, Ἐσρὼμ δὲ ἐγέννησεν τὸν Ἀράμ, Ἀρὰμ δὲ ἐγέννησεν τὸν Ἀμιναδάβ, Ἀμιναδὰβ δὲ ἐγέννησεν τὸν Ναασσών, Ναασσὼν δὲ ἐγέννησεν τὸν Σαλμών, Σαλμὼν δὲ ἐγέννησεν τὸν Βόες ἐκ τῆς Ῥαχάβ, Βόες δὲ ἐγέννησεν τὸν Ἰωβὴδ ἐκ τῆς Ῥούθ, Ἰωβὴδ δὲ ἐγέννησεν τὸν Ἰεσσαί, Ἰεσσαὶ δὲ ἐγέννησεν τὸν Δαυεὶδ τὸν βασιλέα.
```

Focus on these specific words:
```
δὲ Ἰούδας ἐγέννησεν
```

What is the gloss for these specific words in English?  Mark supplemental implicit words with *asterisks* in the gloss. Output the answer in JSON. 

Example output:
```json
{"gloss": "combined-words and *implicit words* example"}
```

Response:
```json
{"gloss": "and Judas begat"}
```

Answer:
and Judas begat

Processing verse 1 chunk 5
Prompt string:
Look at this verse:
```
Matthew 1:3: Ἀβραὰμ ἐγέννησεν τὸν Ἰσαάκ, Ἰσαὰκ δὲ ἐγέννησεν τὸν Ἰακώβ, Ἰακὼβ δὲ ἐγέννησεν τὸν Ἰούδαν καὶ τοὺς ἀδελφοὺς αὐτοῦ, Ἰούδας δὲ ἐγέννησεν τὸν Φαρὲς καὶ τὸν Ζαρὰ ἐκ τῆς Θάμαρ, Φαρὲς δὲ ἐγέννησεν τὸν Ἐσρώμ, Ἐσρὼμ δὲ ἐγέννησεν τὸν Ἀράμ, Ἀρὰμ δὲ ἐγέννησεν τὸν Ἀμιναδάβ, Ἀμιναδὰβ δὲ ἐγέννησεν τὸν Ναασσών, Ναασσὼν δὲ ἐγέννησεν τὸν Σαλμών, Σαλμὼν δὲ ἐγέννησεν τὸν Βόες ἐκ τῆς Ῥαχάβ, Βόες δὲ ἐγέννησεν τὸν Ἰωβὴδ ἐκ τῆς Ῥούθ, Ἰωβὴδ δὲ ἐγέννησεν τὸν Ἰεσσαί, Ἰεσσαὶ δὲ ἐγέννησεν τὸν Δαυεὶδ τὸν βασιλέα.
```

Focus on these specific words:
```
τὸν Φαρὲς καὶ τὸν Ζαρὰ
```

What is the gloss for these specific words in English?  Mark supplemental implicit words with *asterisks* in the gloss. Output the answer in JSON. 

Example output:
```json
{"gloss": "combined-words and *implicit words* example"}
```

Response:
```json
{"gloss": "*the* Pharez and *the* Zara"}
```

Answer:
*the* Pharez and *the* Zara

Processing verse 1 chunk 6
Prompt string:
Look at this verse:
```
Matthew 1:3: Ἀβραὰμ ἐγέννησεν τὸν Ἰσαάκ, Ἰσαὰκ δὲ ἐγέννησεν τὸν Ἰακώβ, Ἰακὼβ δὲ ἐγέννησεν τὸν Ἰούδαν καὶ τοὺς ἀδελφοὺς αὐτοῦ, Ἰούδας δὲ ἐγέννησεν τὸν Φαρὲς καὶ τὸν Ζαρὰ ἐκ τῆς Θάμαρ, Φαρὲς δὲ ἐγέννησεν τὸν Ἐσρώμ, Ἐσρὼμ δὲ ἐγέννησεν τὸν Ἀράμ, Ἀρὰμ δὲ ἐγέννησεν τὸν Ἀμιναδάβ, Ἀμιναδὰβ δὲ ἐγέννησεν τὸν Ναασσών, Ναασσὼν δὲ ἐγέννησεν τὸν Σαλμών, Σαλμὼν δὲ ἐγέννησεν τὸν Βόες ἐκ τῆς Ῥαχάβ, Βόες δὲ ἐγέννησεν τὸν Ἰωβὴδ ἐκ τῆς Ῥούθ, Ἰωβὴδ δὲ ἐγέννησεν τὸν Ἰεσσαί, Ἰεσσαὶ δὲ ἐγέννησεν τὸν Δαυεὶδ τὸν βασιλέα.
```

Focus on these specific words:
```
ἐκ τῆς Θάμαρ,
```

What is the gloss for these specific words in English?  Mark supplemental implicit words with *asterisks* in the gloss. Output the answer in JSON. 

Example output:
```json
{"gloss": "combined-words and *implicit words* example"}
```

Response:
```json
{"gloss": "from *the* Tamar"}
```

Answer:
from *the* Tamar

Processing verse 1 chunk 7
Prompt string:
Look at this verse:
```
Matthew 1:3: Ἀβραὰμ ἐγέννησεν τὸν Ἰσαάκ, Ἰσαὰκ δὲ ἐγέννησεν τὸν Ἰακώβ, Ἰακὼβ δὲ ἐγέννησεν τὸν Ἰούδαν καὶ τοὺς ἀδελφοὺς αὐτοῦ, Ἰούδας δὲ ἐγέννησεν τὸν Φαρὲς καὶ τὸν Ζαρὰ ἐκ τῆς Θάμαρ, Φαρὲς δὲ ἐγέννησεν τὸν Ἐσρώμ, Ἐσρὼμ δὲ ἐγέννησεν τὸν Ἀράμ, Ἀρὰμ δὲ ἐγέννησεν τὸν Ἀμιναδάβ, Ἀμιναδὰβ δὲ ἐγέννησεν τὸν Ναασσών, Ναασσὼν δὲ ἐγέννησεν τὸν Σαλμών, Σαλμὼν δὲ ἐγέννησεν τὸν Βόες ἐκ τῆς Ῥαχάβ, Βόες δὲ ἐγέννησεν τὸν Ἰωβὴδ ἐκ τῆς Ῥούθ, Ἰωβὴδ δὲ ἐγέννησεν τὸν Ἰεσσαί, Ἰεσσαὶ δὲ ἐγέννησεν τὸν Δαυεὶδ τὸν βασιλέα.
```

Focus on these specific words:
```
δὲ Φαρὲς ἐγέννησεν τὸν Ἐσρώμ,
```

What is the gloss for these specific words in English?  Mark supplemental implicit words with *asterisks* in the gloss. Output the answer in JSON. 

Example output:
```json
{"gloss": "combined-words and *implicit words* example"}
```

Response:
```json
{"gloss": "*And* Pharès fathered Esrom"}
```

Answer:
*And* Pharès fathered Esrom

Processing verse 1 chunk 8
Prompt string:
Look at this verse:
```
Matthew 1:3: Ἀβραὰμ ἐγέννησεν τὸν Ἰσαάκ, Ἰσαὰκ δὲ ἐγέννησεν τὸν Ἰακώβ, Ἰακὼβ δὲ ἐγέννησεν τὸν Ἰούδαν καὶ τοὺς ἀδελφοὺς αὐτοῦ, Ἰούδας δὲ ἐγέννησεν τὸν Φαρὲς καὶ τὸν Ζαρὰ ἐκ τῆς Θάμαρ, Φαρὲς δὲ ἐγέννησεν τὸν Ἐσρώμ, Ἐσρὼμ δὲ ἐγέννησεν τὸν Ἀράμ, Ἀρὰμ δὲ ἐγέννησεν τὸν Ἀμιναδάβ, Ἀμιναδὰβ δὲ ἐγέννησεν τὸν Ναασσών, Ναασσὼν δὲ ἐγέννησεν τὸν Σαλμών, Σαλμὼν δὲ ἐγέννησεν τὸν Βόες ἐκ τῆς Ῥαχάβ, Βόες δὲ ἐγέννησεν τὸν Ἰωβὴδ ἐκ τῆς Ῥούθ, Ἰωβὴδ δὲ ἐγέννησεν τὸν Ἰεσσαί, Ἰεσσαὶ δὲ ἐγέννησεν τὸν Δαυεὶδ τὸν βασιλέα.
```

Focus on these specific words:
```
δὲ Ἐσρὼμ ἐγέννησεν τὸν Ἀράμ,
```

What is the gloss for these specific words in English?  Mark supplemental implicit words with *asterisks* in the gloss. Output the answer in JSON. 

Example output:
```json
{"gloss": "combined-words and *implicit words* example"}
```

Response:
The Greek words "δὲ Ἐσρὼμ ἐγέννησεν τὸν Ἀράμ," can be glossed into English as "And Esrom begot *the* Aram,".

Here is your requested output in JSON:

```json
{"gloss": "And Esrom begot *the* Aram"}
```

Answer:
And Esrom begot *the* Aram

Processing verse 1 chunk 9
Prompt string:
Look at this verse:
```
Matthew 1:4: Ἀβραὰμ ἐγέννησεν τὸν Ἰσαάκ, Ἰσαὰκ δὲ ἐγέννησεν τὸν Ἰακώβ, Ἰακὼβ δὲ ἐγέννησεν τὸν Ἰούδαν καὶ τοὺς ἀδελφοὺς αὐτοῦ, Ἰούδας δὲ ἐγέννησεν τὸν Φαρὲς καὶ τὸν Ζαρὰ ἐκ τῆς Θάμαρ, Φαρὲς δὲ ἐγέννησεν τὸν Ἐσρώμ, Ἐσρὼμ δὲ ἐγέννησεν τὸν Ἀράμ, Ἀρὰμ δὲ ἐγέννησεν τὸν Ἀμιναδάβ, Ἀμιναδὰβ δὲ ἐγέννησεν τὸν Ναασσών, Ναασσὼν δὲ ἐγέννησεν τὸν Σαλμών, Σαλμὼν δὲ ἐγέννησεν τὸν Βόες ἐκ τῆς Ῥαχάβ, Βόες δὲ ἐγέννησεν τὸν Ἰωβὴδ ἐκ τῆς Ῥούθ, Ἰωβὴδ δὲ ἐγέννησεν τὸν Ἰεσσαί, Ἰεσσαὶ δὲ ἐγέννησεν τὸν Δαυεὶδ τὸν βασιλέα.
```

Focus on these specific words:
```
δὲ Ἀρὰμ ἐγέννησεν τὸν Ἀμιναδάβ,
```

What is the gloss for these specific words in English?  Mark supplemental implicit words with *asterisks* in the gloss. Output the answer in JSON. 

Example output:
```json
{"gloss": "combined-words and *implicit words* example"}
```

Response:
```json
{"gloss": "and Aram begot *the* Aminadab"}
```

Answer:
and Aram begot *the* Aminadab

Processing verse 1 chunk 10
Prompt string:
Look at this verse:
```
Matthew 1:4: Ἀβραὰμ ἐγέννησεν τὸν Ἰσαάκ, Ἰσαὰκ δὲ ἐγέννησεν τὸν Ἰακώβ, Ἰακὼβ δὲ ἐγέννησεν τὸν Ἰούδαν καὶ τοὺς ἀδελφοὺς αὐτοῦ, Ἰούδας δὲ ἐγέννησεν τὸν Φαρὲς καὶ τὸν Ζαρὰ ἐκ τῆς Θάμαρ, Φαρὲς δὲ ἐγέννησεν τὸν Ἐσρώμ, Ἐσρὼμ δὲ ἐγέννησεν τὸν Ἀράμ, Ἀρὰμ δὲ ἐγέννησεν τὸν Ἀμιναδάβ, Ἀμιναδὰβ δὲ ἐγέννησεν τὸν Ναασσών, Ναασσὼν δὲ ἐγέννησεν τὸν Σαλμών, Σαλμὼν δὲ ἐγέννησεν τὸν Βόες ἐκ τῆς Ῥαχάβ, Βόες δὲ ἐγέννησεν τὸν Ἰωβὴδ ἐκ τῆς Ῥούθ, Ἰωβὴδ δὲ ἐγέννησεν τὸν Ἰεσσαί, Ἰεσσαὶ δὲ ἐγέννησεν τὸν Δαυεὶδ τὸν βασιλέα.
```

Focus on these specific words:
```
δὲ Ἀμιναδὰβ ἐγέννησεν τὸν Ναασσών,
```

What is the gloss for these specific words in English?  Mark supplemental implicit words with *asterisks* in the gloss. Output the answer in JSON. 

Example output:
```json
{"gloss": "combined-words and *implicit words* example"}
```

Response:
```json
{"gloss": "and Aminadab begat *the* Nahshon,"}
```

Answer:
and Aminadab begat *the* Nahshon,

Processing verse 1 chunk 11
Prompt string:
Look at this verse:
```
Matthew 1:4: Ἀβραὰμ ἐγέννησεν τὸν Ἰσαάκ, Ἰσαὰκ δὲ ἐγέννησεν τὸν Ἰακώβ, Ἰακὼβ δὲ ἐγέννησεν τὸν Ἰούδαν καὶ τοὺς ἀδελφοὺς αὐτοῦ, Ἰούδας δὲ ἐγέννησεν τὸν Φαρὲς καὶ τὸν Ζαρὰ ἐκ τῆς Θάμαρ, Φαρὲς δὲ ἐγέννησεν τὸν Ἐσρώμ, Ἐσρὼμ δὲ ἐγέννησεν τὸν Ἀράμ, Ἀρὰμ δὲ ἐγέννησεν τὸν Ἀμιναδάβ, Ἀμιναδὰβ δὲ ἐγέννησεν τὸν Ναασσών, Ναασσὼν δὲ ἐγέννησεν τὸν Σαλμών, Σαλμὼν δὲ ἐγέννησεν τὸν Βόες ἐκ τῆς Ῥαχάβ, Βόες δὲ ἐγέννησεν τὸν Ἰωβὴδ ἐκ τῆς Ῥούθ, Ἰωβὴδ δὲ ἐγέννησεν τὸν Ἰεσσαί, Ἰεσσαὶ δὲ ἐγέννησεν τὸν Δαυεὶδ τὸν βασιλέα.
```

Focus on these specific words:
```
δὲ Ναασσὼν ἐγέννησεν τὸν Σαλμών,
```

What is the gloss for these specific words in English?  Mark supplemental implicit words with *asterisks* in the gloss. Output the answer in JSON. 

Example output:
```json
{"gloss": "combined-words and *implicit words* example"}
```

Response:
```json
{"gloss": "and Naasson begat Salmon"}
```

Answer:
and Naasson begat Salmon

Processing verse 1 chunk 12
Prompt string:
Look at this verse:
```
Matthew 1:5: Ἀβραὰμ ἐγέννησεν τὸν Ἰσαάκ, Ἰσαὰκ δὲ ἐγέννησεν τὸν Ἰακώβ, Ἰακὼβ δὲ ἐγέννησεν τὸν Ἰούδαν καὶ τοὺς ἀδελφοὺς αὐτοῦ, Ἰούδας δὲ ἐγέννησεν τὸν Φαρὲς καὶ τὸν Ζαρὰ ἐκ τῆς Θάμαρ, Φαρὲς δὲ ἐγέννησεν τὸν Ἐσρώμ, Ἐσρὼμ δὲ ἐγέννησεν τὸν Ἀράμ, Ἀρὰμ δὲ ἐγέννησεν τὸν Ἀμιναδάβ, Ἀμιναδὰβ δὲ ἐγέννησεν τὸν Ναασσών, Ναασσὼν δὲ ἐγέννησεν τὸν Σαλμών, Σαλμὼν δὲ ἐγέννησεν τὸν Βόες ἐκ τῆς Ῥαχάβ, Βόες δὲ ἐγέννησεν τὸν Ἰωβὴδ ἐκ τῆς Ῥούθ, Ἰωβὴδ δὲ ἐγέννησεν τὸν Ἰεσσαί, Ἰεσσαὶ δὲ ἐγέννησεν τὸν Δαυεὶδ τὸν βασιλέα.
```

Focus on these specific words:
```
δὲ Σαλμὼν ἐγέννησεν τὸν Βόες
```

What is the gloss for these specific words in English?  Mark supplemental implicit words with *asterisks* in the gloss. Output the answer in JSON. 

Example output:
```json
{"gloss": "combined-words and *implicit words* example"}
```

Response:
The Greek phrase "δὲ Σαλμὼν ἐγέννησεν τὸν Βόες" translates to "And Salmon begot Boaz" in English. The word "δὲ" means "and", "Σαλμὼν" translates to "Salmon", "ἐγέννησεν" means "begot" or "became the father of", and "τὸν Βόες" is "Boaz". Here is the JSON output:

```json
{"gloss": "And Salmon *begot* Boaz"}
```

Answer:
And Salmon *begot* Boaz

Processing verse 1 chunk 13
Prompt string:
Look at this verse:
```
Matthew 1:5: Ἀβραὰμ ἐγέννησεν τὸν Ἰσαάκ, Ἰσαὰκ δὲ ἐγέννησεν τὸν Ἰακώβ, Ἰακὼβ δὲ ἐγέννησεν τὸν Ἰούδαν καὶ τοὺς ἀδελφοὺς αὐτοῦ, Ἰούδας δὲ ἐγέννησεν τὸν Φαρὲς καὶ τὸν Ζαρὰ ἐκ τῆς Θάμαρ, Φαρὲς δὲ ἐγέννησεν τὸν Ἐσρώμ, Ἐσρὼμ δὲ ἐγέννησεν τὸν Ἀράμ, Ἀρὰμ δὲ ἐγέννησεν τὸν Ἀμιναδάβ, Ἀμιναδὰβ δὲ ἐγέννησεν τὸν Ναασσών, Ναασσὼν δὲ ἐγέννησεν τὸν Σαλμών, Σαλμὼν δὲ ἐγέννησεν τὸν Βόες ἐκ τῆς Ῥαχάβ, Βόες δὲ ἐγέννησεν τὸν Ἰωβὴδ ἐκ τῆς Ῥούθ, Ἰωβὴδ δὲ ἐγέννησεν τὸν Ἰεσσαί, Ἰεσσαὶ δὲ ἐγέννησεν τὸν Δαυεὶδ τὸν βασιλέα.
```

Focus on these specific words:
```
ἐκ τῆς Ῥαχάβ,
```

What is the gloss for these specific words in English?  Mark supplemental implicit words with *asterisks* in the gloss. Output the answer in JSON. 

Example output:
```json
{"gloss": "combined-words and *implicit words* example"}
```

Response:
```json
{"gloss": "from *the* Rahab"}
```

Answer:
from *the* Rahab

Processing verse 1 chunk 14
Prompt string:
Look at this verse:
```
Matthew 1:5: Ἀβραὰμ ἐγέννησεν τὸν Ἰσαάκ, Ἰσαὰκ δὲ ἐγέννησεν τὸν Ἰακώβ, Ἰακὼβ δὲ ἐγέννησεν τὸν Ἰούδαν καὶ τοὺς ἀδελφοὺς αὐτοῦ, Ἰούδας δὲ ἐγέννησεν τὸν Φαρὲς καὶ τὸν Ζαρὰ ἐκ τῆς Θάμαρ, Φαρὲς δὲ ἐγέννησεν τὸν Ἐσρώμ, Ἐσρὼμ δὲ ἐγέννησεν τὸν Ἀράμ, Ἀρὰμ δὲ ἐγέννησεν τὸν Ἀμιναδάβ, Ἀμιναδὰβ δὲ ἐγέννησεν τὸν Ναασσών, Ναασσὼν δὲ ἐγέννησεν τὸν Σαλμών, Σαλμὼν δὲ ἐγέννησεν τὸν Βόες ἐκ τῆς Ῥαχάβ, Βόες δὲ ἐγέννησεν τὸν Ἰωβὴδ ἐκ τῆς Ῥούθ, Ἰωβὴδ δὲ ἐγέννησεν τὸν Ἰεσσαί, Ἰεσσαὶ δὲ ἐγέννησεν τὸν Δαυεὶδ τὸν βασιλέα.
```

Focus on these specific words:
```
δὲ Βόες ἐγέννησεν τὸν Ἰωβὴδ
```

What is the gloss for these specific words in English?  Mark supplemental implicit words with *asterisks* in the gloss. Output the answer in JSON. 

Example output:
```json
{"gloss": "combined-words and *implicit words* example"}
```

Response:
```json
{"gloss": "and Boaz begot Obed"}
```

Answer:
and Boaz begot Obed

Processing verse 1 chunk 15
Prompt string:
Look at this verse:
```
Matthew 1:5: Ἀβραὰμ ἐγέννησεν τὸν Ἰσαάκ, Ἰσαὰκ δὲ ἐγέννησεν τὸν Ἰακώβ, Ἰακὼβ δὲ ἐγέννησεν τὸν Ἰούδαν καὶ τοὺς ἀδελφοὺς αὐτοῦ, Ἰούδας δὲ ἐγέννησεν τὸν Φαρὲς καὶ τὸν Ζαρὰ ἐκ τῆς Θάμαρ, Φαρὲς δὲ ἐγέννησεν τὸν Ἐσρώμ, Ἐσρὼμ δὲ ἐγέννησεν τὸν Ἀράμ, Ἀρὰμ δὲ ἐγέννησεν τὸν Ἀμιναδάβ, Ἀμιναδὰβ δὲ ἐγέννησεν τὸν Ναασσών, Ναασσὼν δὲ ἐγέννησεν τὸν Σαλμών, Σαλμὼν δὲ ἐγέννησεν τὸν Βόες ἐκ τῆς Ῥαχάβ, Βόες δὲ ἐγέννησεν τὸν Ἰωβὴδ ἐκ τῆς Ῥούθ, Ἰωβὴδ δὲ ἐγέννησεν τὸν Ἰεσσαί, Ἰεσσαὶ δὲ ἐγέννησεν τὸν Δαυεὶδ τὸν βασιλέα.
```

Focus on these specific words:
```
ἐκ τῆς Ῥούθ,
```

What is the gloss for these specific words in English?  Mark supplemental implicit words with *asterisks* in the gloss. Output the answer in JSON. 

Example output:
```json
{"gloss": "combined-words and *implicit words* example"}
```

Response:
The Greek phrase "ἐκ τῆς Ῥούθ" translates into English as "from Ruth". It refers to the lineage or origin from the biblical character Ruth.

Here's a JSON representation:

```json
{"gloss": "from *the* Ruth"}
```

Answer:
from *the* Ruth

Processing verse 1 chunk 16
Prompt string:
Look at this verse:
```
Matthew 1:5: Ἀβραὰμ ἐγέννησεν τὸν Ἰσαάκ, Ἰσαὰκ δὲ ἐγέννησεν τὸν Ἰακώβ, Ἰακὼβ δὲ ἐγέννησεν τὸν Ἰούδαν καὶ τοὺς ἀδελφοὺς αὐτοῦ, Ἰούδας δὲ ἐγέννησεν τὸν Φαρὲς καὶ τὸν Ζαρὰ ἐκ τῆς Θάμαρ, Φαρὲς δὲ ἐγέννησεν τὸν Ἐσρώμ, Ἐσρὼμ δὲ ἐγέννησεν τὸν Ἀράμ, Ἀρὰμ δὲ ἐγέννησεν τὸν Ἀμιναδάβ, Ἀμιναδὰβ δὲ ἐγέννησεν τὸν Ναασσών, Ναασσὼν δὲ ἐγέννησεν τὸν Σαλμών, Σαλμὼν δὲ ἐγέννησεν τὸν Βόες ἐκ τῆς Ῥαχάβ, Βόες δὲ ἐγέννησεν τὸν Ἰωβὴδ ἐκ τῆς Ῥούθ, Ἰωβὴδ δὲ ἐγέννησεν τὸν Ἰεσσαί, Ἰεσσαὶ δὲ ἐγέννησεν τὸν Δαυεὶδ τὸν βασιλέα.
```

Focus on these specific words:
```
δὲ Ἰωβὴδ ἐγέννησεν τὸν Ἰεσσαί,
```

What is the gloss for these specific words in English?  Mark supplemental implicit words with *asterisks* in the gloss. Output the answer in JSON. 

Example output:
```json
{"gloss": "combined-words and *implicit words* example"}
```

Response:
```json
{"gloss": "and Jobed begat *the* Jesse"}
```

Answer:
and Jobed begat *the* Jesse

Processing verse 1 chunk 17
Prompt string:
Look at this verse:
```
Matthew 1:6: Ἀβραὰμ ἐγέννησεν τὸν Ἰσαάκ, Ἰσαὰκ δὲ ἐγέννησεν τὸν Ἰακώβ, Ἰακὼβ δὲ ἐγέννησεν τὸν Ἰούδαν καὶ τοὺς ἀδελφοὺς αὐτοῦ, Ἰούδας δὲ ἐγέννησεν τὸν Φαρὲς καὶ τὸν Ζαρὰ ἐκ τῆς Θάμαρ, Φαρὲς δὲ ἐγέννησεν τὸν Ἐσρώμ, Ἐσρὼμ δὲ ἐγέννησεν τὸν Ἀράμ, Ἀρὰμ δὲ ἐγέννησεν τὸν Ἀμιναδάβ, Ἀμιναδὰβ δὲ ἐγέννησεν τὸν Ναασσών, Ναασσὼν δὲ ἐγέννησεν τὸν Σαλμών, Σαλμὼν δὲ ἐγέννησεν τὸν Βόες ἐκ τῆς Ῥαχάβ, Βόες δὲ ἐγέννησεν τὸν Ἰωβὴδ ἐκ τῆς Ῥούθ, Ἰωβὴδ δὲ ἐγέννησεν τὸν Ἰεσσαί, Ἰεσσαὶ δὲ ἐγέννησεν τὸν Δαυεὶδ τὸν βασιλέα.
```

Focus on these specific words:
```
δὲ Ἰεσσαὶ ἐγέννησεν
```

What is the gloss for these specific words in English?  Mark supplemental implicit words with *asterisks* in the gloss. Output the answer in JSON. 

Example output:
```json
{"gloss": "combined-words and *implicit words* example"}
```

Response:
```json
{"gloss": "and Jesse begot"}
```

Answer:
and Jesse begot

Processing verse 1 chunk 18
Prompt string:
Look at this verse:
```
Matthew 1:6: Ἀβραὰμ ἐγέννησεν τὸν Ἰσαάκ, Ἰσαὰκ δὲ ἐγέννησεν τὸν Ἰακώβ, Ἰακὼβ δὲ ἐγέννησεν τὸν Ἰούδαν καὶ τοὺς ἀδελφοὺς αὐτοῦ, Ἰούδας δὲ ἐγέννησεν τὸν Φαρὲς καὶ τὸν Ζαρὰ ἐκ τῆς Θάμαρ, Φαρὲς δὲ ἐγέννησεν τὸν Ἐσρώμ, Ἐσρὼμ δὲ ἐγέννησεν τὸν Ἀράμ, Ἀρὰμ δὲ ἐγέννησεν τὸν Ἀμιναδάβ, Ἀμιναδὰβ δὲ ἐγέννησεν τὸν Ναασσών, Ναασσὼν δὲ ἐγέννησεν τὸν Σαλμών, Σαλμὼν δὲ ἐγέννησεν τὸν Βόες ἐκ τῆς Ῥαχάβ, Βόες δὲ ἐγέννησεν τὸν Ἰωβὴδ ἐκ τῆς Ῥούθ, Ἰωβὴδ δὲ ἐγέννησεν τὸν Ἰεσσαί, Ἰεσσαὶ δὲ ἐγέννησεν τὸν Δαυεὶδ τὸν βασιλέα.
```

Focus on these specific words:
```
τὸν Δαυεὶδ τὸν βασιλέα.
```

What is the gloss for these specific words in English?  Mark supplemental implicit words with *asterisks* in the gloss. Output the answer in JSON. 

Example output:
```json
{"gloss": "combined-words and *implicit words* example"}
```

Response:
```json
{"gloss": "*the* David *the* king"}
```

Answer:
*the* David *the* king

Processing verse 2 chunk 0
Prompt string:
Look at this verse:
```
Matthew 1:6: Δαυεὶδ δὲ ἐγέννησεν τὸν Σολομῶνα ἐκ τῆς τοῦ Οὐρίου, Σολομὼν δὲ ἐγέννησεν τὸν Ῥοβοάμ, Ῥοβοὰμ δὲ ἐγέννησεν τὸν Ἀβιά, Ἀβιὰ δὲ ἐγέννησεν τὸν Ἀσάφ, Ἀσὰφ δὲ ἐγέννησεν τὸν Ἰωσαφάτ, Ἰωσαφὰτ δὲ ἐγέννησεν τὸν Ἰωράμ, Ἰωρὰμ δὲ ἐγέννησεν τὸν Ὀζείαν, Ὀζείας δὲ ἐγέννησεν τὸν Ἰωαθάμ, Ἰωαθὰμ δὲ ἐγέννησεν τὸν Ἄχαζ, Ἄχαζ δὲ ἐγέννησεν τὸν Ἐζεκίαν, Ἐζεκίας δὲ ἐγέννησεν τὸν Μανασσῆ, Μανασσῆς δὲ ἐγέννησεν τὸν Ἀμώς, Ἀμὼς δὲ ἐγέννησεν τὸν Ἰωσείαν, Ἰωσείας δὲ ἐγέννησεν τὸν Ἰεχονίαν καὶ τοὺς ἀδελφοὺς αὐτοῦ ἐπὶ τῆς μετοικεσίας Βαβυλῶνος.
```

Focus on these specific words:
```
δὲ Δαυεὶδ ἐγέννησεν τὸν Σολομῶνα
```

What is the gloss for these specific words in English?  Mark supplemental implicit words with *asterisks* in the gloss. Output the answer in JSON. 

Example output:
```json
{"gloss": "combined-words and *implicit words* example"}
```

Response:
```json
{"gloss": "and *David* begot Solomon"}
```

Answer:
and *David* begot Solomon

Processing verse 2 chunk 1
Prompt string:
Look at this verse:
```
Matthew 1:6: Δαυεὶδ δὲ ἐγέννησεν τὸν Σολομῶνα ἐκ τῆς τοῦ Οὐρίου, Σολομὼν δὲ ἐγέννησεν τὸν Ῥοβοάμ, Ῥοβοὰμ δὲ ἐγέννησεν τὸν Ἀβιά, Ἀβιὰ δὲ ἐγέννησεν τὸν Ἀσάφ, Ἀσὰφ δὲ ἐγέννησεν τὸν Ἰωσαφάτ, Ἰωσαφὰτ δὲ ἐγέννησεν τὸν Ἰωράμ, Ἰωρὰμ δὲ ἐγέννησεν τὸν Ὀζείαν, Ὀζείας δὲ ἐγέννησεν τὸν Ἰωαθάμ, Ἰωαθὰμ δὲ ἐγέννησεν τὸν Ἄχαζ, Ἄχαζ δὲ ἐγέννησεν τὸν Ἐζεκίαν, Ἐζεκίας δὲ ἐγέννησεν τὸν Μανασσῆ, Μανασσῆς δὲ ἐγέννησεν τὸν Ἀμώς, Ἀμὼς δὲ ἐγέννησεν τὸν Ἰωσείαν, Ἰωσείας δὲ ἐγέννησεν τὸν Ἰεχονίαν καὶ τοὺς ἀδελφοὺς αὐτοῦ ἐπὶ τῆς μετοικεσίας Βαβυλῶνος.
```

Focus on these specific words:
```
ἐκ τῆς τοῦ Οὐρίου,
```

What is the gloss for these specific words in English?  Mark supplemental implicit words with *asterisks* in the gloss. Output the answer in JSON. 

Example output:
```json
{"gloss": "combined-words and *implicit words* example"}
```

Response:
```json
{"gloss": "from *the wife of* Uriah"}
```

Answer:
from *the wife of* Uriah

Processing verse 2 chunk 2
Prompt string:
Look at this verse:
```
Matthew 1:7: Δαυεὶδ δὲ ἐγέννησεν τὸν Σολομῶνα ἐκ τῆς τοῦ Οὐρίου, Σολομὼν δὲ ἐγέννησεν τὸν Ῥοβοάμ, Ῥοβοὰμ δὲ ἐγέννησεν τὸν Ἀβιά, Ἀβιὰ δὲ ἐγέννησεν τὸν Ἀσάφ, Ἀσὰφ δὲ ἐγέννησεν τὸν Ἰωσαφάτ, Ἰωσαφὰτ δὲ ἐγέννησεν τὸν Ἰωράμ, Ἰωρὰμ δὲ ἐγέννησεν τὸν Ὀζείαν, Ὀζείας δὲ ἐγέννησεν τὸν Ἰωαθάμ, Ἰωαθὰμ δὲ ἐγέννησεν τὸν Ἄχαζ, Ἄχαζ δὲ ἐγέννησεν τὸν Ἐζεκίαν, Ἐζεκίας δὲ ἐγέννησεν τὸν Μανασσῆ, Μανασσῆς δὲ ἐγέννησεν τὸν Ἀμώς, Ἀμὼς δὲ ἐγέννησεν τὸν Ἰωσείαν, Ἰωσείας δὲ ἐγέννησεν τὸν Ἰεχονίαν καὶ τοὺς ἀδελφοὺς αὐτοῦ ἐπὶ τῆς μετοικεσίας Βαβυλῶνος.
```

Focus on these specific words:
```
δὲ Σολομὼν ἐγέννησεν τὸν Ῥοβοάμ,
```

What is the gloss for these specific words in English?  Mark supplemental implicit words with *asterisks* in the gloss. Output the answer in JSON. 

Example output:
```json
{"gloss": "combined-words and *implicit words* example"}
```

Response:
```json
{"gloss": "and Solomon *begat* Rehoboam,"}
```

Answer:
and Solomon *begat* Rehoboam,

Processing verse 2 chunk 3
Prompt string:
Look at this verse:
```
Matthew 1:7: Δαυεὶδ δὲ ἐγέννησεν τὸν Σολομῶνα ἐκ τῆς τοῦ Οὐρίου, Σολομὼν δὲ ἐγέννησεν τὸν Ῥοβοάμ, Ῥοβοὰμ δὲ ἐγέννησεν τὸν Ἀβιά, Ἀβιὰ δὲ ἐγέννησεν τὸν Ἀσάφ, Ἀσὰφ δὲ ἐγέννησεν τὸν Ἰωσαφάτ, Ἰωσαφὰτ δὲ ἐγέννησεν τὸν Ἰωράμ, Ἰωρὰμ δὲ ἐγέννησεν τὸν Ὀζείαν, Ὀζείας δὲ ἐγέννησεν τὸν Ἰωαθάμ, Ἰωαθὰμ δὲ ἐγέννησεν τὸν Ἄχαζ, Ἄχαζ δὲ ἐγέννησεν τὸν Ἐζεκίαν, Ἐζεκίας δὲ ἐγέννησεν τὸν Μανασσῆ, Μανασσῆς δὲ ἐγέννησεν τὸν Ἀμώς, Ἀμὼς δὲ ἐγέννησεν τὸν Ἰωσείαν, Ἰωσείας δὲ ἐγέννησεν τὸν Ἰεχονίαν καὶ τοὺς ἀδελφοὺς αὐτοῦ ἐπὶ τῆς μετοικεσίας Βαβυλῶνος.
```

Focus on these specific words:
```
δὲ Ῥοβοὰμ ἐγέννησεν τὸν Ἀβιά,
```

What is the gloss for these specific words in English?  Mark supplemental implicit words with *asterisks* in the gloss. Output the answer in JSON. 

Example output:
```json
{"gloss": "combined-words and *implicit words* example"}
```

Response:
```json
{"gloss": "And Roboam begat Abia"}
```

Answer:
And Roboam begat Abia

Processing verse 2 chunk 4
Prompt string:
Look at this verse:
```
Matthew 1:7: Δαυεὶδ δὲ ἐγέννησεν τὸν Σολομῶνα ἐκ τῆς τοῦ Οὐρίου, Σολομὼν δὲ ἐγέννησεν τὸν Ῥοβοάμ, Ῥοβοὰμ δὲ ἐγέννησεν τὸν Ἀβιά, Ἀβιὰ δὲ ἐγέννησεν τὸν Ἀσάφ, Ἀσὰφ δὲ ἐγέννησεν τὸν Ἰωσαφάτ, Ἰωσαφὰτ δὲ ἐγέννησεν τὸν Ἰωράμ, Ἰωρὰμ δὲ ἐγέννησεν τὸν Ὀζείαν, Ὀζείας δὲ ἐγέννησεν τὸν Ἰωαθάμ, Ἰωαθὰμ δὲ ἐγέννησεν τὸν Ἄχαζ, Ἄχαζ δὲ ἐγέννησεν τὸν Ἐζεκίαν, Ἐζεκίας δὲ ἐγέννησεν τὸν Μανασσῆ, Μανασσῆς δὲ ἐγέννησεν τὸν Ἀμώς, Ἀμὼς δὲ ἐγέννησεν τὸν Ἰωσείαν, Ἰωσείας δὲ ἐγέννησεν τὸν Ἰεχονίαν καὶ τοὺς ἀδελφοὺς αὐτοῦ ἐπὶ τῆς μετοικεσίας Βαβυλῶνος.
```

Focus on these specific words:
```
δὲ Ἀβιὰ ἐγέννησεν τὸν Ἀσάφ,
```

What is the gloss for these specific words in English?  Mark supplemental implicit words with *asterisks* in the gloss. Output the answer in JSON. 

Example output:
```json
{"gloss": "combined-words and *implicit words* example"}
```

Response:
```json
{"gloss": "and Abijah begat *the* Asaph"}
```

Answer:
and Abijah begat *the* Asaph

Processing verse 2 chunk 5
Prompt string:
Look at this verse:
```
Matthew 1:8: Δαυεὶδ δὲ ἐγέννησεν τὸν Σολομῶνα ἐκ τῆς τοῦ Οὐρίου, Σολομὼν δὲ ἐγέννησεν τὸν Ῥοβοάμ, Ῥοβοὰμ δὲ ἐγέννησεν τὸν Ἀβιά, Ἀβιὰ δὲ ἐγέννησεν τὸν Ἀσάφ, Ἀσὰφ δὲ ἐγέννησεν τὸν Ἰωσαφάτ, Ἰωσαφὰτ δὲ ἐγέννησεν τὸν Ἰωράμ, Ἰωρὰμ δὲ ἐγέννησεν τὸν Ὀζείαν, Ὀζείας δὲ ἐγέννησεν τὸν Ἰωαθάμ, Ἰωαθὰμ δὲ ἐγέννησεν τὸν Ἄχαζ, Ἄχαζ δὲ ἐγέννησεν τὸν Ἐζεκίαν, Ἐζεκίας δὲ ἐγέννησεν τὸν Μανασσῆ, Μανασσῆς δὲ ἐγέννησεν τὸν Ἀμώς, Ἀμὼς δὲ ἐγέννησεν τὸν Ἰωσείαν, Ἰωσείας δὲ ἐγέννησεν τὸν Ἰεχονίαν καὶ τοὺς ἀδελφοὺς αὐτοῦ ἐπὶ τῆς μετοικεσίας Βαβυλῶνος.
```

Focus on these specific words:
```
δὲ Ἀσὰφ ἐγέννησεν τὸν Ἰωσαφάτ,
```

What is the gloss for these specific words in English?  Mark supplemental implicit words with *asterisks* in the gloss. Output the answer in JSON. 

Example output:
```json
{"gloss": "combined-words and *implicit words* example"}
```

Response:
```json
{"gloss": "And Asaph *fathered* Jehoshaphat"}
```

Answer:
And Asaph *fathered* Jehoshaphat

Processing verse 2 chunk 6
Prompt string:
Look at this verse:
```
Matthew 1:8: Δαυεὶδ δὲ ἐγέννησεν τὸν Σολομῶνα ἐκ τῆς τοῦ Οὐρίου, Σολομὼν δὲ ἐγέννησεν τὸν Ῥοβοάμ, Ῥοβοὰμ δὲ ἐγέννησεν τὸν Ἀβιά, Ἀβιὰ δὲ ἐγέννησεν τὸν Ἀσάφ, Ἀσὰφ δὲ ἐγέννησεν τὸν Ἰωσαφάτ, Ἰωσαφὰτ δὲ ἐγέννησεν τὸν Ἰωράμ, Ἰωρὰμ δὲ ἐγέννησεν τὸν Ὀζείαν, Ὀζείας δὲ ἐγέννησεν τὸν Ἰωαθάμ, Ἰωαθὰμ δὲ ἐγέννησεν τὸν Ἄχαζ, Ἄχαζ δὲ ἐγέννησεν τὸν Ἐζεκίαν, Ἐζεκίας δὲ ἐγέννησεν τὸν Μανασσῆ, Μανασσῆς δὲ ἐγέννησεν τὸν Ἀμώς, Ἀμὼς δὲ ἐγέννησεν τὸν Ἰωσείαν, Ἰωσείας δὲ ἐγέννησεν τὸν Ἰεχονίαν καὶ τοὺς ἀδελφοὺς αὐτοῦ ἐπὶ τῆς μετοικεσίας Βαβυλῶνος.
```

Focus on these specific words:
```
δὲ Ἰωσαφὰτ ἐγέννησεν τὸν Ἰωράμ,
```

What is the gloss for these specific words in English?  Mark supplemental implicit words with *asterisks* in the gloss. Output the answer in JSON. 

Example output:
```json
{"gloss": "combined-words and *implicit words* example"}
```

Response:
```json
{"gloss": "and Josaphat begat *his son* Joram,"}
```

Answer:
and Josaphat begat *his son* Joram,

Processing verse 2 chunk 7
Prompt string:
Look at this verse:
```
Matthew 1:8: Δαυεὶδ δὲ ἐγέννησεν τὸν Σολομῶνα ἐκ τῆς τοῦ Οὐρίου, Σολομὼν δὲ ἐγέννησεν τὸν Ῥοβοάμ, Ῥοβοὰμ δὲ ἐγέννησεν τὸν Ἀβιά, Ἀβιὰ δὲ ἐγέννησεν τὸν Ἀσάφ, Ἀσὰφ δὲ ἐγέννησεν τὸν Ἰωσαφάτ, Ἰωσαφὰτ δὲ ἐγέννησεν τὸν Ἰωράμ, Ἰωρὰμ δὲ ἐγέννησεν τὸν Ὀζείαν, Ὀζείας δὲ ἐγέννησεν τὸν Ἰωαθάμ, Ἰωαθὰμ δὲ ἐγέννησεν τὸν Ἄχαζ, Ἄχαζ δὲ ἐγέννησεν τὸν Ἐζεκίαν, Ἐζεκίας δὲ ἐγέννησεν τὸν Μανασσῆ, Μανασσῆς δὲ ἐγέννησεν τὸν Ἀμώς, Ἀμὼς δὲ ἐγέννησεν τὸν Ἰωσείαν, Ἰωσείας δὲ ἐγέννησεν τὸν Ἰεχονίαν καὶ τοὺς ἀδελφοὺς αὐτοῦ ἐπὶ τῆς μετοικεσίας Βαβυλῶνος.
```

Focus on these specific words:
```
δὲ Ἰωρὰμ ἐγέννησεν τὸν Ὀζείαν,
```

What is the gloss for these specific words in English?  Mark supplemental implicit words with *asterisks* in the gloss. Output the answer in JSON. 

Example output:
```json
{"gloss": "combined-words and *implicit words* example"}
```

Response:
```json
{"gloss": "and Joram begot Ozias"}
```

Answer:
and Joram begot Ozias

Processing verse 2 chunk 8
Prompt string:
Look at this verse:
```
Matthew 1:9: Δαυεὶδ δὲ ἐγέννησεν τὸν Σολομῶνα ἐκ τῆς τοῦ Οὐρίου, Σολομὼν δὲ ἐγέννησεν τὸν Ῥοβοάμ, Ῥοβοὰμ δὲ ἐγέννησεν τὸν Ἀβιά, Ἀβιὰ δὲ ἐγέννησεν τὸν Ἀσάφ, Ἀσὰφ δὲ ἐγέννησεν τὸν Ἰωσαφάτ, Ἰωσαφὰτ δὲ ἐγέννησεν τὸν Ἰωράμ, Ἰωρὰμ δὲ ἐγέννησεν τὸν Ὀζείαν, Ὀζείας δὲ ἐγέννησεν τὸν Ἰωαθάμ, Ἰωαθὰμ δὲ ἐγέννησεν τὸν Ἄχαζ, Ἄχαζ δὲ ἐγέννησεν τὸν Ἐζεκίαν, Ἐζεκίας δὲ ἐγέννησεν τὸν Μανασσῆ, Μανασσῆς δὲ ἐγέννησεν τὸν Ἀμώς, Ἀμὼς δὲ ἐγέννησεν τὸν Ἰωσείαν, Ἰωσείας δὲ ἐγέννησεν τὸν Ἰεχονίαν καὶ τοὺς ἀδελφοὺς αὐτοῦ ἐπὶ τῆς μετοικεσίας Βαβυλῶνος.
```

Focus on these specific words:
```
δὲ Ὀζείας ἐγέννησεν τὸν Ἰωαθάμ,
```

What is the gloss for these specific words in English?  Mark supplemental implicit words with *asterisks* in the gloss. Output the answer in JSON. 

Example output:
```json
{"gloss": "combined-words and *implicit words* example"}
```

Response:
```json
{"gloss": "and Ozias begat *the* Joatham"}
```

Answer:
and Ozias begat *the* Joatham

Processing verse 2 chunk 9
Prompt string:
Look at this verse:
```
Matthew 1:9: Δαυεὶδ δὲ ἐγέννησεν τὸν Σολομῶνα ἐκ τῆς τοῦ Οὐρίου, Σολομὼν δὲ ἐγέννησεν τὸν Ῥοβοάμ, Ῥοβοὰμ δὲ ἐγέννησεν τὸν Ἀβιά, Ἀβιὰ δὲ ἐγέννησεν τὸν Ἀσάφ, Ἀσὰφ δὲ ἐγέννησεν τὸν Ἰωσαφάτ, Ἰωσαφὰτ δὲ ἐγέννησεν τὸν Ἰωράμ, Ἰωρὰμ δὲ ἐγέννησεν τὸν Ὀζείαν, Ὀζείας δὲ ἐγέννησεν τὸν Ἰωαθάμ, Ἰωαθὰμ δὲ ἐγέννησεν τὸν Ἄχαζ, Ἄχαζ δὲ ἐγέννησεν τὸν Ἐζεκίαν, Ἐζεκίας δὲ ἐγέννησεν τὸν Μανασσῆ, Μανασσῆς δὲ ἐγέννησεν τὸν Ἀμώς, Ἀμὼς δὲ ἐγέννησεν τὸν Ἰωσείαν, Ἰωσείας δὲ ἐγέννησεν τὸν Ἰεχονίαν καὶ τοὺς ἀδελφοὺς αὐτοῦ ἐπὶ τῆς μετοικεσίας Βαβυλῶνος.
```

Focus on these specific words:
```
δὲ Ἰωαθὰμ ἐγέννησεν τὸν Ἄχαζ,
```

What is the gloss for these specific words in English?  Mark supplemental implicit words with *asterisks* in the gloss. Output the answer in JSON. 

Example output:
```json
{"gloss": "combined-words and *implicit words* example"}
```

Response:
```json
{"gloss": "and Joatham *fathered* Ahaz,"}
```

Answer:
and Joatham *fathered* Ahaz,

Processing verse 2 chunk 10
Prompt string:
Look at this verse:
```
Matthew 1:9: Δαυεὶδ δὲ ἐγέννησεν τὸν Σολομῶνα ἐκ τῆς τοῦ Οὐρίου, Σολομὼν δὲ ἐγέννησεν τὸν Ῥοβοάμ, Ῥοβοὰμ δὲ ἐγέννησεν τὸν Ἀβιά, Ἀβιὰ δὲ ἐγέννησεν τὸν Ἀσάφ, Ἀσὰφ δὲ ἐγέννησεν τὸν Ἰωσαφάτ, Ἰωσαφὰτ δὲ ἐγέννησεν τὸν Ἰωράμ, Ἰωρὰμ δὲ ἐγέννησεν τὸν Ὀζείαν, Ὀζείας δὲ ἐγέννησεν τὸν Ἰωαθάμ, Ἰωαθὰμ δὲ ἐγέννησεν τὸν Ἄχαζ, Ἄχαζ δὲ ἐγέννησεν τὸν Ἐζεκίαν, Ἐζεκίας δὲ ἐγέννησεν τὸν Μανασσῆ, Μανασσῆς δὲ ἐγέννησεν τὸν Ἀμώς, Ἀμὼς δὲ ἐγέννησεν τὸν Ἰωσείαν, Ἰωσείας δὲ ἐγέννησεν τὸν Ἰεχονίαν καὶ τοὺς ἀδελφοὺς αὐτοῦ ἐπὶ τῆς μετοικεσίας Βαβυλῶνος.
```

Focus on these specific words:
```
δὲ Ἄχαζ ἐγέννησεν τὸν Ἐζεκίαν,
```

What is the gloss for these specific words in English?  Mark supplemental implicit words with *asterisks* in the gloss. Output the answer in JSON. 

Example output:
```json
{"gloss": "combined-words and *implicit words* example"}
```

Response:
```json
{"gloss": "and Ahaz begat *the* Hezekiah"}
```

Answer:
and Ahaz begat *the* Hezekiah

Processing verse 2 chunk 11
Prompt string:
Look at this verse:
```
Matthew 1:10: Δαυεὶδ δὲ ἐγέννησεν τὸν Σολομῶνα ἐκ τῆς τοῦ Οὐρίου, Σολομὼν δὲ ἐγέννησεν τὸν Ῥοβοάμ, Ῥοβοὰμ δὲ ἐγέννησεν τὸν Ἀβιά, Ἀβιὰ δὲ ἐγέννησεν τὸν Ἀσάφ, Ἀσὰφ δὲ ἐγέννησεν τὸν Ἰωσαφάτ, Ἰωσαφὰτ δὲ ἐγέννησεν τὸν Ἰωράμ, Ἰωρὰμ δὲ ἐγέννησεν τὸν Ὀζείαν, Ὀζείας δὲ ἐγέννησεν τὸν Ἰωαθάμ, Ἰωαθὰμ δὲ ἐγέννησεν τὸν Ἄχαζ, Ἄχαζ δὲ ἐγέννησεν τὸν Ἐζεκίαν, Ἐζεκίας δὲ ἐγέννησεν τὸν Μανασσῆ, Μανασσῆς δὲ ἐγέννησεν τὸν Ἀμώς, Ἀμὼς δὲ ἐγέννησεν τὸν Ἰωσείαν, Ἰωσείας δὲ ἐγέννησεν τὸν Ἰεχονίαν καὶ τοὺς ἀδελφοὺς αὐτοῦ ἐπὶ τῆς μετοικεσίας Βαβυλῶνος.
```

Focus on these specific words:
```
δὲ Ἐζεκίας ἐγέννησεν τὸν Μανασσῆ,
```

What is the gloss for these specific words in English?  Mark supplemental implicit words with *asterisks* in the gloss. Output the answer in JSON. 

Example output:
```json
{"gloss": "combined-words and *implicit words* example"}
```

Response:
```json
{"gloss": "and Hezekiah begot Manasseh,"}
```

Answer:
and Hezekiah begot Manasseh,

Processing verse 2 chunk 12
Prompt string:
Look at this verse:
```
Matthew 1:10: Δαυεὶδ δὲ ἐγέννησεν τὸν Σολομῶνα ἐκ τῆς τοῦ Οὐρίου, Σολομὼν δὲ ἐγέννησεν τὸν Ῥοβοάμ, Ῥοβοὰμ δὲ ἐγέννησεν τὸν Ἀβιά, Ἀβιὰ δὲ ἐγέννησεν τὸν Ἀσάφ, Ἀσὰφ δὲ ἐγέννησεν τὸν Ἰωσαφάτ, Ἰωσαφὰτ δὲ ἐγέννησεν τὸν Ἰωράμ, Ἰωρὰμ δὲ ἐγέννησεν τὸν Ὀζείαν, Ὀζείας δὲ ἐγέννησεν τὸν Ἰωαθάμ, Ἰωαθὰμ δὲ ἐγέννησεν τὸν Ἄχαζ, Ἄχαζ δὲ ἐγέννησεν τὸν Ἐζεκίαν, Ἐζεκίας δὲ ἐγέννησεν τὸν Μανασσῆ, Μανασσῆς δὲ ἐγέννησεν τὸν Ἀμώς, Ἀμὼς δὲ ἐγέννησεν τὸν Ἰωσείαν, Ἰωσείας δὲ ἐγέννησεν τὸν Ἰεχονίαν καὶ τοὺς ἀδελφοὺς αὐτοῦ ἐπὶ τῆς μετοικεσίας Βαβυλῶνος.
```

Focus on these specific words:
```
δὲ Μανασσῆς ἐγέννησεν τὸν Ἀμώς,
```

What is the gloss for these specific words in English?  Mark supplemental implicit words with *asterisks* in the gloss. Output the answer in JSON. 

Example output:
```json
{"gloss": "combined-words and *implicit words* example"}
```

Response:
```json
{"gloss": "and Manasseh begot Amos"}
```

Answer:
and Manasseh begot Amos

Processing verse 2 chunk 13
Prompt string:
Look at this verse:
```
Matthew 1:10: Δαυεὶδ δὲ ἐγέννησεν τὸν Σολομῶνα ἐκ τῆς τοῦ Οὐρίου, Σολομὼν δὲ ἐγέννησεν τὸν Ῥοβοάμ, Ῥοβοὰμ δὲ ἐγέννησεν τὸν Ἀβιά, Ἀβιὰ δὲ ἐγέννησεν τὸν Ἀσάφ, Ἀσὰφ δὲ ἐγέννησεν τὸν Ἰωσαφάτ, Ἰωσαφὰτ δὲ ἐγέννησεν τὸν Ἰωράμ, Ἰωρὰμ δὲ ἐγέννησεν τὸν Ὀζείαν, Ὀζείας δὲ ἐγέννησεν τὸν Ἰωαθάμ, Ἰωαθὰμ δὲ ἐγέννησεν τὸν Ἄχαζ, Ἄχαζ δὲ ἐγέννησεν τὸν Ἐζεκίαν, Ἐζεκίας δὲ ἐγέννησεν τὸν Μανασσῆ, Μανασσῆς δὲ ἐγέννησεν τὸν Ἀμώς, Ἀμὼς δὲ ἐγέννησεν τὸν Ἰωσείαν, Ἰωσείας δὲ ἐγέννησεν τὸν Ἰεχονίαν καὶ τοὺς ἀδελφοὺς αὐτοῦ ἐπὶ τῆς μετοικεσίας Βαβυλῶνος.
```

Focus on these specific words:
```
δὲ Ἀμὼς ἐγέννησεν τὸν Ἰωσείαν,
```

What is the gloss for these specific words in English?  Mark supplemental implicit words with *asterisks* in the gloss. Output the answer in JSON. 

Example output:
```json
{"gloss": "combined-words and *implicit words* example"}
```

Response:
```json
{"gloss": "and Amos begat *the* Josiah"}
```

Answer:
and Amos begat *the* Josiah

