Processing verse 0 chunk 0
Prompt string:
Look at this verse:
```
Philippians 1:1: Παῦλος καὶ Τιμόθεος, δοῦλοι Χριστοῦ Ἰησοῦ; πᾶσιν τοῖς ἁγίοις ἐν Χριστῷ Ἰησοῦ τοῖς οὖσιν ἐν Φιλίπποις, σὺν ἐπισκόποις καὶ διακόνοις: χάρις ὑμῖν καὶ εἰρήνη ἀπὸ Θεοῦ Πατρὸς ἡμῶν καὶ Κυρίου Ἰησοῦ Χριστοῦ.
```

Focus on these specific words:
```
Παῦλος καὶ Τιμόθεος
```

The gloss for this in French is:
```
Paul et Timothée,
```

What is the gloss for these specific words in English?  Mark supplemental implicit words with *asterisks* in the gloss. Output the answer in JSON.

Example output:
```json
{"gloss": "proclaim *the* Christ"}
```

Response:
{
  "gloss": "Paul and Timothy,"
}

Answer:
Paul and Timothy,

Processing verse 0 chunk 1
Prompt string:
Look at this verse:
```
Philippians 1:1: Παῦλος καὶ Τιμόθεος, δοῦλοι Χριστοῦ Ἰησοῦ; πᾶσιν τοῖς ἁγίοις ἐν Χριστῷ Ἰησοῦ τοῖς οὖσιν ἐν Φιλίπποις, σὺν ἐπισκόποις καὶ διακόνοις: χάρις ὑμῖν καὶ εἰρήνη ἀπὸ Θεοῦ Πατρὸς ἡμῶν καὶ Κυρίου Ἰησοῦ Χριστοῦ.
```

Focus on these specific words:
```
δοῦλοι Χριστοῦ Ἰησοῦ
```

The gloss for this in French is:
```
serviteurs du-Christ Jésus
```

What is the gloss for these specific words in English?  Mark supplemental implicit words with *asterisks* in the gloss. Output the answer in JSON.

Example output:
```json
{"gloss": "proclaim *the* Christ"}
```

Response:
{
  "gloss": "servants of Christ Jesus"
}

Answer:
servants of Christ Jesus

Processing verse 0 chunk 2
Prompt string:
Look at this verse:
```
Philippians 1:1: Παῦλος καὶ Τιμόθεος, δοῦλοι Χριστοῦ Ἰησοῦ; πᾶσιν τοῖς ἁγίοις ἐν Χριστῷ Ἰησοῦ τοῖς οὖσιν ἐν Φιλίπποις, σὺν ἐπισκόποις καὶ διακόνοις: χάρις ὑμῖν καὶ εἰρήνη ἀπὸ Θεοῦ Πατρὸς ἡμῶν καὶ Κυρίου Ἰησοῦ Χριστοῦ.
```

Focus on these specific words:
```
πᾶσιν τοῖς ἁγίοις
```

The gloss for this in French is:
```
à-tous les saints
```

What is the gloss for these specific words in English?  Mark supplemental implicit words with *asterisks* in the gloss. Output the answer in JSON.

Example output:
```json
{"gloss": "proclaim *the* Christ"}
```

Response:
{
  "gloss": "to all the saints"
}

Answer:
to all the saints

Processing verse 0 chunk 3
Prompt string:
Look at this verse:
```
Philippians 1:1: Παῦλος καὶ Τιμόθεος, δοῦλοι Χριστοῦ Ἰησοῦ; πᾶσιν τοῖς ἁγίοις ἐν Χριστῷ Ἰησοῦ τοῖς οὖσιν ἐν Φιλίπποις, σὺν ἐπισκόποις καὶ διακόνοις: χάρις ὑμῖν καὶ εἰρήνη ἀπὸ Θεοῦ Πατρὸς ἡμῶν καὶ Κυρίου Ἰησοῦ Χριστοῦ.
```

Focus on these specific words:
```
ἐν Χριστῷ Ἰησοῦ
```

The gloss for this in French is:
```
en Christ Jésus
```

What is the gloss for these specific words in English?  Mark supplemental implicit words with *asterisks* in the gloss. Output the answer in JSON.

Example output:
```json
{"gloss": "proclaim *the* Christ"}
```

Response:
{
  "gloss": "in Christ Jesus"
}

Answer:
in Christ Jesus

Processing verse 0 chunk 4
Prompt string:
Look at this verse:
```
Philippians 1:1: Παῦλος καὶ Τιμόθεος, δοῦλοι Χριστοῦ Ἰησοῦ; πᾶσιν τοῖς ἁγίοις ἐν Χριστῷ Ἰησοῦ τοῖς οὖσιν ἐν Φιλίπποις, σὺν ἐπισκόποις καὶ διακόνοις: χάρις ὑμῖν καὶ εἰρήνη ἀπὸ Θεοῦ Πατρὸς ἡμῶν καὶ Κυρίου Ἰησοῦ Χριστοῦ.
```

Focus on these specific words:
```
τοῖς οὖσιν
```

The gloss for this in French is:
```
ceux étant
```

What is the gloss for these specific words in English?  Mark supplemental implicit words with *asterisks* in the gloss. Output the answer in JSON.

Example output:
```json
{"gloss": "proclaim *the* Christ"}
```

Response:
{
  "gloss": "who are"
}

Answer:
who are

Processing verse 0 chunk 5
Prompt string:
Look at this verse:
```
Philippians 1:1: Παῦλος καὶ Τιμόθεος, δοῦλοι Χριστοῦ Ἰησοῦ; πᾶσιν τοῖς ἁγίοις ἐν Χριστῷ Ἰησοῦ τοῖς οὖσιν ἐν Φιλίπποις, σὺν ἐπισκόποις καὶ διακόνοις: χάρις ὑμῖν καὶ εἰρήνη ἀπὸ Θεοῦ Πατρὸς ἡμῶν καὶ Κυρίου Ἰησοῦ Χριστοῦ.
```

Focus on these specific words:
```
ἐν Φιλίπποις
```

The gloss for this in French is:
```
à Philippes,
```

What is the gloss for these specific words in English?  Mark supplemental implicit words with *asterisks* in the gloss. Output the answer in JSON.

Example output:
```json
{"gloss": "proclaim *the* Christ"}
```

Response:
{
  "gloss": "in Philippi"
}

Answer:
in Philippi

Processing verse 0 chunk 6
Prompt string:
Look at this verse:
```
Philippians 1:1: Παῦλος καὶ Τιμόθεος, δοῦλοι Χριστοῦ Ἰησοῦ; πᾶσιν τοῖς ἁγίοις ἐν Χριστῷ Ἰησοῦ τοῖς οὖσιν ἐν Φιλίπποις, σὺν ἐπισκόποις καὶ διακόνοις: χάρις ὑμῖν καὶ εἰρήνη ἀπὸ Θεοῦ Πατρὸς ἡμῶν καὶ Κυρίου Ἰησοῦ Χριστοῦ.
```

Focus on these specific words:
```
σὺν ἐπισκόποις καὶ διακόνοις
```

The gloss for this in French is:
```
avec *les* évêques et *les* diacres :
```

What is the gloss for these specific words in English?  Mark supplemental implicit words with *asterisks* in the gloss. Output the answer in JSON.

Example output:
```json
{"gloss": "proclaim *the* Christ"}
```

Response:
{
  "gloss": "with *the* bishops and deacons"
}

Answer:
with *the* bishops and deacons

Processing verse 0 chunk 7
Prompt string:
Look at this verse:
```
Philippians 1:2: Παῦλος καὶ Τιμόθεος, δοῦλοι Χριστοῦ Ἰησοῦ; πᾶσιν τοῖς ἁγίοις ἐν Χριστῷ Ἰησοῦ τοῖς οὖσιν ἐν Φιλίπποις, σὺν ἐπισκόποις καὶ διακόνοις: χάρις ὑμῖν καὶ εἰρήνη ἀπὸ Θεοῦ Πατρὸς ἡμῶν καὶ Κυρίου Ἰησοῦ Χριστοῦ.
```

Focus on these specific words:
```
χάρις καὶ εἰρήνη ὑμῖν
```

The gloss for this in French is:
```
grâce et paix à-vous
```

What is the gloss for these specific words in English?  Mark supplemental implicit words with *asterisks* in the gloss. Output the answer in JSON.

Example output:
```json
{"gloss": "proclaim *the* Christ"}
```

Response:
{
  "gloss": "grace and peace be *unto* you"
}

Answer:
grace and peace be *unto* you

Processing verse 0 chunk 8
Prompt string:
Look at this verse:
```
Philippians 1:2: Παῦλος καὶ Τιμόθεος, δοῦλοι Χριστοῦ Ἰησοῦ; πᾶσιν τοῖς ἁγίοις ἐν Χριστῷ Ἰησοῦ τοῖς οὖσιν ἐν Φιλίπποις, σὺν ἐπισκόποις καὶ διακόνοις: χάρις ὑμῖν καὶ εἰρήνη ἀπὸ Θεοῦ Πατρὸς ἡμῶν καὶ Κυρίου Ἰησοῦ Χριστοῦ.
```

Focus on these specific words:
```
ἀπὸ Θεοῦ Πατρὸς ἡμῶν
```

The gloss for this in French is:
```
de-la-part de-Dieu *le* Père de-nous
```

What is the gloss for these specific words in English?  Mark supplemental implicit words with *asterisks* in the gloss. Output the answer in JSON.

Example output:
```json
{"gloss": "proclaim *the* Christ"}
```

Response:
{
  "gloss": "from *the* God *our* Father"
}

Answer:
from *the* God *our* Father

Processing verse 0 chunk 9
Prompt string:
Look at this verse:
```
Philippians 1:2: Παῦλος καὶ Τιμόθεος, δοῦλοι Χριστοῦ Ἰησοῦ; πᾶσιν τοῖς ἁγίοις ἐν Χριστῷ Ἰησοῦ τοῖς οὖσιν ἐν Φιλίπποις, σὺν ἐπισκόποις καὶ διακόνοις: χάρις ὑμῖν καὶ εἰρήνη ἀπὸ Θεοῦ Πατρὸς ἡμῶν καὶ Κυρίου Ἰησοῦ Χριστοῦ.
```

Focus on these specific words:
```
καὶ Κυρίου Ἰησοῦ Χριστοῦ
```

The gloss for this in French is:
```
et du-Seigneur Jésus Christ.
```

What is the gloss for these specific words in English?  Mark supplemental implicit words with *asterisks* in the gloss. Output the answer in JSON.

Example output:
```json
{"gloss": "proclaim *the* Christ"}
```

Response:
{
  "gloss": "and of the Lord Jesus Christ"
}

Answer:
and of the Lord Jesus Christ

Processing verse 1 chunk 0
Prompt string:
Look at this verse:
```
Philippians 1:3: εὐχαριστῶ τῷ Θεῷ μου ἐπὶ πάσῃ τῇ μνείᾳ ὑμῶν, πάντοτε ἐν πάσῃ δεήσει μου ὑπὲρ πάντων ὑμῶν, μετὰ χαρᾶς τὴν δέησιν ποιούμενος, ἐπὶ τῇ κοινωνίᾳ ὑμῶν εἰς τὸ εὐαγγέλιον, ἀπὸ τῆς πρώτης ἡμέρας ἄχρι τοῦ νῦν; πεποιθὼς αὐτὸ τοῦτο, ὅτι ὁ ἐναρξάμενος ἐν ὑμῖν ἔργον ἀγαθὸν, ἐπιτελέσει ἄχρι ἡμέρας Χριστοῦ Ἰησοῦ; καθώς ἐστιν δίκαιον ἐμοὶ τοῦτο φρονεῖν ὑπὲρ πάντων ὑμῶν, διὰ τὸ ἔχειν με ἐν τῇ καρδίᾳ ὑμᾶς, ἔν τε τοῖς δεσμοῖς μου, καὶ ἐν τῇ ἀπολογίᾳ καὶ βεβαιώσει τοῦ εὐαγγελίου, συνκοινωνούς μου τῆς χάριτος πάντας ὑμᾶς ὄντας. 
```

Focus on these specific words:
```
εὐχαριστῶ
```

The gloss for this in French is:
```
Je remercie
```

What is the gloss for these specific words in English?  Mark supplemental implicit words with *asterisks* in the gloss. Output the answer in JSON.

Example output:
```json
{"gloss": "proclaim *the* Christ"}
```

Response:
{
  "gloss": "I thank"
}

Answer:
I thank

Processing verse 1 chunk 1
Prompt string:
Look at this verse:
```
Philippians 1:3: εὐχαριστῶ τῷ Θεῷ μου ἐπὶ πάσῃ τῇ μνείᾳ ὑμῶν, πάντοτε ἐν πάσῃ δεήσει μου ὑπὲρ πάντων ὑμῶν, μετὰ χαρᾶς τὴν δέησιν ποιούμενος, ἐπὶ τῇ κοινωνίᾳ ὑμῶν εἰς τὸ εὐαγγέλιον, ἀπὸ τῆς πρώτης ἡμέρας ἄχρι τοῦ νῦν; πεποιθὼς αὐτὸ τοῦτο, ὅτι ὁ ἐναρξάμενος ἐν ὑμῖν ἔργον ἀγαθὸν, ἐπιτελέσει ἄχρι ἡμέρας Χριστοῦ Ἰησοῦ; καθώς ἐστιν δίκαιον ἐμοὶ τοῦτο φρονεῖν ὑπὲρ πάντων ὑμῶν, διὰ τὸ ἔχειν με ἐν τῇ καρδίᾳ ὑμᾶς, ἔν τε τοῖς δεσμοῖς μου, καὶ ἐν τῇ ἀπολογίᾳ καὶ βεβαιώσει τοῦ εὐαγγελίου, συνκοινωνούς μου τῆς χάριτος πάντας ὑμᾶς ὄντας. 
```

Focus on these specific words:
```
τῷ Θεῷ μου
```

The gloss for this in French is:
```
le Dieu de-moi
```

What is the gloss for these specific words in English?  Mark supplemental implicit words with *asterisks* in the gloss. Output the answer in JSON.

Example output:
```json
{"gloss": "proclaim *the* Christ"}
```

Response:
{
  "gloss": "to my God"
}

Answer:
to my God

