Processing verse 0 chunk 0
Prompt string:
Look at this verse:
```
Philippians 1:1: Παῦλος καὶ Τιμόθεος, δοῦλοι Χριστοῦ Ἰησοῦ; πᾶσιν τοῖς ἁγίοις ἐν Χριστῷ Ἰησοῦ τοῖς οὖσιν ἐν Φιλίπποις, σὺν ἐπισκόποις καὶ διακόνοις: χάρις ὑμῖν καὶ εἰρήνη ἀπὸ Θεοῦ Πατρὸς ἡμῶν καὶ Κυρίου Ἰησοῦ Χριστοῦ.
```

Morphology information:
```
0: Παῦλος: Gr,N,,,,,NMS,
1: καὶ: Gr,CC,,,,,,,,
2: Τιμόθεος: Gr,N,,,,,NMS,
```

Focus on these specific source words:
```
0: Παῦλος
1: καὶ
2: Τιμόθεος
```

This is the output gloss from the previous translation:
```
0: Paul
1: and
2: Timothy
```

Which source word translates to the word "0: Paul" or is it implicit?

Response:
The source word that translates to "0: Paul" is the Greek word "Παῦλος."

Answer:
[0]

gloss_mapping:
{
    "0: Paul": [
        "0: \u03a0\u03b1\u1fe6\u03bb\u03bf\u03c2"
    ]
}

Processing verse 0 chunk 0
Prompt string:
Look at this verse:
```
Philippians 1:1: Παῦλος καὶ Τιμόθεος, δοῦλοι Χριστοῦ Ἰησοῦ; πᾶσιν τοῖς ἁγίοις ἐν Χριστῷ Ἰησοῦ τοῖς οὖσιν ἐν Φιλίπποις, σὺν ἐπισκόποις καὶ διακόνοις: χάρις ὑμῖν καὶ εἰρήνη ἀπὸ Θεοῦ Πατρὸς ἡμῶν καὶ Κυρίου Ἰησοῦ Χριστοῦ.
```

Morphology information:
```
0: Παῦλος: Gr,N,,,,,NMS,
1: καὶ: Gr,CC,,,,,,,,
2: Τιμόθεος: Gr,N,,,,,NMS,
```

Focus on these specific source words:
```
0: Παῦλος
1: καὶ
2: Τιμόθεος
```

This is the output gloss from the previous translation:
```
0: Paul
1: and
2: Timothy
```

Which source word translates to the word "0: Paul" or is it implicit?

Don't mention any of the other source words in your response.

Response:
The source word "0: Παῦλος" translates to "0: Paul."

Answer:
[0]

gloss_mapping:
{
    "0: Paul": [
        "0: \u03a0\u03b1\u1fe6\u03bb\u03bf\u03c2"
    ]
}

Processing verse 0 chunk 0
Prompt string:
Look at this verse:
```
Philippians 1:1: Παῦλος καὶ Τιμόθεος, δοῦλοι Χριστοῦ Ἰησοῦ; πᾶσιν τοῖς ἁγίοις ἐν Χριστῷ Ἰησοῦ τοῖς οὖσιν ἐν Φιλίπποις, σὺν ἐπισκόποις καὶ διακόνοις: χάρις ὑμῖν καὶ εἰρήνη ἀπὸ Θεοῦ Πατρὸς ἡμῶν καὶ Κυρίου Ἰησοῦ Χριστοῦ.
```

Morphology information:
```
0: Παῦλος: Gr,N,,,,,NMS,
1: καὶ: Gr,CC,,,,,,,,
2: Τιμόθεος: Gr,N,,,,,NMS,
```

Focus on these specific source words:
```
0: Παῦλος
1: καὶ
2: Τιμόθεος
```

This is the output gloss from the previous translation:
```
0: Paul
1: and
2: Timothy
```

Which source word translates to the word "1: and" or is it implicit?

Don't mention any of the other source words in your response.

Response:
The source word "1: καὶ" translates to the word "and."

Answer:
[1]

gloss_mapping:
{
    "0: Paul": [
        "0: \u03a0\u03b1\u1fe6\u03bb\u03bf\u03c2"
    ],
    "1: and": [
        "1: \u03ba\u03b1\u1f76"
    ]
}

Processing verse 0 chunk 0
Prompt string:
Look at this verse:
```
Philippians 1:1: Παῦλος καὶ Τιμόθεος, δοῦλοι Χριστοῦ Ἰησοῦ; πᾶσιν τοῖς ἁγίοις ἐν Χριστῷ Ἰησοῦ τοῖς οὖσιν ἐν Φιλίπποις, σὺν ἐπισκόποις καὶ διακόνοις: χάρις ὑμῖν καὶ εἰρήνη ἀπὸ Θεοῦ Πατρὸς ἡμῶν καὶ Κυρίου Ἰησοῦ Χριστοῦ.
```

Morphology information:
```
0: Παῦλος: Gr,N,,,,,NMS,
1: καὶ: Gr,CC,,,,,,,,
2: Τιμόθεος: Gr,N,,,,,NMS,
```

Focus on these specific source words:
```
0: Παῦλος
1: καὶ
2: Τιμόθεος
```

This is the output gloss from the previous translation:
```
0: Paul
1: and
2: Timothy
```

Which source word translates to the word "0: Paul" or is it implicit?

Don't mention any of the other source words in your response.

Response:
The source word that translates to the word "0: Paul" is Παῦλος.

Answer:
[0]

gloss_mapping:
{
    "0: Paul": [
        "0: \u03a0\u03b1\u1fe6\u03bb\u03bf\u03c2"
    ]
}

Processing verse 0 chunk 0
Prompt string:
Look at this verse:
```
Philippians 1:1: Παῦλος καὶ Τιμόθεος, δοῦλοι Χριστοῦ Ἰησοῦ; πᾶσιν τοῖς ἁγίοις ἐν Χριστῷ Ἰησοῦ τοῖς οὖσιν ἐν Φιλίπποις, σὺν ἐπισκόποις καὶ διακόνοις: χάρις ὑμῖν καὶ εἰρήνη ἀπὸ Θεοῦ Πατρὸς ἡμῶν καὶ Κυρίου Ἰησοῦ Χριστοῦ.
```

Morphology information:
```
0: Παῦλος: Gr,N,,,,,NMS,
1: καὶ: Gr,CC,,,,,,,,
2: Τιμόθεος: Gr,N,,,,,NMS,
```

Focus on these specific source words:
```
0: Παῦλος
1: καὶ
2: Τιμόθεος
```

This is the output gloss from the previous translation:
```
0: Paul
1: and
2: Timothy
```

Which source word translates to the word "1: and" or is it implicit?

Don't mention any of the other source words in your response.

Response:
The source word "καὶ" translates to "and" in English.

Answer:
[1]

gloss_mapping:
{
    "0: Paul": [
        "0: \u03a0\u03b1\u1fe6\u03bb\u03bf\u03c2"
    ],
    "1: and": [
        "1: \u03ba\u03b1\u1f76"
    ]
}

Processing verse 0 chunk 0
Prompt string:
Look at this verse:
```
Philippians 1:1: Παῦλος καὶ Τιμόθεος, δοῦλοι Χριστοῦ Ἰησοῦ; πᾶσιν τοῖς ἁγίοις ἐν Χριστῷ Ἰησοῦ τοῖς οὖσιν ἐν Φιλίπποις, σὺν ἐπισκόποις καὶ διακόνοις: χάρις ὑμῖν καὶ εἰρήνη ἀπὸ Θεοῦ Πατρὸς ἡμῶν καὶ Κυρίου Ἰησοῦ Χριστοῦ.
```

Morphology information:
```
0: Παῦλος: Gr,N,,,,,NMS,
1: καὶ: Gr,CC,,,,,,,,
2: Τιμόθεος: Gr,N,,,,,NMS,
```

Focus on these specific source words:
```
0: Παῦλος
1: καὶ
2: Τιμόθεος
```

This is the output gloss from the previous translation:
```
0: Paul
1: and
2: Timothy
```

Which source word translates to the word "2: Timothy" or is it implicit?

Don't mention any of the other source words in your response.

Response:
The source word that translates to "Timothy" is "Τιμόθεος."

Answer:
[2]

gloss_mapping:
{
    "0: Paul": [
        "0: \u03a0\u03b1\u1fe6\u03bb\u03bf\u03c2"
    ],
    "1: and": [
        "1: \u03ba\u03b1\u1f76"
    ],
    "2: Timothy": [
        "2: \u03a4\u03b9\u03bc\u03cc\u03b8\u03b5\u03bf\u03c2"
    ]
}

Processing verse 0 chunk 1
Prompt string:
Look at this verse:
```
Philippians 1:1: Παῦλος καὶ Τιμόθεος, δοῦλοι Χριστοῦ Ἰησοῦ; πᾶσιν τοῖς ἁγίοις ἐν Χριστῷ Ἰησοῦ τοῖς οὖσιν ἐν Φιλίπποις, σὺν ἐπισκόποις καὶ διακόνοις: χάρις ὑμῖν καὶ εἰρήνη ἀπὸ Θεοῦ Πατρὸς ἡμῶν καὶ Κυρίου Ἰησοῦ Χριστοῦ.
```

Morphology information:
```
0: δοῦλοι: Gr,N,,,,,NMP,
1: Χριστοῦ: Gr,N,,,,,GMS,
2: Ἰησοῦ: Gr,N,,,,,GMS,
```

Focus on these specific source words:
```
0: δοῦλοι
1: Χριστοῦ
2: Ἰησοῦ
```

This is the output gloss from the previous translation:
```
0: servants
1: of
2: Christ
3: Jesus
```

Which source word translates to the word "0: servants" or is it implicit?

Don't mention any of the other source words in your response.

Response:
The source word that translates to "servants" is "δοῦλοι."

Answer:
[0]

gloss_mapping:
{
    "0: servants": [
        "0: \u03b4\u03bf\u1fe6\u03bb\u03bf\u03b9"
    ]
}

Processing verse 0 chunk 0
Prompt string:
Look at this verse:
```
Philippians 1:1: Παῦλος καὶ Τιμόθεος, δοῦλοι Χριστοῦ Ἰησοῦ; πᾶσιν τοῖς ἁγίοις ἐν Χριστῷ Ἰησοῦ τοῖς οὖσιν ἐν Φιλίπποις, σὺν ἐπισκόποις καὶ διακόνοις: χάρις ὑμῖν καὶ εἰρήνη ἀπὸ Θεοῦ Πατρὸς ἡμῶν καὶ Κυρίου Ἰησοῦ Χριστοῦ.
```

Morphology information:
```
0: Παῦλος: Gr,N,,,,,NMS,
1: καὶ: Gr,CC,,,,,,,,
2: Τιμόθεος: Gr,N,,,,,NMS,
```

Focus on these specific source words:
```
0: Παῦλος
1: καὶ
2: Τιμόθεος
```

This is the output gloss from the previous translation:
```
0: Paul
1: and
2: Timothy
```

Which source word translates to the word "0: Paul" or is it implicit?

Don't mention any of the other source words in your response.

Response:
The source word "0: Παῦλος" translates to "0: Paul" in the English gloss.

Answer:
[0]

gloss_mapping:
{
    "0: Paul": [
        "0: \u03a0\u03b1\u1fe6\u03bb\u03bf\u03c2"
    ]
}

Processing verse 0 chunk 0
Prompt string:
Look at this verse:
```
Philippians 1:1: Παῦλος καὶ Τιμόθεος, δοῦλοι Χριστοῦ Ἰησοῦ; πᾶσιν τοῖς ἁγίοις ἐν Χριστῷ Ἰησοῦ τοῖς οὖσιν ἐν Φιλίπποις, σὺν ἐπισκόποις καὶ διακόνοις: χάρις ὑμῖν καὶ εἰρήνη ἀπὸ Θεοῦ Πατρὸς ἡμῶν καὶ Κυρίου Ἰησοῦ Χριστοῦ.
```

Morphology information:
```
0: Παῦλος: Gr,N,,,,,NMS,
1: καὶ: Gr,CC,,,,,,,,
2: Τιμόθεος: Gr,N,,,,,NMS,
```

Focus on these specific source words:
```
0: Παῦλος
1: καὶ
2: Τιμόθεος
```

This is the output gloss from the previous translation:
```
0: Paul
1: and
2: Timothy
```

Which source word translates to the word "1: and" or is it implicit?

Don't mention any of the other source words in your response.

Response:
The source word that translates to "and" is the word καὶ (καὶ).

Answer:
[1]

gloss_mapping:
{
    "0: Paul": [
        "0: \u03a0\u03b1\u1fe6\u03bb\u03bf\u03c2"
    ],
    "1: and": [
        "1: \u03ba\u03b1\u1f76"
    ]
}

Processing verse 0 chunk 0
Prompt string:
Look at this verse:
```
Philippians 1:1: Παῦλος καὶ Τιμόθεος, δοῦλοι Χριστοῦ Ἰησοῦ; πᾶσιν τοῖς ἁγίοις ἐν Χριστῷ Ἰησοῦ τοῖς οὖσιν ἐν Φιλίπποις, σὺν ἐπισκόποις καὶ διακόνοις: χάρις ὑμῖν καὶ εἰρήνη ἀπὸ Θεοῦ Πατρὸς ἡμῶν καὶ Κυρίου Ἰησοῦ Χριστοῦ.
```

Morphology information:
```
0: Παῦλος: Gr,N,,,,,NMS,
1: καὶ: Gr,CC,,,,,,,,
2: Τιμόθεος: Gr,N,,,,,NMS,
```

Focus on these specific source words:
```
0: Παῦλος
1: καὶ
2: Τιμόθεος
```

This is the output gloss from the previous translation:
```
0: Paul
1: and
2: Timothy
```

Which source word translates to the word "2: Timothy" or is it implicit?

Don't mention any of the other source words in your response.

Response:
The source word "2: Τιμόθεος" translates to the word "2: Timothy."

Answer:
[2]

gloss_mapping:
{
    "0: Paul": [
        "0: \u03a0\u03b1\u1fe6\u03bb\u03bf\u03c2"
    ],
    "1: and": [
        "1: \u03ba\u03b1\u1f76"
    ],
    "2: Timothy": [
        "2: \u03a4\u03b9\u03bc\u03cc\u03b8\u03b5\u03bf\u03c2"
    ]
}

Processing verse 0 chunk 1
Prompt string:
Look at this verse:
```
Philippians 1:1: Παῦλος καὶ Τιμόθεος, δοῦλοι Χριστοῦ Ἰησοῦ; πᾶσιν τοῖς ἁγίοις ἐν Χριστῷ Ἰησοῦ τοῖς οὖσιν ἐν Φιλίπποις, σὺν ἐπισκόποις καὶ διακόνοις: χάρις ὑμῖν καὶ εἰρήνη ἀπὸ Θεοῦ Πατρὸς ἡμῶν καὶ Κυρίου Ἰησοῦ Χριστοῦ.
```

Morphology information:
```
0: δοῦλοι: Gr,N,,,,,NMP,
1: Χριστοῦ: Gr,N,,,,,GMS,
2: Ἰησοῦ: Gr,N,,,,,GMS,
```

Focus on these specific source words:
```
0: δοῦλοι
1: Χριστοῦ
2: Ἰησοῦ
```

This is the output gloss from the previous translation:
```
0: servants
1: of
2: Christ
3: Jesus
```

Which source word translates to the word "0: servants" or is it implicit?

Don't mention any of the other source words in your response.

Response:
The source word that translates to the word "servants" is "δοῦλοι."

Answer:
[0]

gloss_mapping:
{
    "0: servants": [
        "0: \u03b4\u03bf\u1fe6\u03bb\u03bf\u03b9"
    ]
}

Processing verse 0 chunk 1
Prompt string:
Look at this verse:
```
Philippians 1:1: Παῦλος καὶ Τιμόθεος, δοῦλοι Χριστοῦ Ἰησοῦ; πᾶσιν τοῖς ἁγίοις ἐν Χριστῷ Ἰησοῦ τοῖς οὖσιν ἐν Φιλίπποις, σὺν ἐπισκόποις καὶ διακόνοις: χάρις ὑμῖν καὶ εἰρήνη ἀπὸ Θεοῦ Πατρὸς ἡμῶν καὶ Κυρίου Ἰησοῦ Χριστοῦ.
```

Morphology information:
```
0: δοῦλοι: Gr,N,,,,,NMP,
1: Χριστοῦ: Gr,N,,,,,GMS,
2: Ἰησοῦ: Gr,N,,,,,GMS,
```

Focus on these specific source words:
```
0: δοῦλοι
1: Χριστοῦ
2: Ἰησοῦ
```

This is the output gloss from the previous translation:
```
0: servants
1: of
2: Christ
3: Jesus
```

Which source word translates to the word "1: of" or is it implicit?

Don't mention any of the other source words in your response.

Response:
In this verse, the source word "Χριστοῦ" translates to the word "of" in the English gloss.

Answer:
[1]

gloss_mapping:
{
    "0: servants": [
        "0: \u03b4\u03bf\u1fe6\u03bb\u03bf\u03b9"
    ],
    "1: of": [
        "1: \u03a7\u03c1\u03b9\u03c3\u03c4\u03bf\u1fe6"
    ]
}

Processing verse 0 chunk 1
Prompt string:
Look at this verse:
```
Philippians 1:1: Παῦλος καὶ Τιμόθεος, δοῦλοι Χριστοῦ Ἰησοῦ; πᾶσιν τοῖς ἁγίοις ἐν Χριστῷ Ἰησοῦ τοῖς οὖσιν ἐν Φιλίπποις, σὺν ἐπισκόποις καὶ διακόνοις: χάρις ὑμῖν καὶ εἰρήνη ἀπὸ Θεοῦ Πατρὸς ἡμῶν καὶ Κυρίου Ἰησοῦ Χριστοῦ.
```

Morphology information:
```
0: δοῦλοι: Gr,N,,,,,NMP,
1: Χριστοῦ: Gr,N,,,,,GMS,
2: Ἰησοῦ: Gr,N,,,,,GMS,
```

Focus on these specific source words:
```
0: δοῦλοι
1: Χριστοῦ
2: Ἰησοῦ
```

This is the output gloss from the previous translation:
```
0: servants
1: of
2: Christ
3: Jesus
```

Which source word translates to the word "2: Christ" or is it implicit?

Don't mention any of the other source words in your response.

Response:
In the given verse, the source word "1: Χριστοῦ" translates to the word "Christ."

Answer:
[1]

gloss_mapping:
{
    "0: servants": [
        "0: \u03b4\u03bf\u1fe6\u03bb\u03bf\u03b9"
    ],
    "1: of": [
        "1: \u03a7\u03c1\u03b9\u03c3\u03c4\u03bf\u1fe6"
    ],
    "2: Christ": [
        "1: \u03a7\u03c1\u03b9\u03c3\u03c4\u03bf\u1fe6"
    ]
}

Processing verse 0 chunk 0
Prompt string:
Look at this verse:
```
Philippians 1:1: Παῦλος καὶ Τιμόθεος, δοῦλοι Χριστοῦ Ἰησοῦ; πᾶσιν τοῖς ἁγίοις ἐν Χριστῷ Ἰησοῦ τοῖς οὖσιν ἐν Φιλίπποις, σὺν ἐπισκόποις καὶ διακόνοις: χάρις ὑμῖν καὶ εἰρήνη ἀπὸ Θεοῦ Πατρὸς ἡμῶν καὶ Κυρίου Ἰησοῦ Χριστοῦ.
```

Morphology information:
```
0: Παῦλος: Gr,N,,,,,NMS,
1: καὶ: Gr,CC,,,,,,,,
2: Τιμόθεος: Gr,N,,,,,NMS,
```

Focus on these specific source words:
```
0: Παῦλος
1: καὶ
2: Τιμόθεος
```

This is the output gloss from the previous translation:
```
0: Paul
1: and
2: Timothy
```

Which source word translates to the word "0: Paul" or is it implicit?

Don't mention any of the other source words in your response.

Response:
The source word "Παῦλος" translates to the word "0: Paul" in the English gloss provided.

Answer:
[0]

gloss_mapping:
{
    "0: Paul": [
        "0: \u03a0\u03b1\u1fe6\u03bb\u03bf\u03c2"
    ]
}

Processing verse 0 chunk 0
Prompt string:
Look at this verse:
```
Philippians 1:1: Παῦλος καὶ Τιμόθεος, δοῦλοι Χριστοῦ Ἰησοῦ; πᾶσιν τοῖς ἁγίοις ἐν Χριστῷ Ἰησοῦ τοῖς οὖσιν ἐν Φιλίπποις, σὺν ἐπισκόποις καὶ διακόνοις: χάρις ὑμῖν καὶ εἰρήνη ἀπὸ Θεοῦ Πατρὸς ἡμῶν καὶ Κυρίου Ἰησοῦ Χριστοῦ.
```

Morphology information:
```
0: Παῦλος: Gr,N,,,,,NMS,
1: καὶ: Gr,CC,,,,,,,,
2: Τιμόθεος: Gr,N,,,,,NMS,
```

Focus on these specific source words:
```
0: Παῦλος
1: καὶ
2: Τιμόθεος
```

This is the output gloss from the previous translation:
```
0: Paul
1: and
2: Timothy
```

Which source word translates to the word "1: and" or is it implicit?

Don't mention any of the other source words in your response.

Response:
The source word that translates to "1: and" is "καὶ."

Answer:
[1]

gloss_mapping:
{
    "0: Paul": [
        "0: \u03a0\u03b1\u1fe6\u03bb\u03bf\u03c2"
    ],
    "1: and": [
        "1: \u03ba\u03b1\u1f76"
    ]
}

Processing verse 0 chunk 0
Prompt string:
Look at this verse:
```
Philippians 1:1: Παῦλος καὶ Τιμόθεος, δοῦλοι Χριστοῦ Ἰησοῦ; πᾶσιν τοῖς ἁγίοις ἐν Χριστῷ Ἰησοῦ τοῖς οὖσιν ἐν Φιλίπποις, σὺν ἐπισκόποις καὶ διακόνοις: χάρις ὑμῖν καὶ εἰρήνη ἀπὸ Θεοῦ Πατρὸς ἡμῶν καὶ Κυρίου Ἰησοῦ Χριστοῦ.
```

Morphology information:
```
0: Παῦλος: Gr,N,,,,,NMS,
1: καὶ: Gr,CC,,,,,,,,
2: Τιμόθεος: Gr,N,,,,,NMS,
```

Focus on these specific source words:
```
0: Παῦλος
1: καὶ
2: Τιμόθεος
```

This is the output gloss from the previous translation:
```
0: Paul
1: and
2: Timothy
```

Which source word translates to the word "2: Timothy" or is it implicit?

Don't mention any of the other source words in your response.

Response:
The source word that translates to the word "2: Timothy" is "Τιμόθεος."

Answer:
[2]

gloss_mapping:
{
    "0: Paul": [
        "0: \u03a0\u03b1\u1fe6\u03bb\u03bf\u03c2"
    ],
    "1: and": [
        "1: \u03ba\u03b1\u1f76"
    ],
    "2: Timothy": [
        "2: \u03a4\u03b9\u03bc\u03cc\u03b8\u03b5\u03bf\u03c2"
    ]
}

Processing verse 0 chunk 1
Prompt string:
Look at this verse:
```
Philippians 1:1: Παῦλος καὶ Τιμόθεος, δοῦλοι Χριστοῦ Ἰησοῦ; πᾶσιν τοῖς ἁγίοις ἐν Χριστῷ Ἰησοῦ τοῖς οὖσιν ἐν Φιλίπποις, σὺν ἐπισκόποις καὶ διακόνοις: χάρις ὑμῖν καὶ εἰρήνη ἀπὸ Θεοῦ Πατρὸς ἡμῶν καὶ Κυρίου Ἰησοῦ Χριστοῦ.
```

Morphology information:
```
0: δοῦλοι: Gr,N,,,,,NMP,
1: Χριστοῦ: Gr,N,,,,,GMS,
2: Ἰησοῦ: Gr,N,,,,,GMS,
```

Focus on these specific source words:
```
0: δοῦλοι
1: Χριστοῦ
2: Ἰησοῦ
```

This is the output gloss from the previous translation:
```
0: servants
1: of
2: Christ
3: Jesus
```

Which source word translates to the word "0: servants" or is it implicit?

Don't mention any of the other source words in your response.

Response:
The source word that translates to "servants" is "δοῦλοι" (δοῦλοι: servants).

Answer:
[0]

gloss_mapping:
{
    "0: servants": [
        "0: \u03b4\u03bf\u1fe6\u03bb\u03bf\u03b9"
    ]
}

Processing verse 0 chunk 1
Prompt string:
Look at this verse:
```
Philippians 1:1: Παῦλος καὶ Τιμόθεος, δοῦλοι Χριστοῦ Ἰησοῦ; πᾶσιν τοῖς ἁγίοις ἐν Χριστῷ Ἰησοῦ τοῖς οὖσιν ἐν Φιλίπποις, σὺν ἐπισκόποις καὶ διακόνοις: χάρις ὑμῖν καὶ εἰρήνη ἀπὸ Θεοῦ Πατρὸς ἡμῶν καὶ Κυρίου Ἰησοῦ Χριστοῦ.
```

Morphology information:
```
0: δοῦλοι: Gr,N,,,,,NMP,
1: Χριστοῦ: Gr,N,,,,,GMS,
2: Ἰησοῦ: Gr,N,,,,,GMS,
```

Focus on these specific source words:
```
0: δοῦλοι
1: Χριστοῦ
2: Ἰησοῦ
```

This is the output gloss from the previous translation:
```
0: servants
1: of
2: Christ
3: Jesus
```

Which source word translates to the word "1: of" or is it implicit?

Don't mention any of the other source words in your response.

Response:
The source word "Χριστοῦ" translates to the word "of" in the gloss output.

Answer:
[1]

gloss_mapping:
{
    "0: servants": [
        "0: \u03b4\u03bf\u1fe6\u03bb\u03bf\u03b9"
    ],
    "1: of": [
        "1: \u03a7\u03c1\u03b9\u03c3\u03c4\u03bf\u1fe6"
    ]
}

Processing verse 0 chunk 1
Prompt string:
Look at this verse:
```
Philippians 1:1: Παῦλος καὶ Τιμόθεος, δοῦλοι Χριστοῦ Ἰησοῦ; πᾶσιν τοῖς ἁγίοις ἐν Χριστῷ Ἰησοῦ τοῖς οὖσιν ἐν Φιλίπποις, σὺν ἐπισκόποις καὶ διακόνοις: χάρις ὑμῖν καὶ εἰρήνη ἀπὸ Θεοῦ Πατρὸς ἡμῶν καὶ Κυρίου Ἰησοῦ Χριστοῦ.
```

Morphology information:
```
0: δοῦλοι: Gr,N,,,,,NMP,
1: Χριστοῦ: Gr,N,,,,,GMS,
2: Ἰησοῦ: Gr,N,,,,,GMS,
```

Focus on these specific source words:
```
0: δοῦλοι
1: Χριστοῦ
2: Ἰησοῦ
```

This is the output gloss from the previous translation:
```
0: servants
1: of
2: Christ
3: Jesus
```

Which source word translates to the word "2: Christ" or is it implicit?

Don't mention any of the other source words in your response.

Response:
The source word that translates to the word "Christ" is the word "1: Χριστοῦ."

Answer:
[1]

gloss_mapping:
{
    "0: servants": [
        "0: \u03b4\u03bf\u1fe6\u03bb\u03bf\u03b9"
    ],
    "1: of": [
        "1: \u03a7\u03c1\u03b9\u03c3\u03c4\u03bf\u1fe6"
    ],
    "2: Christ": [
        "1: \u03a7\u03c1\u03b9\u03c3\u03c4\u03bf\u1fe6"
    ]
}

Processing verse 0 chunk 1
Prompt string:
Look at this verse:
```
Philippians 1:1: Παῦλος καὶ Τιμόθεος, δοῦλοι Χριστοῦ Ἰησοῦ; πᾶσιν τοῖς ἁγίοις ἐν Χριστῷ Ἰησοῦ τοῖς οὖσιν ἐν Φιλίπποις, σὺν ἐπισκόποις καὶ διακόνοις: χάρις ὑμῖν καὶ εἰρήνη ἀπὸ Θεοῦ Πατρὸς ἡμῶν καὶ Κυρίου Ἰησοῦ Χριστοῦ.
```

Morphology information:
```
0: δοῦλοι: Gr,N,,,,,NMP,
1: Χριστοῦ: Gr,N,,,,,GMS,
2: Ἰησοῦ: Gr,N,,,,,GMS,
```

Focus on these specific source words:
```
0: δοῦλοι
1: Χριστοῦ
2: Ἰησοῦ
```

This is the output gloss from the previous translation:
```
0: servants
1: of
2: Christ
3: Jesus
```

Which source word translates to the word "3: Jesus" or is it implicit?

Don't mention any of the other source words in your response.

Response:
The source word that translates to the word "Jesus" is 2: Ἰησοῦ.

Answer:
[2]

gloss_mapping:
{
    "0: servants": [
        "0: \u03b4\u03bf\u1fe6\u03bb\u03bf\u03b9"
    ],
    "1: of": [
        "1: \u03a7\u03c1\u03b9\u03c3\u03c4\u03bf\u1fe6"
    ],
    "2: Christ": [
        "1: \u03a7\u03c1\u03b9\u03c3\u03c4\u03bf\u1fe6"
    ],
    "3: Jesus": [
        "2: \u1f38\u03b7\u03c3\u03bf\u1fe6"
    ]
}

Processing verse 0 chunk 2
Prompt string:
Look at this verse:
```
Philippians 1:1: Παῦλος καὶ Τιμόθεος, δοῦλοι Χριστοῦ Ἰησοῦ; πᾶσιν τοῖς ἁγίοις ἐν Χριστῷ Ἰησοῦ τοῖς οὖσιν ἐν Φιλίπποις, σὺν ἐπισκόποις καὶ διακόνοις: χάρις ὑμῖν καὶ εἰρήνη ἀπὸ Θεοῦ Πατρὸς ἡμῶν καὶ Κυρίου Ἰησοῦ Χριστοῦ.
```

Morphology information:
```
0: πᾶσιν: Gr,EQ,,,,DMP,
1: τοῖς: Gr,EA,,,,DMP,
2: ἁγίοις: Gr,NS,,,,DMP,
```

Focus on these specific source words:
```
0: πᾶσιν
1: τοῖς
2: ἁγίοις
```

This is the output gloss from the previous translation:
```
0: to
1: all
2: the
3: saints
```

Which source word translates to the word "0: to" or is it implicit?

Don't mention any of the other source words in your response.

Response:
The word that translates to "to" is the source word "1: τοῖς."

Answer:
[1]

gloss_mapping:
{
    "0: to": [
        "1: \u03c4\u03bf\u1fd6\u03c2"
    ]
}

Processing verse 0 chunk 2
Prompt string:
Look at this verse:
```
Philippians 1:1: Παῦλος καὶ Τιμόθεος, δοῦλοι Χριστοῦ Ἰησοῦ; πᾶσιν τοῖς ἁγίοις ἐν Χριστῷ Ἰησοῦ τοῖς οὖσιν ἐν Φιλίπποις, σὺν ἐπισκόποις καὶ διακόνοις: χάρις ὑμῖν καὶ εἰρήνη ἀπὸ Θεοῦ Πατρὸς ἡμῶν καὶ Κυρίου Ἰησοῦ Χριστοῦ.
```

Morphology information:
```
0: πᾶσιν: Gr,EQ,,,,DMP,
1: τοῖς: Gr,EA,,,,DMP,
2: ἁγίοις: Gr,NS,,,,DMP,
```

Focus on these specific source words:
```
0: πᾶσιν
1: τοῖς
2: ἁγίοις
```

This is the output gloss from the previous translation:
```
0: to
1: all
2: the
3: saints
```

Which source word translates to the word "1: all" or is it implicit?

Don't mention any of the other source words in your response.

Response:
The source word "πᾶσιν" translates to the word "all" in the output gloss.

Answer:
[0]

gloss_mapping:
{
    "0: to": [
        "1: \u03c4\u03bf\u1fd6\u03c2"
    ],
    "1: all": [
        "0: \u03c0\u1fb6\u03c3\u03b9\u03bd"
    ]
}

Processing verse 0 chunk 2
Prompt string:
Look at this verse:
```
Philippians 1:1: Παῦλος καὶ Τιμόθεος, δοῦλοι Χριστοῦ Ἰησοῦ; πᾶσιν τοῖς ἁγίοις ἐν Χριστῷ Ἰησοῦ τοῖς οὖσιν ἐν Φιλίπποις, σὺν ἐπισκόποις καὶ διακόνοις: χάρις ὑμῖν καὶ εἰρήνη ἀπὸ Θεοῦ Πατρὸς ἡμῶν καὶ Κυρίου Ἰησοῦ Χριστοῦ.
```

Morphology information:
```
0: πᾶσιν: Gr,EQ,,,,DMP,
1: τοῖς: Gr,EA,,,,DMP,
2: ἁγίοις: Gr,NS,,,,DMP,
```

Focus on these specific source words:
```
0: πᾶσιν
1: τοῖς
2: ἁγίοις
```

This is the output gloss from the previous translation:
```
0: to
1: all
2: the
3: saints
```

Which source word translates to the word "2: the" or is it implicit?

Don't mention any of the other source words in your response.

Response:
The source word "τοῖς" translates to the word "the."

Answer:
[1]

gloss_mapping:
{
    "0: to": [
        "1: \u03c4\u03bf\u1fd6\u03c2"
    ],
    "1: all": [
        "0: \u03c0\u1fb6\u03c3\u03b9\u03bd"
    ],
    "2: the": [
        "1: \u03c4\u03bf\u1fd6\u03c2"
    ]
}

Processing verse 0 chunk 2
Prompt string:
Look at this verse:
```
Philippians 1:1: Παῦλος καὶ Τιμόθεος, δοῦλοι Χριστοῦ Ἰησοῦ; πᾶσιν τοῖς ἁγίοις ἐν Χριστῷ Ἰησοῦ τοῖς οὖσιν ἐν Φιλίπποις, σὺν ἐπισκόποις καὶ διακόνοις: χάρις ὑμῖν καὶ εἰρήνη ἀπὸ Θεοῦ Πατρὸς ἡμῶν καὶ Κυρίου Ἰησοῦ Χριστοῦ.
```

Morphology information:
```
0: πᾶσιν: Gr,EQ,,,,DMP,
1: τοῖς: Gr,EA,,,,DMP,
2: ἁγίοις: Gr,NS,,,,DMP,
```

Focus on these specific source words:
```
0: πᾶσιν
1: τοῖς
2: ἁγίοις
```

This is the output gloss from the previous translation:
```
0: to
1: all
2: the
3: saints
```

Which source word translates to the word "3: saints" or is it implicit?

Don't mention any of the other source words in your response.

Response:
The source word "ἁγίοις" translates to "saints."

Answer:
[2]

gloss_mapping:
{
    "0: to": [
        "1: \u03c4\u03bf\u1fd6\u03c2"
    ],
    "1: all": [
        "0: \u03c0\u1fb6\u03c3\u03b9\u03bd"
    ],
    "2: the": [
        "1: \u03c4\u03bf\u1fd6\u03c2"
    ],
    "3: saints": [
        "2: \u1f01\u03b3\u03af\u03bf\u03b9\u03c2"
    ]
}

Processing verse 0 chunk 3
Prompt string:
Look at this verse:
```
Philippians 1:1: Παῦλος καὶ Τιμόθεος, δοῦλοι Χριστοῦ Ἰησοῦ; πᾶσιν τοῖς ἁγίοις ἐν Χριστῷ Ἰησοῦ τοῖς οὖσιν ἐν Φιλίπποις, σὺν ἐπισκόποις καὶ διακόνοις: χάρις ὑμῖν καὶ εἰρήνη ἀπὸ Θεοῦ Πατρὸς ἡμῶν καὶ Κυρίου Ἰησοῦ Χριστοῦ.
```

Morphology information:
```
0: ἐν: Gr,P,,,,,D,,,
1: Χριστῷ: Gr,N,,,,,DMS,
2: Ἰησοῦ: Gr,N,,,,,DMS,
```

Focus on these specific source words:
```
0: ἐν
1: Χριστῷ
2: Ἰησοῦ
```

This is the output gloss from the previous translation:
```
0: in
1: the
2: Christ
3: Jesus
```

Which source word translates to the word "0: in" or is it implicit?

Don't mention any of the other source words in your response.

Response:
The source word that translates to "0: in" is "ἐν".

Answer:
[0]

gloss_mapping:
{
    "0: in": [
        "0: \u1f10\u03bd"
    ]
}

Processing verse 0 chunk 0
Prompt string:
Look at this verse:
```
Philippians 1:1: Παῦλος καὶ Τιμόθεος, δοῦλοι Χριστοῦ Ἰησοῦ; πᾶσιν τοῖς ἁγίοις ἐν Χριστῷ Ἰησοῦ τοῖς οὖσιν ἐν Φιλίπποις, σὺν ἐπισκόποις καὶ διακόνοις: χάρις ὑμῖν καὶ εἰρήνη ἀπὸ Θεοῦ Πατρὸς ἡμῶν καὶ Κυρίου Ἰησοῦ Χριστοῦ.
```

Morphology information:
```
0: Παῦλος: Gr,N,,,,,NMS,
1: καὶ: Gr,CC,,,,,,,,
2: Τιμόθεος: Gr,N,,,,,NMS,
```

Focus on these specific source words:
```
0: Παῦλος
1: καὶ
2: Τιμόθεος
```

This is the output gloss from the previous translation:
```
0: Paul
1: and
2: Timothy
```

Which source word translates to the word "0: Paul" or is it implicit?

Don't mention any of the other source words in your response.

If the word is implicit, say so.

Response:
The source word "Παῦλος" corresponds to the word "0: Paul" in the translation.

Answer:
[0]

gloss_mapping:
{
    "0: Paul": [
        "0: \u03a0\u03b1\u1fe6\u03bb\u03bf\u03c2"
    ]
}

Processing verse 0 chunk 0
Prompt string:
Look at this verse:
```
Philippians 1:1: Παῦλος καὶ Τιμόθεος, δοῦλοι Χριστοῦ Ἰησοῦ; πᾶσιν τοῖς ἁγίοις ἐν Χριστῷ Ἰησοῦ τοῖς οὖσιν ἐν Φιλίπποις, σὺν ἐπισκόποις καὶ διακόνοις: χάρις ὑμῖν καὶ εἰρήνη ἀπὸ Θεοῦ Πατρὸς ἡμῶν καὶ Κυρίου Ἰησοῦ Χριστοῦ.
```

Morphology information:
```
0: Παῦλος: Gr,N,,,,,NMS,
1: καὶ: Gr,CC,,,,,,,,
2: Τιμόθεος: Gr,N,,,,,NMS,
```

Focus on these specific source words:
```
0: Παῦλος
1: καὶ
2: Τιμόθεος
```

This is the output gloss from the previous translation:
```
0: Paul
1: and
2: Timothy
```

Which source word translates to the word "1: and" or is it implicit?

Don't mention any of the other source words in your response.

If the word is implicit, say so.

Response:
The source word "1: καὶ" translates to the word "and."

Answer:
[1]

gloss_mapping:
{
    "0: Paul": [
        "0: \u03a0\u03b1\u1fe6\u03bb\u03bf\u03c2"
    ],
    "1: and": [
        "1: \u03ba\u03b1\u1f76"
    ]
}

Processing verse 0 chunk 0
Prompt string:
Look at this verse:
```
Philippians 1:1: Παῦλος καὶ Τιμόθεος, δοῦλοι Χριστοῦ Ἰησοῦ; πᾶσιν τοῖς ἁγίοις ἐν Χριστῷ Ἰησοῦ τοῖς οὖσιν ἐν Φιλίπποις, σὺν ἐπισκόποις καὶ διακόνοις: χάρις ὑμῖν καὶ εἰρήνη ἀπὸ Θεοῦ Πατρὸς ἡμῶν καὶ Κυρίου Ἰησοῦ Χριστοῦ.
```

Morphology information:
```
0: Παῦλος: Gr,N,,,,,NMS,
1: καὶ: Gr,CC,,,,,,,,
2: Τιμόθεος: Gr,N,,,,,NMS,
```

Focus on these specific source words:
```
0: Παῦλος
1: καὶ
2: Τιμόθεος
```

This is the output gloss from the previous translation:
```
0: Paul
1: and
2: Timothy
```

Which source word translates to the word "2: Timothy" or is it implicit?

Don't mention any of the other source words in your response.

If the word is implicit, say so.

Response:
The source word "Τιμόθεος" translates to "2: Timothy."

Answer:
[2]

gloss_mapping:
{
    "0: Paul": [
        "0: \u03a0\u03b1\u1fe6\u03bb\u03bf\u03c2"
    ],
    "1: and": [
        "1: \u03ba\u03b1\u1f76"
    ],
    "2: Timothy": [
        "2: \u03a4\u03b9\u03bc\u03cc\u03b8\u03b5\u03bf\u03c2"
    ]
}

Processing verse 0 chunk 1
Prompt string:
Look at this verse:
```
Philippians 1:1: Παῦλος καὶ Τιμόθεος, δοῦλοι Χριστοῦ Ἰησοῦ; πᾶσιν τοῖς ἁγίοις ἐν Χριστῷ Ἰησοῦ τοῖς οὖσιν ἐν Φιλίπποις, σὺν ἐπισκόποις καὶ διακόνοις: χάρις ὑμῖν καὶ εἰρήνη ἀπὸ Θεοῦ Πατρὸς ἡμῶν καὶ Κυρίου Ἰησοῦ Χριστοῦ.
```

Morphology information:
```
0: δοῦλοι: Gr,N,,,,,NMP,
1: Χριστοῦ: Gr,N,,,,,GMS,
2: Ἰησοῦ: Gr,N,,,,,GMS,
```

Focus on these specific source words:
```
0: δοῦλοι
1: Χριστοῦ
2: Ἰησοῦ
```

This is the output gloss from the previous translation:
```
0: servants
1: of
2: Christ
3: Jesus
```

Which source word translates to the word "0: servants" or is it implicit?

Don't mention any of the other source words in your response.

If the word is implicit, say so.

Response:
The source word that translates to "servants" is implicit.

Answer:
[]

gloss_mapping:
{
    "0: servants": []
}

Processing verse 0 chunk 1
Prompt string:
Look at this verse:
```
Philippians 1:1: Παῦλος καὶ Τιμόθεος, δοῦλοι Χριστοῦ Ἰησοῦ; πᾶσιν τοῖς ἁγίοις ἐν Χριστῷ Ἰησοῦ τοῖς οὖσιν ἐν Φιλίπποις, σὺν ἐπισκόποις καὶ διακόνοις: χάρις ὑμῖν καὶ εἰρήνη ἀπὸ Θεοῦ Πατρὸς ἡμῶν καὶ Κυρίου Ἰησοῦ Χριστοῦ.
```

Morphology information:
```
0: δοῦλοι: Gr,N,,,,,NMP,
1: Χριστοῦ: Gr,N,,,,,GMS,
2: Ἰησοῦ: Gr,N,,,,,GMS,
```

Focus on these specific source words:
```
0: δοῦλοι
1: Χριστοῦ
2: Ἰησοῦ
```

This is the output gloss from the previous translation:
```
0: servants
1: of
2: Christ
3: Jesus
```

Which source word translates to the word "1: of" or is it implicit?

Don't mention any of the other source words in your response.

If the word is implicit, say so.

Response:
The word "Χριστοῦ" translates to "of" and it is implicit in the target language.

Answer:
[]

gloss_mapping:
{
    "0: servants": [],
    "1: of": []
}

Processing verse 0 chunk 0
Prompt string:
Look at this verse:
```
Philippians 1:1: Παῦλος καὶ Τιμόθεος, δοῦλοι Χριστοῦ Ἰησοῦ; πᾶσιν τοῖς ἁγίοις ἐν Χριστῷ Ἰησοῦ τοῖς οὖσιν ἐν Φιλίπποις, σὺν ἐπισκόποις καὶ διακόνοις: χάρις ὑμῖν καὶ εἰρήνη ἀπὸ Θεοῦ Πατρὸς ἡμῶν καὶ Κυρίου Ἰησοῦ Χριστοῦ.
```

Morphology information:
```
0: Παῦλος: Gr,N,,,,,NMS,
1: καὶ: Gr,CC,,,,,,,,
2: Τιμόθεος: Gr,N,,,,,NMS,
```

Focus on these specific source words:
```
0: Παῦλος
1: καὶ
2: Τιμόθεος
```

This is the output gloss from the previous translation:
```
0: Paul
1: and
2: Timothy
```

Which source word translates to the word "0: Paul" or is it implicit?

Don't mention any of the other source words in your response.

If the word is implicit, say so.

Response:
The source word that translates to the word "0: Paul" in the output gloss is implicit in the verse provided.

Answer:
[]

gloss_mapping:
{
    "0: Paul": []
}

Processing verse 0 chunk 0
Prompt string:
Look at this verse:
```
Philippians 1:1: Παῦλος καὶ Τιμόθεος, δοῦλοι Χριστοῦ Ἰησοῦ; πᾶσιν τοῖς ἁγίοις ἐν Χριστῷ Ἰησοῦ τοῖς οὖσιν ἐν Φιλίπποις, σὺν ἐπισκόποις καὶ διακόνοις: χάρις ὑμῖν καὶ εἰρήνη ἀπὸ Θεοῦ Πατρὸς ἡμῶν καὶ Κυρίου Ἰησοῦ Χριστοῦ.
```

Morphology information:
```
0: Παῦλος: Gr,N,,,,,NMS,
1: καὶ: Gr,CC,,,,,,,,
2: Τιμόθεος: Gr,N,,,,,NMS,
```

Focus on these specific source words:
```
0: Παῦλος
1: καὶ
2: Τιμόθεος
```

This is the output gloss from the previous translation:
```
0: Paul
1: and
2: Timothy
```

Which source word translates to the word "1: and" or is it implicit?

Don't mention any of the other source words in your response.

If the word is implicit, say so.

Response:
The source word that translates to the word "and" in this verse is not explicitly shown in the gloss output, as it is implicit.

Answer:
[]

gloss_mapping:
{
    "0: Paul": [],
    "1: and": []
}

Processing verse 0 chunk 0
Prompt string:
Look at this verse:
```
Philippians 1:1: Παῦλος καὶ Τιμόθεος, δοῦλοι Χριστοῦ Ἰησοῦ; πᾶσιν τοῖς ἁγίοις ἐν Χριστῷ Ἰησοῦ τοῖς οὖσιν ἐν Φιλίπποις, σὺν ἐπισκόποις καὶ διακόνοις: χάρις ὑμῖν καὶ εἰρήνη ἀπὸ Θεοῦ Πατρὸς ἡμῶν καὶ Κυρίου Ἰησοῦ Χριστοῦ.
```

Morphology information:
```
0: Παῦλος: Gr,N,,,,,NMS,
1: καὶ: Gr,CC,,,,,,,,
2: Τιμόθεος: Gr,N,,,,,NMS,
```

Focus on these specific source words:
```
0: Παῦλος
1: καὶ
2: Τιμόθεος
```

This is the output gloss from the previous translation:
```
0: Paul
1: and
2: Timothy
```

Which source word translates to the word "2: Timothy" or is it implicit?

Don't mention any of the other source words in your response.

If the word is implicit, say so.

Response:
The source word that translates to "2: Timothy" is explicit and corresponds directly to "Τιμόθεος" in the Greek text.

Answer:
[2]

gloss_mapping:
{
    "0: Paul": [],
    "1: and": [],
    "2: Timothy": [
        "2: \u03a4\u03b9\u03bc\u03cc\u03b8\u03b5\u03bf\u03c2"
    ]
}

Processing verse 0 chunk 0
Prompt string:
Look at this verse:
```
Philippians 1:1: Παῦλος καὶ Τιμόθεος, δοῦλοι Χριστοῦ Ἰησοῦ; πᾶσιν τοῖς ἁγίοις ἐν Χριστῷ Ἰησοῦ τοῖς οὖσιν ἐν Φιλίπποις, σὺν ἐπισκόποις καὶ διακόνοις: χάρις ὑμῖν καὶ εἰρήνη ἀπὸ Θεοῦ Πατρὸς ἡμῶν καὶ Κυρίου Ἰησοῦ Χριστοῦ.
```

Morphology information:
```
0: Παῦλος: Gr,N,,,,,NMS,
1: καὶ: Gr,CC,,,,,,,,
2: Τιμόθεος: Gr,N,,,,,NMS,
```

Focus on these specific source words:
```
0: Παῦλος
1: καὶ
2: Τιμόθεος
```

This is the output gloss from the previous translation:
```
0: Paul
1: and
2: Timothy
```

Don't mention any of the other source words in your response.

If the word is implicit, say so.

Which source word translates to the word "0: Paul" or is it implicit?

Response:
The source word that translates to the word "0: Paul" is Παῦλος.

Answer:
[0]

gloss_mapping:
{
    "0: Paul": [
        "0: \u03a0\u03b1\u1fe6\u03bb\u03bf\u03c2"
    ]
}

Processing verse 0 chunk 0
Prompt string:
Look at this verse:
```
Philippians 1:1: Παῦλος καὶ Τιμόθεος, δοῦλοι Χριστοῦ Ἰησοῦ; πᾶσιν τοῖς ἁγίοις ἐν Χριστῷ Ἰησοῦ τοῖς οὖσιν ἐν Φιλίπποις, σὺν ἐπισκόποις καὶ διακόνοις: χάρις ὑμῖν καὶ εἰρήνη ἀπὸ Θεοῦ Πατρὸς ἡμῶν καὶ Κυρίου Ἰησοῦ Χριστοῦ.
```

Morphology information:
```
0: Παῦλος: Gr,N,,,,,NMS,
1: καὶ: Gr,CC,,,,,,,,
2: Τιμόθεος: Gr,N,,,,,NMS,
```

Focus on these specific source words:
```
0: Παῦλος
1: καὶ
2: Τιμόθεος
```

This is the output gloss from the previous translation:
```
0: Paul
1: and
2: Timothy
```

Don't mention any of the other source words in your response.

If the word is implicit, say so.

Which source word translates to the word "0: Paul" or is it implicit?

Response:
The source word that translates to the word "0: Paul" is Παῦλος.

Answer:
[0]

gloss_mapping:
{
    "0: Paul": [
        "0: \u03a0\u03b1\u1fe6\u03bb\u03bf\u03c2"
    ]
}

Processing verse 0 chunk 0
Prompt string:
Look at this verse:
```
Philippians 1:1: Παῦλος καὶ Τιμόθεος, δοῦλοι Χριστοῦ Ἰησοῦ; πᾶσιν τοῖς ἁγίοις ἐν Χριστῷ Ἰησοῦ τοῖς οὖσιν ἐν Φιλίπποις, σὺν ἐπισκόποις καὶ διακόνοις: χάρις ὑμῖν καὶ εἰρήνη ἀπὸ Θεοῦ Πατρὸς ἡμῶν καὶ Κυρίου Ἰησοῦ Χριστοῦ.
```

Morphology information:
```
0: Παῦλος: Gr,N,,,,,NMS,
1: καὶ: Gr,CC,,,,,,,,
2: Τιμόθεος: Gr,N,,,,,NMS,
```

Focus on these specific source words:
```
0: Παῦλος
1: καὶ
2: Τιμόθεος
```

This is the output gloss from the previous translation:
```
0: Paul
1: and
2: Timothy
```

Don't mention any of the other source words in your response.

If the word is implicit, say so.

Which source word translates to the word "1: and" or is it implicit?

Response:
The source word that translates to "1: and" is καὶ.

Answer:
[1]

gloss_mapping:
{
    "0: Paul": [
        "0: \u03a0\u03b1\u1fe6\u03bb\u03bf\u03c2"
    ],
    "1: and": [
        "1: \u03ba\u03b1\u1f76"
    ]
}

Processing verse 0 chunk 0
Prompt string:
Look at this verse:
```
Philippians 1:1: Παῦλος καὶ Τιμόθεος, δοῦλοι Χριστοῦ Ἰησοῦ; πᾶσιν τοῖς ἁγίοις ἐν Χριστῷ Ἰησοῦ τοῖς οὖσιν ἐν Φιλίπποις, σὺν ἐπισκόποις καὶ διακόνοις: χάρις ὑμῖν καὶ εἰρήνη ἀπὸ Θεοῦ Πατρὸς ἡμῶν καὶ Κυρίου Ἰησοῦ Χριστοῦ.
```

Morphology information:
```
0: Παῦλος: Gr,N,,,,,NMS,
1: καὶ: Gr,CC,,,,,,,,
2: Τιμόθεος: Gr,N,,,,,NMS,
```

Focus on these specific source words:
```
0: Παῦλος
1: καὶ
2: Τιμόθεος
```

This is the output gloss from the previous translation:
```
0: Paul
1: and
2: Timothy
```

Don't mention any of the other source words in your response.

If the word is implicit, say so.

Which source word translates to the word "2: Timothy" or is it implicit?

Response:
The source word that translates to the word "Timothy" is:  
```
2: Τιμόθεος
```

Answer:
[2]

gloss_mapping:
{
    "0: Paul": [
        "0: \u03a0\u03b1\u1fe6\u03bb\u03bf\u03c2"
    ],
    "1: and": [
        "1: \u03ba\u03b1\u1f76"
    ],
    "2: Timothy": [
        "2: \u03a4\u03b9\u03bc\u03cc\u03b8\u03b5\u03bf\u03c2"
    ]
}

Processing verse 0 chunk 1
Prompt string:
Look at this verse:
```
Philippians 1:1: Παῦλος καὶ Τιμόθεος, δοῦλοι Χριστοῦ Ἰησοῦ; πᾶσιν τοῖς ἁγίοις ἐν Χριστῷ Ἰησοῦ τοῖς οὖσιν ἐν Φιλίπποις, σὺν ἐπισκόποις καὶ διακόνοις: χάρις ὑμῖν καὶ εἰρήνη ἀπὸ Θεοῦ Πατρὸς ἡμῶν καὶ Κυρίου Ἰησοῦ Χριστοῦ.
```

Morphology information:
```
0: δοῦλοι: Gr,N,,,,,NMP,
1: Χριστοῦ: Gr,N,,,,,GMS,
2: Ἰησοῦ: Gr,N,,,,,GMS,
```

Focus on these specific source words:
```
0: δοῦλοι
1: Χριστοῦ
2: Ἰησοῦ
```

This is the output gloss from the previous translation:
```
0: servants
1: of
2: Christ
3: Jesus
```

Don't mention any of the other source words in your response.

If the word is implicit, say so.

Which source word translates to the word "0: servants" or is it implicit?

Response:
The source word that translates to "servants" is: δοῦλοι (implicit).

Answer:
[0]

gloss_mapping:
{
    "0: servants": [
        "0: \u03b4\u03bf\u1fe6\u03bb\u03bf\u03b9"
    ]
}

Processing verse 0 chunk 1
Prompt string:
Look at this verse:
```
Philippians 1:1: Παῦλος καὶ Τιμόθεος, δοῦλοι Χριστοῦ Ἰησοῦ; πᾶσιν τοῖς ἁγίοις ἐν Χριστῷ Ἰησοῦ τοῖς οὖσιν ἐν Φιλίπποις, σὺν ἐπισκόποις καὶ διακόνοις: χάρις ὑμῖν καὶ εἰρήνη ἀπὸ Θεοῦ Πατρὸς ἡμῶν καὶ Κυρίου Ἰησοῦ Χριστοῦ.
```

Morphology information:
```
0: δοῦλοι: Gr,N,,,,,NMP,
1: Χριστοῦ: Gr,N,,,,,GMS,
2: Ἰησοῦ: Gr,N,,,,,GMS,
```

Focus on these specific source words:
```
0: δοῦλοι
1: Χριστοῦ
2: Ἰησοῦ
```

This is the output gloss from the previous translation:
```
0: servants
1: of
2: Christ
3: Jesus
```

Don't mention any of the other source words in your response.

If the word is implicit, say so.

Which source word translates to the word "1: of" or is it implicit?

Response:
Source word "1: Χριστοῦ" translates to the word "of" in the output gloss.

Answer:
[1]

gloss_mapping:
{
    "0: servants": [
        "0: \u03b4\u03bf\u1fe6\u03bb\u03bf\u03b9"
    ],
    "1: of": [
        "1: \u03a7\u03c1\u03b9\u03c3\u03c4\u03bf\u1fe6"
    ]
}

Processing verse 0 chunk 1
Prompt string:
Look at this verse:
```
Philippians 1:1: Παῦλος καὶ Τιμόθεος, δοῦλοι Χριστοῦ Ἰησοῦ; πᾶσιν τοῖς ἁγίοις ἐν Χριστῷ Ἰησοῦ τοῖς οὖσιν ἐν Φιλίπποις, σὺν ἐπισκόποις καὶ διακόνοις: χάρις ὑμῖν καὶ εἰρήνη ἀπὸ Θεοῦ Πατρὸς ἡμῶν καὶ Κυρίου Ἰησοῦ Χριστοῦ.
```

Morphology information:
```
0: δοῦλοι: Gr,N,,,,,NMP,
1: Χριστοῦ: Gr,N,,,,,GMS,
2: Ἰησοῦ: Gr,N,,,,,GMS,
```

Focus on these specific source words:
```
0: δοῦλοι
1: Χριστοῦ
2: Ἰησοῦ
```

This is the output gloss from the previous translation:
```
0: servants
1: of
2: Christ
3: Jesus
```

Don't mention any of the other source words in your response.

If the word is implicit, say so.

Which source word translates to the word "2: Christ" or is it implicit?

Response:
The source word that translates to the word "2: Christ" is:
```
1: Χριστοῦ
```

Answer:
[1]

gloss_mapping:
{
    "0: servants": [
        "0: \u03b4\u03bf\u1fe6\u03bb\u03bf\u03b9"
    ],
    "1: of": [
        "1: \u03a7\u03c1\u03b9\u03c3\u03c4\u03bf\u1fe6"
    ],
    "2: Christ": [
        "1: \u03a7\u03c1\u03b9\u03c3\u03c4\u03bf\u1fe6"
    ]
}

Processing verse 0 chunk 1
Prompt string:
Look at this verse:
```
Philippians 1:1: Παῦλος καὶ Τιμόθεος, δοῦλοι Χριστοῦ Ἰησοῦ; πᾶσιν τοῖς ἁγίοις ἐν Χριστῷ Ἰησοῦ τοῖς οὖσιν ἐν Φιλίπποις, σὺν ἐπισκόποις καὶ διακόνοις: χάρις ὑμῖν καὶ εἰρήνη ἀπὸ Θεοῦ Πατρὸς ἡμῶν καὶ Κυρίου Ἰησοῦ Χριστοῦ.
```

Morphology information:
```
0: δοῦλοι: Gr,N,,,,,NMP,
1: Χριστοῦ: Gr,N,,,,,GMS,
2: Ἰησοῦ: Gr,N,,,,,GMS,
```

Focus on these specific source words:
```
0: δοῦλοι
1: Χριστοῦ
2: Ἰησοῦ
```

This is the output gloss from the previous translation:
```
0: servants
1: of
2: Christ
3: Jesus
```

Don't mention any of the other source words in your response.

If the word is implicit, say so.

Which source word translates to the word "3: Jesus" or is it implicit?

Response:
The source word that translates to the word "3: Jesus" is Ιησού (Ἰησοῦ), the third word in the list.

Answer:
[2]

gloss_mapping:
{
    "0: servants": [
        "0: \u03b4\u03bf\u1fe6\u03bb\u03bf\u03b9"
    ],
    "1: of": [
        "1: \u03a7\u03c1\u03b9\u03c3\u03c4\u03bf\u1fe6"
    ],
    "2: Christ": [
        "1: \u03a7\u03c1\u03b9\u03c3\u03c4\u03bf\u1fe6"
    ],
    "3: Jesus": [
        "2: \u1f38\u03b7\u03c3\u03bf\u1fe6"
    ]
}

Processing verse 0 chunk 2
Prompt string:
Look at this verse:
```
Philippians 1:1: Παῦλος καὶ Τιμόθεος, δοῦλοι Χριστοῦ Ἰησοῦ; πᾶσιν τοῖς ἁγίοις ἐν Χριστῷ Ἰησοῦ τοῖς οὖσιν ἐν Φιλίπποις, σὺν ἐπισκόποις καὶ διακόνοις: χάρις ὑμῖν καὶ εἰρήνη ἀπὸ Θεοῦ Πατρὸς ἡμῶν καὶ Κυρίου Ἰησοῦ Χριστοῦ.
```

Morphology information:
```
0: πᾶσιν: Gr,EQ,,,,DMP,
1: τοῖς: Gr,EA,,,,DMP,
2: ἁγίοις: Gr,NS,,,,DMP,
```

Focus on these specific source words:
```
0: πᾶσιν
1: τοῖς
2: ἁγίοις
```

This is the output gloss from the previous translation:
```
0: to
1: all
2: the
3: saints
```

Don't mention any of the other source words in your response.

If the word is implicit, say so.

Which source word translates to the word "0: to" or is it implicit?

Response:
The source word that translates to the word "0: to" in the gloss is implicit.

Answer:
[]

gloss_mapping:
{
    "0: to": []
}

Processing verse 0 chunk 2
Prompt string:
Look at this verse:
```
Philippians 1:1: Παῦλος καὶ Τιμόθεος, δοῦλοι Χριστοῦ Ἰησοῦ; πᾶσιν τοῖς ἁγίοις ἐν Χριστῷ Ἰησοῦ τοῖς οὖσιν ἐν Φιλίπποις, σὺν ἐπισκόποις καὶ διακόνοις: χάρις ὑμῖν καὶ εἰρήνη ἀπὸ Θεοῦ Πατρὸς ἡμῶν καὶ Κυρίου Ἰησοῦ Χριστοῦ.
```

Morphology information:
```
0: πᾶσιν: Gr,EQ,,,,DMP,
1: τοῖς: Gr,EA,,,,DMP,
2: ἁγίοις: Gr,NS,,,,DMP,
```

Focus on these specific source words:
```
0: πᾶσιν
1: τοῖς
2: ἁγίοις
```

This is the output gloss from the previous translation:
```
0: to
1: all
2: the
3: saints
```

Don't mention any of the other source words in your response.

If the word is implicit, say so.

Which source word translates to the word "1: all" or is it implicit?

Response:
Source word "πᾶσιν" translates to the word "all" in the given output gloss.

Answer:
[0]

gloss_mapping:
{
    "0: to": [],
    "1: all": [
        "0: \u03c0\u1fb6\u03c3\u03b9\u03bd"
    ]
}

Processing verse 0 chunk 2
Prompt string:
Look at this verse:
```
Philippians 1:1: Παῦλος καὶ Τιμόθεος, δοῦλοι Χριστοῦ Ἰησοῦ; πᾶσιν τοῖς ἁγίοις ἐν Χριστῷ Ἰησοῦ τοῖς οὖσιν ἐν Φιλίπποις, σὺν ἐπισκόποις καὶ διακόνοις: χάρις ὑμῖν καὶ εἰρήνη ἀπὸ Θεοῦ Πατρὸς ἡμῶν καὶ Κυρίου Ἰησοῦ Χριστοῦ.
```

Morphology information:
```
0: πᾶσιν: Gr,EQ,,,,DMP,
1: τοῖς: Gr,EA,,,,DMP,
2: ἁγίοις: Gr,NS,,,,DMP,
```

Focus on these specific source words:
```
0: πᾶσιν
1: τοῖς
2: ἁγίοις
```

This is the output gloss from the previous translation:
```
0: to
1: all
2: the
3: saints
```

Don't mention any of the other source words in your response.

If the word is implicit, say so.

Which source word translates to the word "2: the" or is it implicit?

Response:
The source word that translates to the English word "the" is:  
2: ἁγίοις

Answer:
[2]

gloss_mapping:
{
    "0: to": [],
    "1: all": [
        "0: \u03c0\u1fb6\u03c3\u03b9\u03bd"
    ],
    "2: the": [
        "2: \u1f01\u03b3\u03af\u03bf\u03b9\u03c2"
    ]
}

Processing verse 0 chunk 2
Prompt string:
Look at this verse:
```
Philippians 1:1: Παῦλος καὶ Τιμόθεος, δοῦλοι Χριστοῦ Ἰησοῦ; πᾶσιν τοῖς ἁγίοις ἐν Χριστῷ Ἰησοῦ τοῖς οὖσιν ἐν Φιλίπποις, σὺν ἐπισκόποις καὶ διακόνοις: χάρις ὑμῖν καὶ εἰρήνη ἀπὸ Θεοῦ Πατρὸς ἡμῶν καὶ Κυρίου Ἰησοῦ Χριστοῦ.
```

Morphology information:
```
0: πᾶσιν: Gr,EQ,,,,DMP,
1: τοῖς: Gr,EA,,,,DMP,
2: ἁγίοις: Gr,NS,,,,DMP,
```

Focus on these specific source words:
```
0: πᾶσιν
1: τοῖς
2: ἁγίοις
```

This is the output gloss from the previous translation:
```
0: to
1: all
2: the
3: saints
```

Don't mention any of the other source words in your response.

If the word is implicit, say so.

Which source word translates to the word "3: saints" or is it implicit?

Response:
The source word that translates to "3: saints" is ἁγίοις.

Answer:
[2]

gloss_mapping:
{
    "0: to": [],
    "1: all": [
        "0: \u03c0\u1fb6\u03c3\u03b9\u03bd"
    ],
    "2: the": [
        "2: \u1f01\u03b3\u03af\u03bf\u03b9\u03c2"
    ],
    "3: saints": [
        "2: \u1f01\u03b3\u03af\u03bf\u03b9\u03c2"
    ]
}

Processing verse 0 chunk 3
Prompt string:
Look at this verse:
```
Philippians 1:1: Παῦλος καὶ Τιμόθεος, δοῦλοι Χριστοῦ Ἰησοῦ; πᾶσιν τοῖς ἁγίοις ἐν Χριστῷ Ἰησοῦ τοῖς οὖσιν ἐν Φιλίπποις, σὺν ἐπισκόποις καὶ διακόνοις: χάρις ὑμῖν καὶ εἰρήνη ἀπὸ Θεοῦ Πατρὸς ἡμῶν καὶ Κυρίου Ἰησοῦ Χριστοῦ.
```

Morphology information:
```
0: ἐν: Gr,P,,,,,D,,,
1: Χριστῷ: Gr,N,,,,,DMS,
2: Ἰησοῦ: Gr,N,,,,,DMS,
```

Focus on these specific source words:
```
0: ἐν
1: Χριστῷ
2: Ἰησοῦ
```

This is the output gloss from the previous translation:
```
0: in
1: the
2: Christ
3: Jesus
```

Don't mention any of the other source words in your response.

If the word is implicit, say so.

Which source word translates to the word "0: in" or is it implicit?

Response:
The source word that translates to "0: in" in this context is "ἐν."

Answer:
[0]

gloss_mapping:
{
    "0: in": [
        "0: \u1f10\u03bd"
    ]
}

Processing verse 0 chunk 3
Prompt string:
Look at this verse:
```
Philippians 1:1: Παῦλος καὶ Τιμόθεος, δοῦλοι Χριστοῦ Ἰησοῦ; πᾶσιν τοῖς ἁγίοις ἐν Χριστῷ Ἰησοῦ τοῖς οὖσιν ἐν Φιλίπποις, σὺν ἐπισκόποις καὶ διακόνοις: χάρις ὑμῖν καὶ εἰρήνη ἀπὸ Θεοῦ Πατρὸς ἡμῶν καὶ Κυρίου Ἰησοῦ Χριστοῦ.
```

Morphology information:
```
0: ἐν: Gr,P,,,,,D,,,
1: Χριστῷ: Gr,N,,,,,DMS,
2: Ἰησοῦ: Gr,N,,,,,DMS,
```

Focus on these specific source words:
```
0: ἐν
1: Χριστῷ
2: Ἰησοῦ
```

This is the output gloss from the previous translation:
```
0: in
1: the
2: Christ
3: Jesus
```

Don't mention any of the other source words in your response.

If the word is implicit, say so.

Which source word translates to the word "1: the" or is it implicit?

Response:
The source word that translates to "the" is implicit in this context.

Answer:
[]

gloss_mapping:
{
    "0: in": [
        "0: \u1f10\u03bd"
    ],
    "1: the": []
}

Processing verse 0 chunk 3
Prompt string:
Look at this verse:
```
Philippians 1:1: Παῦλος καὶ Τιμόθεος, δοῦλοι Χριστοῦ Ἰησοῦ; πᾶσιν τοῖς ἁγίοις ἐν Χριστῷ Ἰησοῦ τοῖς οὖσιν ἐν Φιλίπποις, σὺν ἐπισκόποις καὶ διακόνοις: χάρις ὑμῖν καὶ εἰρήνη ἀπὸ Θεοῦ Πατρὸς ἡμῶν καὶ Κυρίου Ἰησοῦ Χριστοῦ.
```

Morphology information:
```
0: ἐν: Gr,P,,,,,D,,,
1: Χριστῷ: Gr,N,,,,,DMS,
2: Ἰησοῦ: Gr,N,,,,,DMS,
```

Focus on these specific source words:
```
0: ἐν
1: Χριστῷ
2: Ἰησοῦ
```

This is the output gloss from the previous translation:
```
0: in
1: the
2: Christ
3: Jesus
```

Don't mention any of the other source words in your response.

If the word is implicit, say so.

Which source word translates to the word "2: Christ" or is it implicit?

Response:
The source word that translates to the word "2: Christ" is Ἰησοῦ.

Answer:
[2]

gloss_mapping:
{
    "0: in": [
        "0: \u1f10\u03bd"
    ],
    "1: the": [],
    "2: Christ": [
        "2: \u1f38\u03b7\u03c3\u03bf\u1fe6"
    ]
}

Processing verse 0 chunk 3
Prompt string:
Look at this verse:
```
Philippians 1:1: Παῦλος καὶ Τιμόθεος, δοῦλοι Χριστοῦ Ἰησοῦ; πᾶσιν τοῖς ἁγίοις ἐν Χριστῷ Ἰησοῦ τοῖς οὖσιν ἐν Φιλίπποις, σὺν ἐπισκόποις καὶ διακόνοις: χάρις ὑμῖν καὶ εἰρήνη ἀπὸ Θεοῦ Πατρὸς ἡμῶν καὶ Κυρίου Ἰησοῦ Χριστοῦ.
```

Morphology information:
```
0: ἐν: Gr,P,,,,,D,,,
1: Χριστῷ: Gr,N,,,,,DMS,
2: Ἰησοῦ: Gr,N,,,,,DMS,
```

Focus on these specific source words:
```
0: ἐν
1: Χριστῷ
2: Ἰησοῦ
```

This is the output gloss from the previous translation:
```
0: in
1: the
2: Christ
3: Jesus
```

Don't mention any of the other source words in your response.

If the word is implicit, say so.

Which source word translates to the word "3: Jesus" or is it implicit?

Response:
The source word that translates to "3: Jesus" is the Greek word "Ἰησοῦ."

Answer:
[2]

gloss_mapping:
{
    "0: in": [
        "0: \u1f10\u03bd"
    ],
    "1: the": [],
    "2: Christ": [
        "2: \u1f38\u03b7\u03c3\u03bf\u1fe6"
    ],
    "3: Jesus": [
        "2: \u1f38\u03b7\u03c3\u03bf\u1fe6"
    ]
}

Processing verse 0 chunk 4
Prompt string:
Look at this verse:
```
Philippians 1:1: Παῦλος καὶ Τιμόθεος, δοῦλοι Χριστοῦ Ἰησοῦ; πᾶσιν τοῖς ἁγίοις ἐν Χριστῷ Ἰησοῦ τοῖς οὖσιν ἐν Φιλίπποις, σὺν ἐπισκόποις καὶ διακόνοις: χάρις ὑμῖν καὶ εἰρήνη ἀπὸ Θεοῦ Πατρὸς ἡμῶν καὶ Κυρίου Ἰησοῦ Χριστοῦ.
```

Morphology information:
```
0: τοῖς: Gr,RD,,,,DMP,
1: οὖσιν: Gr,V,PPA,DMP,
```

Focus on these specific source words:
```
0: τοῖς
1: οὖσιν
```

This is the output gloss from the previous translation:
```
0: those
1: being
```

Don't mention any of the other source words in your response.

If the word is implicit, say so.

Which source word translates to the word "0: those" or is it implicit?

Response:
The source word that translates to "0: those" is "τοῖς."

Answer:
[0]

gloss_mapping:
{
    "0: those": [
        "0: \u03c4\u03bf\u1fd6\u03c2"
    ]
}

Processing verse 0 chunk 4
Prompt string:
Look at this verse:
```
Philippians 1:1: Παῦλος καὶ Τιμόθεος, δοῦλοι Χριστοῦ Ἰησοῦ; πᾶσιν τοῖς ἁγίοις ἐν Χριστῷ Ἰησοῦ τοῖς οὖσιν ἐν Φιλίπποις, σὺν ἐπισκόποις καὶ διακόνοις: χάρις ὑμῖν καὶ εἰρήνη ἀπὸ Θεοῦ Πατρὸς ἡμῶν καὶ Κυρίου Ἰησοῦ Χριστοῦ.
```

Morphology information:
```
0: τοῖς: Gr,RD,,,,DMP,
1: οὖσιν: Gr,V,PPA,DMP,
```

Focus on these specific source words:
```
0: τοῖς
1: οὖσιν
```

This is the output gloss from the previous translation:
```
0: those
1: being
```

Don't mention any of the other source words in your response.

If the word is implicit, say so.

Which source word translates to the word "1: being" or is it implicit?

Response:
The source word that translates to "1: being" is "οὖσιν."

Answer:
[1]

gloss_mapping:
{
    "0: those": [
        "0: \u03c4\u03bf\u1fd6\u03c2"
    ],
    "1: being": [
        "1: \u03bf\u1f56\u03c3\u03b9\u03bd"
    ]
}

Processing verse 0 chunk 5
Prompt string:
Look at this verse:
```
Philippians 1:1: Παῦλος καὶ Τιμόθεος, δοῦλοι Χριστοῦ Ἰησοῦ; πᾶσιν τοῖς ἁγίοις ἐν Χριστῷ Ἰησοῦ τοῖς οὖσιν ἐν Φιλίπποις, σὺν ἐπισκόποις καὶ διακόνοις: χάρις ὑμῖν καὶ εἰρήνη ἀπὸ Θεοῦ Πατρὸς ἡμῶν καὶ Κυρίου Ἰησοῦ Χριστοῦ.
```

Morphology information:
```
0: ἐν: Gr,P,,,,,D,,,
1: Φιλίπποις: Gr,N,,,,,DMP,
```

Focus on these specific source words:
```
0: ἐν
1: Φιλίπποις
```

This is the output gloss from the previous translation:
```
0: in
1: the
2: Philippi
```

Don't mention any of the other source words in your response.

If the word is implicit, say so.

Which source word translates to the word "0: in" or is it implicit?

Response:
The source word that translates to "0: in" in the gloss is ἐν.

Answer:
[0]

gloss_mapping:
{
    "0: in": [
        "0: \u1f10\u03bd"
    ]
}

Processing verse 0 chunk 5
Prompt string:
Look at this verse:
```
Philippians 1:1: Παῦλος καὶ Τιμόθεος, δοῦλοι Χριστοῦ Ἰησοῦ; πᾶσιν τοῖς ἁγίοις ἐν Χριστῷ Ἰησοῦ τοῖς οὖσιν ἐν Φιλίπποις, σὺν ἐπισκόποις καὶ διακόνοις: χάρις ὑμῖν καὶ εἰρήνη ἀπὸ Θεοῦ Πατρὸς ἡμῶν καὶ Κυρίου Ἰησοῦ Χριστοῦ.
```

Morphology information:
```
0: ἐν: Gr,P,,,,,D,,,
1: Φιλίπποις: Gr,N,,,,,DMP,
```

Focus on these specific source words:
```
0: ἐν
1: Φιλίπποις
```

This is the output gloss from the previous translation:
```
0: in
1: the
2: Philippi
```

Don't mention any of the other source words in your response.

If the word is implicit, say so.

Which source word translates to the word "1: the" or is it implicit?

Response:
The source word that translates to "1: the" in the output gloss is implicit.

Answer:
[]

gloss_mapping:
{
    "0: in": [
        "0: \u1f10\u03bd"
    ],
    "1: the": []
}

Processing verse 0 chunk 5
Prompt string:
Look at this verse:
```
Philippians 1:1: Παῦλος καὶ Τιμόθεος, δοῦλοι Χριστοῦ Ἰησοῦ; πᾶσιν τοῖς ἁγίοις ἐν Χριστῷ Ἰησοῦ τοῖς οὖσιν ἐν Φιλίπποις, σὺν ἐπισκόποις καὶ διακόνοις: χάρις ὑμῖν καὶ εἰρήνη ἀπὸ Θεοῦ Πατρὸς ἡμῶν καὶ Κυρίου Ἰησοῦ Χριστοῦ.
```

Morphology information:
```
0: ἐν: Gr,P,,,,,D,,,
1: Φιλίπποις: Gr,N,,,,,DMP,
```

Focus on these specific source words:
```
0: ἐν
1: Φιλίπποις
```

This is the output gloss from the previous translation:
```
0: in
1: the
2: Philippi
```

Don't mention any of the other source words in your response.

If the word is implicit, say so.

Which source word translates to the word "2: Philippi" or is it implicit?

Response:
The source word that translates to "2: Philippi" is:
```
1: Φιλίπποις
```

Answer:
[1]

gloss_mapping:
{
    "0: in": [
        "0: \u1f10\u03bd"
    ],
    "1: the": [],
    "2: Philippi": [
        "1: \u03a6\u03b9\u03bb\u03af\u03c0\u03c0\u03bf\u03b9\u03c2"
    ]
}

Processing verse 0 chunk 6
Prompt string:
Look at this verse:
```
Philippians 1:1: Παῦλος καὶ Τιμόθεος, δοῦλοι Χριστοῦ Ἰησοῦ; πᾶσιν τοῖς ἁγίοις ἐν Χριστῷ Ἰησοῦ τοῖς οὖσιν ἐν Φιλίπποις, σὺν ἐπισκόποις καὶ διακόνοις: χάρις ὑμῖν καὶ εἰρήνη ἀπὸ Θεοῦ Πατρὸς ἡμῶν καὶ Κυρίου Ἰησοῦ Χριστοῦ.
```

Morphology information:
```
0: σὺν: Gr,P,,,,,D,,,
1: ἐπισκόποις: Gr,N,,,,,DMP,
2: καὶ: Gr,CC,,,,,,,,
3: διακόνοις: Gr,N,,,,,DMP,
```

Focus on these specific source words:
```
0: σὺν
1: ἐπισκόποις
2: καὶ
3: διακόνοις
```

This is the output gloss from the previous translation:
```
0: with
1: the
2: bishops
3: and
4: the
5: deacons
```

Don't mention any of the other source words in your response.

If the word is implicit, say so.

Which source word translates to the word "0: with" or is it implicit?

Response:
The source word that translates to the word "0: with" is σὺν.

Answer:
[0]

gloss_mapping:
{
    "0: with": [
        "0: \u03c3\u1f7a\u03bd"
    ]
}

Processing verse 0 chunk 6
Prompt string:
Look at this verse:
```
Philippians 1:1: Παῦλος καὶ Τιμόθεος, δοῦλοι Χριστοῦ Ἰησοῦ; πᾶσιν τοῖς ἁγίοις ἐν Χριστῷ Ἰησοῦ τοῖς οὖσιν ἐν Φιλίπποις, σὺν ἐπισκόποις καὶ διακόνοις: χάρις ὑμῖν καὶ εἰρήνη ἀπὸ Θεοῦ Πατρὸς ἡμῶν καὶ Κυρίου Ἰησοῦ Χριστοῦ.
```

Morphology information:
```
0: σὺν: Gr,P,,,,,D,,,
1: ἐπισκόποις: Gr,N,,,,,DMP,
2: καὶ: Gr,CC,,,,,,,,
3: διακόνοις: Gr,N,,,,,DMP,
```

Focus on these specific source words:
```
0: σὺν
1: ἐπισκόποις
2: καὶ
3: διακόνοις
```

This is the output gloss from the previous translation:
```
0: with
1: the
2: bishops
3: and
4: the
5: deacons
```

Don't mention any of the other source words in your response.

If the word is implicit, say so.

Which source word translates to the word "1: the" or is it implicit?

Response:
The source word "1: the" translates to "ἐπισκόποις" in the verse.

Answer:
[1]

gloss_mapping:
{
    "0: with": [
        "0: \u03c3\u1f7a\u03bd"
    ],
    "1: the": [
        "1: \u1f10\u03c0\u03b9\u03c3\u03ba\u03cc\u03c0\u03bf\u03b9\u03c2"
    ]
}

Processing verse 0 chunk 6
Prompt string:
Look at this verse:
```
Philippians 1:1: Παῦλος καὶ Τιμόθεος, δοῦλοι Χριστοῦ Ἰησοῦ; πᾶσιν τοῖς ἁγίοις ἐν Χριστῷ Ἰησοῦ τοῖς οὖσιν ἐν Φιλίπποις, σὺν ἐπισκόποις καὶ διακόνοις: χάρις ὑμῖν καὶ εἰρήνη ἀπὸ Θεοῦ Πατρὸς ἡμῶν καὶ Κυρίου Ἰησοῦ Χριστοῦ.
```

Morphology information:
```
0: σὺν: Gr,P,,,,,D,,,
1: ἐπισκόποις: Gr,N,,,,,DMP,
2: καὶ: Gr,CC,,,,,,,,
3: διακόνοις: Gr,N,,,,,DMP,
```

Focus on these specific source words:
```
0: σὺν
1: ἐπισκόποις
2: καὶ
3: διακόνοις
```

This is the output gloss from the previous translation:
```
0: with
1: the
2: bishops
3: and
4: the
5: deacons
```

Don't mention any of the other source words in your response.

If the word is implicit, say so.

Which source word translates to the word "2: bishops" or is it implicit?

Response:
The source word that translates to "the bishops" is "ἐπισκόποις."

Answer:
[1]

gloss_mapping:
{
    "0: with": [
        "0: \u03c3\u1f7a\u03bd"
    ],
    "1: the": [
        "1: \u1f10\u03c0\u03b9\u03c3\u03ba\u03cc\u03c0\u03bf\u03b9\u03c2"
    ],
    "2: bishops": [
        "1: \u1f10\u03c0\u03b9\u03c3\u03ba\u03cc\u03c0\u03bf\u03b9\u03c2"
    ]
}

Processing verse 0 chunk 6
Prompt string:
Look at this verse:
```
Philippians 1:1: Παῦλος καὶ Τιμόθεος, δοῦλοι Χριστοῦ Ἰησοῦ; πᾶσιν τοῖς ἁγίοις ἐν Χριστῷ Ἰησοῦ τοῖς οὖσιν ἐν Φιλίπποις, σὺν ἐπισκόποις καὶ διακόνοις: χάρις ὑμῖν καὶ εἰρήνη ἀπὸ Θεοῦ Πατρὸς ἡμῶν καὶ Κυρίου Ἰησοῦ Χριστοῦ.
```

Morphology information:
```
0: σὺν: Gr,P,,,,,D,,,
1: ἐπισκόποις: Gr,N,,,,,DMP,
2: καὶ: Gr,CC,,,,,,,,
3: διακόνοις: Gr,N,,,,,DMP,
```

Focus on these specific source words:
```
0: σὺν
1: ἐπισκόποις
2: καὶ
3: διακόνοις
```

This is the output gloss from the previous translation:
```
0: with
1: the
2: bishops
3: and
4: the
5: deacons
```

Don't mention any of the other source words in your response.

If the word is implicit, say so.

Which source word translates to the word "3: and" or is it implicit?

Response:
The source word that translates to the word "3: and" is:
```
2: καὶ
```


Answer:
[2]

gloss_mapping:
{
    "0: with": [
        "0: \u03c3\u1f7a\u03bd"
    ],
    "1: the": [
        "1: \u1f10\u03c0\u03b9\u03c3\u03ba\u03cc\u03c0\u03bf\u03b9\u03c2"
    ],
    "2: bishops": [
        "1: \u1f10\u03c0\u03b9\u03c3\u03ba\u03cc\u03c0\u03bf\u03b9\u03c2"
    ],
    "3: and": [
        "2: \u03ba\u03b1\u1f76"
    ]
}

Processing verse 0 chunk 6
Prompt string:
Look at this verse:
```
Philippians 1:1: Παῦλος καὶ Τιμόθεος, δοῦλοι Χριστοῦ Ἰησοῦ; πᾶσιν τοῖς ἁγίοις ἐν Χριστῷ Ἰησοῦ τοῖς οὖσιν ἐν Φιλίπποις, σὺν ἐπισκόποις καὶ διακόνοις: χάρις ὑμῖν καὶ εἰρήνη ἀπὸ Θεοῦ Πατρὸς ἡμῶν καὶ Κυρίου Ἰησοῦ Χριστοῦ.
```

Morphology information:
```
0: σὺν: Gr,P,,,,,D,,,
1: ἐπισκόποις: Gr,N,,,,,DMP,
2: καὶ: Gr,CC,,,,,,,,
3: διακόνοις: Gr,N,,,,,DMP,
```

Focus on these specific source words:
```
0: σὺν
1: ἐπισκόποις
2: καὶ
3: διακόνοις
```

This is the output gloss from the previous translation:
```
0: with
1: the
2: bishops
3: and
4: the
5: deacons
```

Don't mention any of the other source words in your response.

If the word is implicit, say so.

Which source word translates to the word "4: the" or is it implicit?

Response:
The source word that translates to the English word "the" is not explicitly mentioned in the given focus list. It is implicit in the translation.

Answer:
[]

gloss_mapping:
{
    "0: with": [
        "0: \u03c3\u1f7a\u03bd"
    ],
    "1: the": [
        "1: \u1f10\u03c0\u03b9\u03c3\u03ba\u03cc\u03c0\u03bf\u03b9\u03c2"
    ],
    "2: bishops": [
        "1: \u1f10\u03c0\u03b9\u03c3\u03ba\u03cc\u03c0\u03bf\u03b9\u03c2"
    ],
    "3: and": [
        "2: \u03ba\u03b1\u1f76"
    ],
    "4: the": []
}

Processing verse 0 chunk 6
Prompt string:
Look at this verse:
```
Philippians 1:1: Παῦλος καὶ Τιμόθεος, δοῦλοι Χριστοῦ Ἰησοῦ; πᾶσιν τοῖς ἁγίοις ἐν Χριστῷ Ἰησοῦ τοῖς οὖσιν ἐν Φιλίπποις, σὺν ἐπισκόποις καὶ διακόνοις: χάρις ὑμῖν καὶ εἰρήνη ἀπὸ Θεοῦ Πατρὸς ἡμῶν καὶ Κυρίου Ἰησοῦ Χριστοῦ.
```

Morphology information:
```
0: σὺν: Gr,P,,,,,D,,,
1: ἐπισκόποις: Gr,N,,,,,DMP,
2: καὶ: Gr,CC,,,,,,,,
3: διακόνοις: Gr,N,,,,,DMP,
```

Focus on these specific source words:
```
0: σὺν
1: ἐπισκόποις
2: καὶ
3: διακόνοις
```

This is the output gloss from the previous translation:
```
0: with
1: the
2: bishops
3: and
4: the
5: deacons
```

Don't mention any of the other source words in your response.

If the word is implicit, say so.

Which source word translates to the word "5: deacons" or is it implicit?

Response:
The source word that translates to "5: deacons" is 3: διακόνοις.

Answer:
[3]

gloss_mapping:
{
    "0: with": [
        "0: \u03c3\u1f7a\u03bd"
    ],
    "1: the": [
        "1: \u1f10\u03c0\u03b9\u03c3\u03ba\u03cc\u03c0\u03bf\u03b9\u03c2"
    ],
    "2: bishops": [
        "1: \u1f10\u03c0\u03b9\u03c3\u03ba\u03cc\u03c0\u03bf\u03b9\u03c2"
    ],
    "3: and": [
        "2: \u03ba\u03b1\u1f76"
    ],
    "4: the": [],
    "5: deacons": [
        "3: \u03b4\u03b9\u03b1\u03ba\u03cc\u03bd\u03bf\u03b9\u03c2"
    ]
}

Processing verse 0 chunk 7
Prompt string:
Look at this verse:
```
Philippians 1:2: Παῦλος καὶ Τιμόθεος, δοῦλοι Χριστοῦ Ἰησοῦ; πᾶσιν τοῖς ἁγίοις ἐν Χριστῷ Ἰησοῦ τοῖς οὖσιν ἐν Φιλίπποις, σὺν ἐπισκόποις καὶ διακόνοις: χάρις ὑμῖν καὶ εἰρήνη ἀπὸ Θεοῦ Πατρὸς ἡμῶν καὶ Κυρίου Ἰησοῦ Χριστοῦ.
```

Morphology information:
```
0: χάρις: Gr,N,,,,,NFS,
1: καὶ: Gr,CC,,,,,,,,
2: εἰρήνη: Gr,N,,,,,NFS,
3: ὑμῖν: Gr,RP,,,2D,P,
```

Focus on these specific source words:
```
0: χάρις
1: καὶ
2: εἰρήνη
3: ὑμῖν
```

This is the output gloss from the previous translation:
```
0: a
1: grace
2: and
3: peace
4: to
5: you
```

Don't mention any of the other source words in your response.

If the word is implicit, say so.

Which source word translates to the word "0: a" or is it implicit?

Response:
The source word that translates to the word "0: a" is implicit in the translation and corresponds to the Greek word "χάρις" in the verse.

Answer:
[]

gloss_mapping:
{
    "0: a": []
}

Processing verse 0 chunk 7
Prompt string:
Look at this verse:
```
Philippians 1:2: Παῦλος καὶ Τιμόθεος, δοῦλοι Χριστοῦ Ἰησοῦ; πᾶσιν τοῖς ἁγίοις ἐν Χριστῷ Ἰησοῦ τοῖς οὖσιν ἐν Φιλίπποις, σὺν ἐπισκόποις καὶ διακόνοις: χάρις ὑμῖν καὶ εἰρήνη ἀπὸ Θεοῦ Πατρὸς ἡμῶν καὶ Κυρίου Ἰησοῦ Χριστοῦ.
```

Morphology information:
```
0: χάρις: Gr,N,,,,,NFS,
1: καὶ: Gr,CC,,,,,,,,
2: εἰρήνη: Gr,N,,,,,NFS,
3: ὑμῖν: Gr,RP,,,2D,P,
```

Focus on these specific source words:
```
0: χάρις
1: καὶ
2: εἰρήνη
3: ὑμῖν
```

This is the output gloss from the previous translation:
```
0: a
1: grace
2: and
3: peace
4: to
5: you
```

Don't mention any of the other source words in your response.

If the word is implicit, say so.

Which source word translates to the word "1: grace" or is it implicit?

Response:
The source word that translates to the word "1: grace" is "χάρις."

Answer:
[0]

gloss_mapping:
{
    "0: a": [],
    "1: grace": [
        "0: \u03c7\u03ac\u03c1\u03b9\u03c2"
    ]
}

Processing verse 0 chunk 7
Prompt string:
Look at this verse:
```
Philippians 1:2: Παῦλος καὶ Τιμόθεος, δοῦλοι Χριστοῦ Ἰησοῦ; πᾶσιν τοῖς ἁγίοις ἐν Χριστῷ Ἰησοῦ τοῖς οὖσιν ἐν Φιλίπποις, σὺν ἐπισκόποις καὶ διακόνοις: χάρις ὑμῖν καὶ εἰρήνη ἀπὸ Θεοῦ Πατρὸς ἡμῶν καὶ Κυρίου Ἰησοῦ Χριστοῦ.
```

Morphology information:
```
0: χάρις: Gr,N,,,,,NFS,
1: καὶ: Gr,CC,,,,,,,,
2: εἰρήνη: Gr,N,,,,,NFS,
3: ὑμῖν: Gr,RP,,,2D,P,
```

Focus on these specific source words:
```
0: χάρις
1: καὶ
2: εἰρήνη
3: ὑμῖν
```

This is the output gloss from the previous translation:
```
0: a
1: grace
2: and
3: peace
4: to
5: you
```

Don't mention any of the other source words in your response.

If the word is implicit, say so.

Which source word translates to the word "2: and" or is it implicit?

Response:
The source word that translates to the word "2: and" in the output is "1: καὶ."

Answer:
[1]

gloss_mapping:
{
    "0: a": [],
    "1: grace": [
        "0: \u03c7\u03ac\u03c1\u03b9\u03c2"
    ],
    "2: and": [
        "1: \u03ba\u03b1\u1f76"
    ]
}

Processing verse 0 chunk 7
Prompt string:
Look at this verse:
```
Philippians 1:2: Παῦλος καὶ Τιμόθεος, δοῦλοι Χριστοῦ Ἰησοῦ; πᾶσιν τοῖς ἁγίοις ἐν Χριστῷ Ἰησοῦ τοῖς οὖσιν ἐν Φιλίπποις, σὺν ἐπισκόποις καὶ διακόνοις: χάρις ὑμῖν καὶ εἰρήνη ἀπὸ Θεοῦ Πατρὸς ἡμῶν καὶ Κυρίου Ἰησοῦ Χριστοῦ.
```

Morphology information:
```
0: χάρις: Gr,N,,,,,NFS,
1: καὶ: Gr,CC,,,,,,,,
2: εἰρήνη: Gr,N,,,,,NFS,
3: ὑμῖν: Gr,RP,,,2D,P,
```

Focus on these specific source words:
```
0: χάρις
1: καὶ
2: εἰρήνη
3: ὑμῖν
```

This is the output gloss from the previous translation:
```
0: a
1: grace
2: and
3: peace
4: to
5: you
```

Don't mention any of the other source words in your response.

If the word is implicit, say so.

Which source word translates to the word "3: peace" or is it implicit?

Response:
The source word that translates to the word "3: peace" is "εἰρήνη."

Answer:
[2]

gloss_mapping:
{
    "0: a": [],
    "1: grace": [
        "0: \u03c7\u03ac\u03c1\u03b9\u03c2"
    ],
    "2: and": [
        "1: \u03ba\u03b1\u1f76"
    ],
    "3: peace": [
        "2: \u03b5\u1f30\u03c1\u03ae\u03bd\u03b7"
    ]
}

Processing verse 0 chunk 7
Prompt string:
Look at this verse:
```
Philippians 1:2: Παῦλος καὶ Τιμόθεος, δοῦλοι Χριστοῦ Ἰησοῦ; πᾶσιν τοῖς ἁγίοις ἐν Χριστῷ Ἰησοῦ τοῖς οὖσιν ἐν Φιλίπποις, σὺν ἐπισκόποις καὶ διακόνοις: χάρις ὑμῖν καὶ εἰρήνη ἀπὸ Θεοῦ Πατρὸς ἡμῶν καὶ Κυρίου Ἰησοῦ Χριστοῦ.
```

Morphology information:
```
0: χάρις: Gr,N,,,,,NFS,
1: καὶ: Gr,CC,,,,,,,,
2: εἰρήνη: Gr,N,,,,,NFS,
3: ὑμῖν: Gr,RP,,,2D,P,
```

Focus on these specific source words:
```
0: χάρις
1: καὶ
2: εἰρήνη
3: ὑμῖν
```

This is the output gloss from the previous translation:
```
0: a
1: grace
2: and
3: peace
4: to
5: you
```

Don't mention any of the other source words in your response.

If the word is implicit, say so.

Which source word translates to the word "4: to" or is it implicit?

Response:
The word "4: to" is implicit in the translation and does not directly correspond to any of the specified source words.

Answer:
[]

gloss_mapping:
{
    "0: a": [],
    "1: grace": [
        "0: \u03c7\u03ac\u03c1\u03b9\u03c2"
    ],
    "2: and": [
        "1: \u03ba\u03b1\u1f76"
    ],
    "3: peace": [
        "2: \u03b5\u1f30\u03c1\u03ae\u03bd\u03b7"
    ],
    "4: to": []
}

Processing verse 0 chunk 7
Prompt string:
Look at this verse:
```
Philippians 1:2: Παῦλος καὶ Τιμόθεος, δοῦλοι Χριστοῦ Ἰησοῦ; πᾶσιν τοῖς ἁγίοις ἐν Χριστῷ Ἰησοῦ τοῖς οὖσιν ἐν Φιλίπποις, σὺν ἐπισκόποις καὶ διακόνοις: χάρις ὑμῖν καὶ εἰρήνη ἀπὸ Θεοῦ Πατρὸς ἡμῶν καὶ Κυρίου Ἰησοῦ Χριστοῦ.
```

Morphology information:
```
0: χάρις: Gr,N,,,,,NFS,
1: καὶ: Gr,CC,,,,,,,,
2: εἰρήνη: Gr,N,,,,,NFS,
3: ὑμῖν: Gr,RP,,,2D,P,
```

Focus on these specific source words:
```
0: χάρις
1: καὶ
2: εἰρήνη
3: ὑμῖν
```

This is the output gloss from the previous translation:
```
0: a
1: grace
2: and
3: peace
4: to
5: you
```

Don't mention any of the other source words in your response.

If the word is implicit, say so.

Which source word translates to the word "5: you" or is it implicit?

Response:
The source word that translates to the word "5: you" is:
```
3: ὑμῖν - Implicit
```

Answer:
[3]

gloss_mapping:
{
    "0: a": [],
    "1: grace": [
        "0: \u03c7\u03ac\u03c1\u03b9\u03c2"
    ],
    "2: and": [
        "1: \u03ba\u03b1\u1f76"
    ],
    "3: peace": [
        "2: \u03b5\u1f30\u03c1\u03ae\u03bd\u03b7"
    ],
    "4: to": [],
    "5: you": [
        "3: \u1f51\u03bc\u1fd6\u03bd"
    ]
}

Processing verse 0 chunk 8
Prompt string:
Look at this verse:
```
Philippians 1:2: Παῦλος καὶ Τιμόθεος, δοῦλοι Χριστοῦ Ἰησοῦ; πᾶσιν τοῖς ἁγίοις ἐν Χριστῷ Ἰησοῦ τοῖς οὖσιν ἐν Φιλίπποις, σὺν ἐπισκόποις καὶ διακόνοις: χάρις ὑμῖν καὶ εἰρήνη ἀπὸ Θεοῦ Πατρὸς ἡμῶν καὶ Κυρίου Ἰησοῦ Χριστοῦ.
```

Morphology information:
```
0: ἀπὸ: Gr,P,,,,,G,,,
1: Θεοῦ: Gr,N,,,,,GMS,
2: Πατρὸς: Gr,N,,,,,GMS,
3: ἡμῶν: Gr,RP,,,1G,P,
```

Focus on these specific source words:
```
0: ἀπὸ
1: Θεοῦ
2: Πατρὸς
3: ἡμῶν
```

This is the output gloss from the previous translation:
```
0: from
1: God
2: the
3: Father
4: of
5: our
```

Don't mention any of the other source words in your response.

If the word is implicit, say so.

Which source word translates to the word "0: from" or is it implicit?

Response:
The source word that translates to "0: from" is: ἀπὸ.

Answer:
[0]

gloss_mapping:
{
    "0: from": [
        "0: \u1f00\u03c0\u1f78"
    ]
}

Processing verse 0 chunk 8
Prompt string:
Look at this verse:
```
Philippians 1:2: Παῦλος καὶ Τιμόθεος, δοῦλοι Χριστοῦ Ἰησοῦ; πᾶσιν τοῖς ἁγίοις ἐν Χριστῷ Ἰησοῦ τοῖς οὖσιν ἐν Φιλίπποις, σὺν ἐπισκόποις καὶ διακόνοις: χάρις ὑμῖν καὶ εἰρήνη ἀπὸ Θεοῦ Πατρὸς ἡμῶν καὶ Κυρίου Ἰησοῦ Χριστοῦ.
```

Morphology information:
```
0: ἀπὸ: Gr,P,,,,,G,,,
1: Θεοῦ: Gr,N,,,,,GMS,
2: Πατρὸς: Gr,N,,,,,GMS,
3: ἡμῶν: Gr,RP,,,1G,P,
```

Focus on these specific source words:
```
0: ἀπὸ
1: Θεοῦ
2: Πατρὸς
3: ἡμῶν
```

This is the output gloss from the previous translation:
```
0: from
1: God
2: the
3: Father
4: of
5: our
```

Don't mention any of the other source words in your response.

If the word is implicit, say so.

Which source word translates to the word "1: God" or is it implicit?

Response:
The source word that translates to the word "1: God" is Θεοῦ.

Answer:
[1]

gloss_mapping:
{
    "0: from": [
        "0: \u1f00\u03c0\u1f78"
    ],
    "1: God": [
        "1: \u0398\u03b5\u03bf\u1fe6"
    ]
}

Processing verse 0 chunk 8
Prompt string:
Look at this verse:
```
Philippians 1:2: Παῦλος καὶ Τιμόθεος, δοῦλοι Χριστοῦ Ἰησοῦ; πᾶσιν τοῖς ἁγίοις ἐν Χριστῷ Ἰησοῦ τοῖς οὖσιν ἐν Φιλίπποις, σὺν ἐπισκόποις καὶ διακόνοις: χάρις ὑμῖν καὶ εἰρήνη ἀπὸ Θεοῦ Πατρὸς ἡμῶν καὶ Κυρίου Ἰησοῦ Χριστοῦ.
```

Morphology information:
```
0: ἀπὸ: Gr,P,,,,,G,,,
1: Θεοῦ: Gr,N,,,,,GMS,
2: Πατρὸς: Gr,N,,,,,GMS,
3: ἡμῶν: Gr,RP,,,1G,P,
```

Focus on these specific source words:
```
0: ἀπὸ
1: Θεοῦ
2: Πατρὸς
3: ἡμῶν
```

This is the output gloss from the previous translation:
```
0: from
1: God
2: the
3: Father
4: of
5: our
```

Don't mention any of the other source words in your response.

If the word is implicit, say so.

Which source word translates to the word "2: the" or is it implicit?

Response:
The source word that translates to the word "the" in the gloss is `Πατρὸς` (Father).

Answer:
[2]

gloss_mapping:
{
    "0: from": [
        "0: \u1f00\u03c0\u1f78"
    ],
    "1: God": [
        "1: \u0398\u03b5\u03bf\u1fe6"
    ],
    "2: the": [
        "2: \u03a0\u03b1\u03c4\u03c1\u1f78\u03c2"
    ]
}

Processing verse 0 chunk 8
Prompt string:
Look at this verse:
```
Philippians 1:2: Παῦλος καὶ Τιμόθεος, δοῦλοι Χριστοῦ Ἰησοῦ; πᾶσιν τοῖς ἁγίοις ἐν Χριστῷ Ἰησοῦ τοῖς οὖσιν ἐν Φιλίπποις, σὺν ἐπισκόποις καὶ διακόνοις: χάρις ὑμῖν καὶ εἰρήνη ἀπὸ Θεοῦ Πατρὸς ἡμῶν καὶ Κυρίου Ἰησοῦ Χριστοῦ.
```

Morphology information:
```
0: ἀπὸ: Gr,P,,,,,G,,,
1: Θεοῦ: Gr,N,,,,,GMS,
2: Πατρὸς: Gr,N,,,,,GMS,
3: ἡμῶν: Gr,RP,,,1G,P,
```

Focus on these specific source words:
```
0: ἀπὸ
1: Θεοῦ
2: Πατρὸς
3: ἡμῶν
```

This is the output gloss from the previous translation:
```
0: from
1: God
2: the
3: Father
4: of
5: our
```

Don't mention any of the other source words in your response.

If the word is implicit, say so.

Which source word translates to the word "3: Father" or is it implicit?

Response:
The source word that translates to the word "Father" is:  
```
2: Πατρὸς
```

Answer:
[2]

gloss_mapping:
{
    "0: from": [
        "0: \u1f00\u03c0\u1f78"
    ],
    "1: God": [
        "1: \u0398\u03b5\u03bf\u1fe6"
    ],
    "2: the": [
        "2: \u03a0\u03b1\u03c4\u03c1\u1f78\u03c2"
    ],
    "3: Father": [
        "2: \u03a0\u03b1\u03c4\u03c1\u1f78\u03c2"
    ]
}

Processing verse 0 chunk 8
Prompt string:
Look at this verse:
```
Philippians 1:2: Παῦλος καὶ Τιμόθεος, δοῦλοι Χριστοῦ Ἰησοῦ; πᾶσιν τοῖς ἁγίοις ἐν Χριστῷ Ἰησοῦ τοῖς οὖσιν ἐν Φιλίπποις, σὺν ἐπισκόποις καὶ διακόνοις: χάρις ὑμῖν καὶ εἰρήνη ἀπὸ Θεοῦ Πατρὸς ἡμῶν καὶ Κυρίου Ἰησοῦ Χριστοῦ.
```

Morphology information:
```
0: ἀπὸ: Gr,P,,,,,G,,,
1: Θεοῦ: Gr,N,,,,,GMS,
2: Πατρὸς: Gr,N,,,,,GMS,
3: ἡμῶν: Gr,RP,,,1G,P,
```

Focus on these specific source words:
```
0: ἀπὸ
1: Θεοῦ
2: Πατρὸς
3: ἡμῶν
```

This is the output gloss from the previous translation:
```
0: from
1: God
2: the
3: Father
4: of
5: our
```

Don't mention any of the other source words in your response.

If the word is implicit, say so.

Which source word translates to the word "4: of" or is it implicit?

Response:
The source word that translates to the word "4: of" is Πατρὸς (Father).

Answer:
[2]

gloss_mapping:
{
    "0: from": [
        "0: \u1f00\u03c0\u1f78"
    ],
    "1: God": [
        "1: \u0398\u03b5\u03bf\u1fe6"
    ],
    "2: the": [
        "2: \u03a0\u03b1\u03c4\u03c1\u1f78\u03c2"
    ],
    "3: Father": [
        "2: \u03a0\u03b1\u03c4\u03c1\u1f78\u03c2"
    ],
    "4: of": [
        "2: \u03a0\u03b1\u03c4\u03c1\u1f78\u03c2"
    ]
}

Processing verse 0 chunk 8
Prompt string:
Look at this verse:
```
Philippians 1:2: Παῦλος καὶ Τιμόθεος, δοῦλοι Χριστοῦ Ἰησοῦ; πᾶσιν τοῖς ἁγίοις ἐν Χριστῷ Ἰησοῦ τοῖς οὖσιν ἐν Φιλίπποις, σὺν ἐπισκόποις καὶ διακόνοις: χάρις ὑμῖν καὶ εἰρήνη ἀπὸ Θεοῦ Πατρὸς ἡμῶν καὶ Κυρίου Ἰησοῦ Χριστοῦ.
```

Morphology information:
```
0: ἀπὸ: Gr,P,,,,,G,,,
1: Θεοῦ: Gr,N,,,,,GMS,
2: Πατρὸς: Gr,N,,,,,GMS,
3: ἡμῶν: Gr,RP,,,1G,P,
```

Focus on these specific source words:
```
0: ἀπὸ
1: Θεοῦ
2: Πατρὸς
3: ἡμῶν
```

This is the output gloss from the previous translation:
```
0: from
1: God
2: the
3: Father
4: of
5: our
```

Don't mention any of the other source words in your response.

If the word is implicit, say so.

Which source word translates to the word "5: our" or is it implicit?

Response:
The source word that translates to the word "5: our" is ἡμῶν, which means "our" in English.

Answer:
[3]

gloss_mapping:
{
    "0: from": [
        "0: \u1f00\u03c0\u1f78"
    ],
    "1: God": [
        "1: \u0398\u03b5\u03bf\u1fe6"
    ],
    "2: the": [
        "2: \u03a0\u03b1\u03c4\u03c1\u1f78\u03c2"
    ],
    "3: Father": [
        "2: \u03a0\u03b1\u03c4\u03c1\u1f78\u03c2"
    ],
    "4: of": [
        "2: \u03a0\u03b1\u03c4\u03c1\u1f78\u03c2"
    ],
    "5: our": [
        "3: \u1f21\u03bc\u1ff6\u03bd"
    ]
}

Processing verse 0 chunk 9
Prompt string:
Look at this verse:
```
Philippians 1:2: Παῦλος καὶ Τιμόθεος, δοῦλοι Χριστοῦ Ἰησοῦ; πᾶσιν τοῖς ἁγίοις ἐν Χριστῷ Ἰησοῦ τοῖς οὖσιν ἐν Φιλίπποις, σὺν ἐπισκόποις καὶ διακόνοις: χάρις ὑμῖν καὶ εἰρήνη ἀπὸ Θεοῦ Πατρὸς ἡμῶν καὶ Κυρίου Ἰησοῦ Χριστοῦ.
```

Morphology information:
```
0: καὶ: Gr,CC,,,,,,,,
1: Κυρίου: Gr,N,,,,,GMS,
2: Ἰησοῦ: Gr,N,,,,,GMS,
3: Χριστοῦ: Gr,N,,,,,GMS,
```

Focus on these specific source words:
```
0: καὶ
1: Κυρίου
2: Ἰησοῦ
3: Χριστοῦ
```

This is the output gloss from the previous translation:
```
0: and
1: of
2: the
3: Lord
4: Jesus
5: Christ
```

Don't mention any of the other source words in your response.

If the word is implicit, say so.

Which source word translates to the word "0: and" or is it implicit?

Response:
The source word that translates to "0: and" is the Greek word "καὶ."

Answer:
[0]

gloss_mapping:
{
    "0: and": [
        "0: \u03ba\u03b1\u1f76"
    ]
}

Processing verse 0 chunk 9
Prompt string:
Look at this verse:
```
Philippians 1:2: Παῦλος καὶ Τιμόθεος, δοῦλοι Χριστοῦ Ἰησοῦ; πᾶσιν τοῖς ἁγίοις ἐν Χριστῷ Ἰησοῦ τοῖς οὖσιν ἐν Φιλίπποις, σὺν ἐπισκόποις καὶ διακόνοις: χάρις ὑμῖν καὶ εἰρήνη ἀπὸ Θεοῦ Πατρὸς ἡμῶν καὶ Κυρίου Ἰησοῦ Χριστοῦ.
```

Morphology information:
```
0: καὶ: Gr,CC,,,,,,,,
1: Κυρίου: Gr,N,,,,,GMS,
2: Ἰησοῦ: Gr,N,,,,,GMS,
3: Χριστοῦ: Gr,N,,,,,GMS,
```

Focus on these specific source words:
```
0: καὶ
1: Κυρίου
2: Ἰησοῦ
3: Χριστοῦ
```

This is the output gloss from the previous translation:
```
0: and
1: of
2: the
3: Lord
4: Jesus
5: Christ
```

Don't mention any of the other source words in your response.

If the word is implicit, say so.

Which source word translates to the word "1: of" or is it implicit?

Response:
The source word that translates to the word "1: of" is "Κυρίου" (Kyriou).

Answer:
[1]

gloss_mapping:
{
    "0: and": [
        "0: \u03ba\u03b1\u1f76"
    ],
    "1: of": [
        "1: \u039a\u03c5\u03c1\u03af\u03bf\u03c5"
    ]
}

Processing verse 0 chunk 9
Prompt string:
Look at this verse:
```
Philippians 1:2: Παῦλος καὶ Τιμόθεος, δοῦλοι Χριστοῦ Ἰησοῦ; πᾶσιν τοῖς ἁγίοις ἐν Χριστῷ Ἰησοῦ τοῖς οὖσιν ἐν Φιλίπποις, σὺν ἐπισκόποις καὶ διακόνοις: χάρις ὑμῖν καὶ εἰρήνη ἀπὸ Θεοῦ Πατρὸς ἡμῶν καὶ Κυρίου Ἰησοῦ Χριστοῦ.
```

Morphology information:
```
0: καὶ: Gr,CC,,,,,,,,
1: Κυρίου: Gr,N,,,,,GMS,
2: Ἰησοῦ: Gr,N,,,,,GMS,
3: Χριστοῦ: Gr,N,,,,,GMS,
```

Focus on these specific source words:
```
0: καὶ
1: Κυρίου
2: Ἰησοῦ
3: Χριστοῦ
```

This is the output gloss from the previous translation:
```
0: and
1: of
2: the
3: Lord
4: Jesus
5: Christ
```

Don't mention any of the other source words in your response.

If the word is implicit, say so.

Which source word translates to the word "2: the" or is it implicit?

Response:
The source word that translates to the word "the" is implicit in this context.

Answer:
[]

gloss_mapping:
{
    "0: and": [
        "0: \u03ba\u03b1\u1f76"
    ],
    "1: of": [
        "1: \u039a\u03c5\u03c1\u03af\u03bf\u03c5"
    ],
    "2: the": []
}

Processing verse 0 chunk 9
Prompt string:
Look at this verse:
```
Philippians 1:2: Παῦλος καὶ Τιμόθεος, δοῦλοι Χριστοῦ Ἰησοῦ; πᾶσιν τοῖς ἁγίοις ἐν Χριστῷ Ἰησοῦ τοῖς οὖσιν ἐν Φιλίπποις, σὺν ἐπισκόποις καὶ διακόνοις: χάρις ὑμῖν καὶ εἰρήνη ἀπὸ Θεοῦ Πατρὸς ἡμῶν καὶ Κυρίου Ἰησοῦ Χριστοῦ.
```

Morphology information:
```
0: καὶ: Gr,CC,,,,,,,,
1: Κυρίου: Gr,N,,,,,GMS,
2: Ἰησοῦ: Gr,N,,,,,GMS,
3: Χριστοῦ: Gr,N,,,,,GMS,
```

Focus on these specific source words:
```
0: καὶ
1: Κυρίου
2: Ἰησοῦ
3: Χριστοῦ
```

This is the output gloss from the previous translation:
```
0: and
1: of
2: the
3: Lord
4: Jesus
5: Christ
```

Don't mention any of the other source words in your response.

If the word is implicit, say so.

Which source word translates to the word "3: Lord" or is it implicit?

Response:
The source word that translates to the word "3: Lord" is "Κυρίου".

Answer:
[1]

gloss_mapping:
{
    "0: and": [
        "0: \u03ba\u03b1\u1f76"
    ],
    "1: of": [
        "1: \u039a\u03c5\u03c1\u03af\u03bf\u03c5"
    ],
    "2: the": [],
    "3: Lord": [
        "1: \u039a\u03c5\u03c1\u03af\u03bf\u03c5"
    ]
}

Processing verse 0 chunk 9
Prompt string:
Look at this verse:
```
Philippians 1:2: Παῦλος καὶ Τιμόθεος, δοῦλοι Χριστοῦ Ἰησοῦ; πᾶσιν τοῖς ἁγίοις ἐν Χριστῷ Ἰησοῦ τοῖς οὖσιν ἐν Φιλίπποις, σὺν ἐπισκόποις καὶ διακόνοις: χάρις ὑμῖν καὶ εἰρήνη ἀπὸ Θεοῦ Πατρὸς ἡμῶν καὶ Κυρίου Ἰησοῦ Χριστοῦ.
```

Morphology information:
```
0: καὶ: Gr,CC,,,,,,,,
1: Κυρίου: Gr,N,,,,,GMS,
2: Ἰησοῦ: Gr,N,,,,,GMS,
3: Χριστοῦ: Gr,N,,,,,GMS,
```

Focus on these specific source words:
```
0: καὶ
1: Κυρίου
2: Ἰησοῦ
3: Χριστοῦ
```

This is the output gloss from the previous translation:
```
0: and
1: of
2: the
3: Lord
4: Jesus
5: Christ
```

Don't mention any of the other source words in your response.

If the word is implicit, say so.

Which source word translates to the word "4: Jesus" or is it implicit?

Response:
The source word that translates to the word "4: Jesus" is implicit in this verse.

Answer:
[]

gloss_mapping:
{
    "0: and": [
        "0: \u03ba\u03b1\u1f76"
    ],
    "1: of": [
        "1: \u039a\u03c5\u03c1\u03af\u03bf\u03c5"
    ],
    "2: the": [],
    "3: Lord": [
        "1: \u039a\u03c5\u03c1\u03af\u03bf\u03c5"
    ],
    "4: Jesus": []
}

Processing verse 0 chunk 9
Prompt string:
Look at this verse:
```
Philippians 1:2: Παῦλος καὶ Τιμόθεος, δοῦλοι Χριστοῦ Ἰησοῦ; πᾶσιν τοῖς ἁγίοις ἐν Χριστῷ Ἰησοῦ τοῖς οὖσιν ἐν Φιλίπποις, σὺν ἐπισκόποις καὶ διακόνοις: χάρις ὑμῖν καὶ εἰρήνη ἀπὸ Θεοῦ Πατρὸς ἡμῶν καὶ Κυρίου Ἰησοῦ Χριστοῦ.
```

Morphology information:
```
0: καὶ: Gr,CC,,,,,,,,
1: Κυρίου: Gr,N,,,,,GMS,
2: Ἰησοῦ: Gr,N,,,,,GMS,
3: Χριστοῦ: Gr,N,,,,,GMS,
```

Focus on these specific source words:
```
0: καὶ
1: Κυρίου
2: Ἰησοῦ
3: Χριστοῦ
```

This is the output gloss from the previous translation:
```
0: and
1: of
2: the
3: Lord
4: Jesus
5: Christ
```

Don't mention any of the other source words in your response.

If the word is implicit, say so.

Which source word translates to the word "5: Christ" or is it implicit?

Response:
The source word that translates to the word "5: Christ" is:
```
3: Χριστοῦ
```

Answer:
[3]

gloss_mapping:
{
    "0: and": [
        "0: \u03ba\u03b1\u1f76"
    ],
    "1: of": [
        "1: \u039a\u03c5\u03c1\u03af\u03bf\u03c5"
    ],
    "2: the": [],
    "3: Lord": [
        "1: \u039a\u03c5\u03c1\u03af\u03bf\u03c5"
    ],
    "4: Jesus": [],
    "5: Christ": [
        "3: \u03a7\u03c1\u03b9\u03c3\u03c4\u03bf\u1fe6"
    ]
}

