Processing verse 0 chunk 0
Prompt string:

Look at this verse:
```
Philippians 1:1: Παῦλος καὶ Τιμόθεος, δοῦλοι Χριστοῦ Ἰησοῦ; πᾶσιν τοῖς ἁγίοις ἐν Χριστῷ Ἰησοῦ τοῖς οὖσιν ἐν Φιλίπποις, σὺν ἐπισκόποις καὶ διακόνοις: χάρις ὑμῖν καὶ εἰρήνη ἀπὸ Θεοῦ Πατρὸς ἡμῶν καὶ Κυρίου Ἰησοῦ Χριστοῦ.
```

Focus on these specific words:
```
Παῦλος καὶ Τιμόθεος
```

Morphology information:
```
Παῦλος: Gr,N,,,,,NMS,
καὶ: Gr,CC,,,,,,,,
Τιμόθεος: Gr,N,,,,,NMS,
```


The gloss for this in French is:
```
Paul et Timothée,
```

What is the gloss for these specific words in Farsi?  Mark supplemental implicit words with *asterisks* in the gloss. Output the answer in JSON. 

Use Christian words such as in Persion Old Version. Do not use Muslim words or Arabic words.

Example output:
```json
{"gloss": "combined-words and *implicit words* example"}
```

Response:
```json
{"gloss": "پولُس و تیمُتائوس"}
```

Answer:
پولُس و تیمُتائوس

Processing verse 0 chunk 1
Prompt string:

Look at this verse:
```
Philippians 1:1: Παῦλος καὶ Τιμόθεος, δοῦλοι Χριστοῦ Ἰησοῦ; πᾶσιν τοῖς ἁγίοις ἐν Χριστῷ Ἰησοῦ τοῖς οὖσιν ἐν Φιλίπποις, σὺν ἐπισκόποις καὶ διακόνοις: χάρις ὑμῖν καὶ εἰρήνη ἀπὸ Θεοῦ Πατρὸς ἡμῶν καὶ Κυρίου Ἰησοῦ Χριστοῦ.
```

Focus on these specific words:
```
δοῦλοι Χριστοῦ Ἰησοῦ
```

Morphology information:
```
δοῦλοι: Gr,N,,,,,NMP,
Χριστοῦ: Gr,N,,,,,GMS,
Ἰησοῦ: Gr,N,,,,,GMS,
```


The gloss for this in French is:
```
serviteurs du-Christ Jésus
```

What is the gloss for these specific words in Farsi?  Mark supplemental implicit words with *asterisks* in the gloss. Output the answer in JSON. 

Use Christian words such as in Persion Old Version. Do not use Muslim words or Arabic words.

Example output:
```json
{"gloss": "combined-words and *implicit words* example"}
```

Response:
```json
{"gloss": "بندگان *از* مسیح عیسی"}
```

Answer:
بندگان *از* مسیح عیسی

