Processing verse 0 chunk 0
Prompt string:
Look at this verse:
```
Philippians 1:1: Παῦλος καὶ Τιμόθεος, δοῦλοι Χριστοῦ Ἰησοῦ; πᾶσιν τοῖς ἁγίοις ἐν Χριστῷ Ἰησοῦ τοῖς οὖσιν ἐν Φιλίπποις, σὺν ἐπισκόποις καὶ διακόνοις: χάρις ὑμῖν καὶ εἰρήνη ἀπὸ Θεοῦ Πατρὸς ἡμῶν καὶ Κυρίου Ἰησοῦ Χριστοῦ.
```

Focus on these specific words:
```
Παῦλος καὶ Τιμόθεος
```

Morphology information:
```
Παῦλος: Gr,N,,,,,NMS,
καὶ: Gr,CC,,,,,,,,
Τιμόθεος: Gr,N,,,,,NMS,
```

The gloss for this in French is:
```
Paul et Timothée,
```

What is the gloss for these specific words in English?  Mark supplemental implicit words with *asterisks* in the gloss. Output the answer in JSON.

Example output:
```json
{"gloss": "combined-words and *implicit words* example"}
```

