Processing verse 0 chunk 0
Prompt string:
Look at this verse:
```
Titus 1:1: Παῦλος, δοῦλος Θεοῦ, ἀπόστολος δὲ Ἰησοῦ Χριστοῦ, κατὰ πίστιν ἐκλεκτῶν Θεοῦ, καὶ ἐπίγνωσιν ἀληθείας, τῆς κατ’ εὐσέβειαν ἐπ’ ἐλπίδι ζωῆς αἰωνίου, ἣν ἐπηγγείλατο ὁ ἀψευδὴς Θεὸς πρὸ χρόνων αἰωνίων, ἐφανέρωσεν δὲ καιροῖς ἰδίοις τὸν λόγον αὐτοῦ ἐν κηρύγματι, ὃ ἐπιστεύθην ἐγὼ, κατ’ ἐπιταγὴν τοῦ Σωτῆρος ἡμῶν, Θεοῦ; Τίτῳ, γνησίῳ τέκνῳ, κατὰ κοινὴν πίστιν: χάρις καὶ εἰρήνη ἀπὸ Θεοῦ Πατρὸς καὶ Χριστοῦ Ἰησοῦ τοῦ Σωτῆρος ἡμῶν.
```

Focus on these specific words:
```
Παῦλος
```

Morphology information:
```
Παῦλος: Gr,N,,,,,NMS,
```

The gloss for this in French is:
```
Paul,
```

What is the gloss for these specific words in English?  Mark supplemental implicit words with *asterisks* in the gloss. Output the answer in JSON.

Example output:
```json
{"gloss": "combined-words and *implicit words* example"}
```

Response:
```json
{"gloss": "Paul"}
```

Answer:
Paul

Processing verse 0 chunk 1
Prompt string:
Look at this verse:
```
Titus 1:1: Παῦλος, δοῦλος Θεοῦ, ἀπόστολος δὲ Ἰησοῦ Χριστοῦ, κατὰ πίστιν ἐκλεκτῶν Θεοῦ, καὶ ἐπίγνωσιν ἀληθείας, τῆς κατ’ εὐσέβειαν ἐπ’ ἐλπίδι ζωῆς αἰωνίου, ἣν ἐπηγγείλατο ὁ ἀψευδὴς Θεὸς πρὸ χρόνων αἰωνίων, ἐφανέρωσεν δὲ καιροῖς ἰδίοις τὸν λόγον αὐτοῦ ἐν κηρύγματι, ὃ ἐπιστεύθην ἐγὼ, κατ’ ἐπιταγὴν τοῦ Σωτῆρος ἡμῶν, Θεοῦ; Τίτῳ, γνησίῳ τέκνῳ, κατὰ κοινὴν πίστιν: χάρις καὶ εἰρήνη ἀπὸ Θεοῦ Πατρὸς καὶ Χριστοῦ Ἰησοῦ τοῦ Σωτῆρος ἡμῶν.
```

Focus on these specific words:
```
δοῦλος Θεοῦ
```

Morphology information:
```
δοῦλος: Gr,N,,,,,NMS,
Θεοῦ: Gr,N,,,,,GMS,
```

The gloss for this in French is:
```
serviteur de-Dieu,
```

What is the gloss for these specific words in English?  Mark supplemental implicit words with *asterisks* in the gloss. Output the answer in JSON.

Example output:
```json
{"gloss": "combined-words and *implicit words* example"}
```

Response:
```json
{"gloss": "servant of *God*"}
```

Answer:
servant of *God*

Processing verse 0 chunk 2
Prompt string:
Look at this verse:
```
Titus 1:1: Παῦλος, δοῦλος Θεοῦ, ἀπόστολος δὲ Ἰησοῦ Χριστοῦ, κατὰ πίστιν ἐκλεκτῶν Θεοῦ, καὶ ἐπίγνωσιν ἀληθείας, τῆς κατ’ εὐσέβειαν ἐπ’ ἐλπίδι ζωῆς αἰωνίου, ἣν ἐπηγγείλατο ὁ ἀψευδὴς Θεὸς πρὸ χρόνων αἰωνίων, ἐφανέρωσεν δὲ καιροῖς ἰδίοις τὸν λόγον αὐτοῦ ἐν κηρύγματι, ὃ ἐπιστεύθην ἐγὼ, κατ’ ἐπιταγὴν τοῦ Σωτῆρος ἡμῶν, Θεοῦ; Τίτῳ, γνησίῳ τέκνῳ, κατὰ κοινὴν πίστιν: χάρις καὶ εἰρήνη ἀπὸ Θεοῦ Πατρὸς καὶ Χριστοῦ Ἰησοῦ τοῦ Σωτῆρος ἡμῶν.
```

Focus on these specific words:
```
δὲ ἀπόστολος Ἰησοῦ Χριστοῦ
```

Morphology information:
```
δὲ: Gr,CC,,,,,,,,
ἀπόστολος: Gr,N,,,,,NMS,
Ἰησοῦ: Gr,N,,,,,GMS,
Χριστοῦ: Gr,N,,,,,GMS,
```

The gloss for this in French is:
```
et apôtre de-Jésus Christ
```

What is the gloss for these specific words in English?  Mark supplemental implicit words with *asterisks* in the gloss. Output the answer in JSON.

Example output:
```json
{"gloss": "combined-words and *implicit words* example"}
```

Response:
```json
{"gloss": "but *an* apostle of Jesus Christ"}
```

Answer:
but *an* apostle of Jesus Christ

Processing verse 0 chunk 3
Prompt string:
Look at this verse:
```
Titus 1:1: Παῦλος, δοῦλος Θεοῦ, ἀπόστολος δὲ Ἰησοῦ Χριστοῦ, κατὰ πίστιν ἐκλεκτῶν Θεοῦ, καὶ ἐπίγνωσιν ἀληθείας, τῆς κατ’ εὐσέβειαν ἐπ’ ἐλπίδι ζωῆς αἰωνίου, ἣν ἐπηγγείλατο ὁ ἀψευδὴς Θεὸς πρὸ χρόνων αἰωνίων, ἐφανέρωσεν δὲ καιροῖς ἰδίοις τὸν λόγον αὐτοῦ ἐν κηρύγματι, ὃ ἐπιστεύθην ἐγὼ, κατ’ ἐπιταγὴν τοῦ Σωτῆρος ἡμῶν, Θεοῦ; Τίτῳ, γνησίῳ τέκνῳ, κατὰ κοινὴν πίστιν: χάρις καὶ εἰρήνη ἀπὸ Θεοῦ Πατρὸς καὶ Χριστοῦ Ἰησοῦ τοῦ Σωτῆρος ἡμῶν.
```

Focus on these specific words:
```
κατὰ πίστιν ἐκλεκτῶν Θεοῦ
```

Morphology information:
```
κατὰ: Gr,P,,,,,A,,,
πίστιν: Gr,N,,,,,AFS,
ἐκλεκτῶν: Gr,NS,,,,GMP,
Θεοῦ: Gr,N,,,,,GMS,
```

The gloss for this in French is:
```
pour *la* foi des-élus de-Dieu
```

What is the gloss for these specific words in English?  Mark supplemental implicit words with *asterisks* in the gloss. Output the answer in JSON.

Example output:
```json
{"gloss": "combined-words and *implicit words* example"}
```

Response:
```json
{"gloss": "according to *the* faith *of* God's chosen *ones*"}
```

Answer:
according to *the* faith *of* God's chosen *ones*

Processing verse 0 chunk 4
Prompt string:
Look at this verse:
```
Titus 1:1: Παῦλος, δοῦλος Θεοῦ, ἀπόστολος δὲ Ἰησοῦ Χριστοῦ, κατὰ πίστιν ἐκλεκτῶν Θεοῦ, καὶ ἐπίγνωσιν ἀληθείας, τῆς κατ’ εὐσέβειαν ἐπ’ ἐλπίδι ζωῆς αἰωνίου, ἣν ἐπηγγείλατο ὁ ἀψευδὴς Θεὸς πρὸ χρόνων αἰωνίων, ἐφανέρωσεν δὲ καιροῖς ἰδίοις τὸν λόγον αὐτοῦ ἐν κηρύγματι, ὃ ἐπιστεύθην ἐγὼ, κατ’ ἐπιταγὴν τοῦ Σωτῆρος ἡμῶν, Θεοῦ; Τίτῳ, γνησίῳ τέκνῳ, κατὰ κοινὴν πίστιν: χάρις καὶ εἰρήνη ἀπὸ Θεοῦ Πατρὸς καὶ Χριστοῦ Ἰησοῦ τοῦ Σωτῆρος ἡμῶν.
```

Focus on these specific words:
```
καὶ ἐπίγνωσιν
```

Morphology information:
```
καὶ: Gr,CC,,,,,,,,
ἐπίγνωσιν: Gr,N,,,,,AFS,
```

The gloss for this in French is:
```
et *la* connaissance
```

What is the gloss for these specific words in English?  Mark supplemental implicit words with *asterisks* in the gloss. Output the answer in JSON.

Example output:
```json
{"gloss": "combined-words and *implicit words* example"}
```

Response:
```json
{"gloss": "and *the* knowledge"}
```

Answer:
and *the* knowledge

Processing verse 0 chunk 5
Prompt string:
Look at this verse:
```
Titus 1:1: Παῦλος, δοῦλος Θεοῦ, ἀπόστολος δὲ Ἰησοῦ Χριστοῦ, κατὰ πίστιν ἐκλεκτῶν Θεοῦ, καὶ ἐπίγνωσιν ἀληθείας, τῆς κατ’ εὐσέβειαν ἐπ’ ἐλπίδι ζωῆς αἰωνίου, ἣν ἐπηγγείλατο ὁ ἀψευδὴς Θεὸς πρὸ χρόνων αἰωνίων, ἐφανέρωσεν δὲ καιροῖς ἰδίοις τὸν λόγον αὐτοῦ ἐν κηρύγματι, ὃ ἐπιστεύθην ἐγὼ, κατ’ ἐπιταγὴν τοῦ Σωτῆρος ἡμῶν, Θεοῦ; Τίτῳ, γνησίῳ τέκνῳ, κατὰ κοινὴν πίστιν: χάρις καὶ εἰρήνη ἀπὸ Θεοῦ Πατρὸς καὶ Χριστοῦ Ἰησοῦ τοῦ Σωτῆρος ἡμῶν.
```

Focus on these specific words:
```
ἀληθείας
```

Morphology information:
```
ἀληθείας: Gr,N,,,,,GFS,
```

The gloss for this in French is:
```
de la vérité,
```

What is the gloss for these specific words in English?  Mark supplemental implicit words with *asterisks* in the gloss. Output the answer in JSON.

Example output:
```json
{"gloss": "combined-words and *implicit words* example"}
```

Response:
```json
{"gloss": "of *the* truth"}
```

Answer:
of *the* truth

Processing verse 0 chunk 6
Prompt string:
Look at this verse:
```
Titus 1:1: Παῦλος, δοῦλος Θεοῦ, ἀπόστολος δὲ Ἰησοῦ Χριστοῦ, κατὰ πίστιν ἐκλεκτῶν Θεοῦ, καὶ ἐπίγνωσιν ἀληθείας, τῆς κατ’ εὐσέβειαν ἐπ’ ἐλπίδι ζωῆς αἰωνίου, ἣν ἐπηγγείλατο ὁ ἀψευδὴς Θεὸς πρὸ χρόνων αἰωνίων, ἐφανέρωσεν δὲ καιροῖς ἰδίοις τὸν λόγον αὐτοῦ ἐν κηρύγματι, ὃ ἐπιστεύθην ἐγὼ, κατ’ ἐπιταγὴν τοῦ Σωτῆρος ἡμῶν, Θεοῦ; Τίτῳ, γνησίῳ τέκνῳ, κατὰ κοινὴν πίστιν: χάρις καὶ εἰρήνη ἀπὸ Θεοῦ Πατρὸς καὶ Χριστοῦ Ἰησοῦ τοῦ Σωτῆρος ἡμῶν.
```

Focus on these specific words:
```
τῆς κατ’ εὐσέβειαν
```

Morphology information:
```
τῆς: Gr,EA,,,,GFS,
κατ’: Gr,P,,,,,A,,,
εὐσέβειαν: Gr,N,,,,,AFS,
```

The gloss for this in French is:
```
celle selon la-piété
```

What is the gloss for these specific words in English?  Mark supplemental implicit words with *asterisks* in the gloss. Output the answer in JSON.

Example output:
```json
{"gloss": "combined-words and *implicit words* example"}
```

Response:
```json
{"gloss": "the *one* according to godliness"}
```

Answer:
the *one* according to godliness

Processing verse 0 chunk 7
Prompt string:
Look at this verse:
```
Titus 1:2: Παῦλος, δοῦλος Θεοῦ, ἀπόστολος δὲ Ἰησοῦ Χριστοῦ, κατὰ πίστιν ἐκλεκτῶν Θεοῦ, καὶ ἐπίγνωσιν ἀληθείας, τῆς κατ’ εὐσέβειαν ἐπ’ ἐλπίδι ζωῆς αἰωνίου, ἣν ἐπηγγείλατο ὁ ἀψευδὴς Θεὸς πρὸ χρόνων αἰωνίων, ἐφανέρωσεν δὲ καιροῖς ἰδίοις τὸν λόγον αὐτοῦ ἐν κηρύγματι, ὃ ἐπιστεύθην ἐγὼ, κατ’ ἐπιταγὴν τοῦ Σωτῆρος ἡμῶν, Θεοῦ; Τίτῳ, γνησίῳ τέκνῳ, κατὰ κοινὴν πίστιν: χάρις καὶ εἰρήνη ἀπὸ Θεοῦ Πατρὸς καὶ Χριστοῦ Ἰησοῦ τοῦ Σωτῆρος ἡμῶν.
```

Focus on these specific words:
```
ἐπ’ ἐλπίδι ζωῆς αἰωνίου
```

Morphology information:
```
ἐπ’: Gr,P,,,,,D,,,
ἐλπίδι: Gr,N,,,,,DFS,
ζωῆς: Gr,N,,,,,GFS,
αἰωνίου: Gr,AA,,,,GFS,
```

The gloss for this in French is:
```
sur l'espérance de-la-vie éternelle,
```

What is the gloss for these specific words in English?  Mark supplemental implicit words with *asterisks* in the gloss. Output the answer in JSON.

Example output:
```json
{"gloss": "combined-words and *implicit words* example"}
```

Response:
```json
{"gloss": "in *the* hope of eternal life"}
```

Answer:
in *the* hope of eternal life

Processing verse 0 chunk 8
Prompt string:
Look at this verse:
```
Titus 1:2: Παῦλος, δοῦλος Θεοῦ, ἀπόστολος δὲ Ἰησοῦ Χριστοῦ, κατὰ πίστιν ἐκλεκτῶν Θεοῦ, καὶ ἐπίγνωσιν ἀληθείας, τῆς κατ’ εὐσέβειαν ἐπ’ ἐλπίδι ζωῆς αἰωνίου, ἣν ἐπηγγείλατο ὁ ἀψευδὴς Θεὸς πρὸ χρόνων αἰωνίων, ἐφανέρωσεν δὲ καιροῖς ἰδίοις τὸν λόγον αὐτοῦ ἐν κηρύγματι, ὃ ἐπιστεύθην ἐγὼ, κατ’ ἐπιταγὴν τοῦ Σωτῆρος ἡμῶν, Θεοῦ; Τίτῳ, γνησίῳ τέκνῳ, κατὰ κοινὴν πίστιν: χάρις καὶ εἰρήνη ἀπὸ Θεοῦ Πατρὸς καὶ Χριστοῦ Ἰησοῦ τοῦ Σωτῆρος ἡμῶν.
```

Focus on these specific words:
```
ἣν ὁ Θεὸς ἀψευδὴς
```

Morphology information:
```
ἣν: Gr,RR,,,,AFS,
ὁ: Gr,EA,,,,NMS,
Θεὸς: Gr,N,,,,,NMS,
ἀψευδὴς: Gr,AA,,,,NMS,
```

The gloss for this in French is:
```
que le Dieu non-menteur
```

What is the gloss for these specific words in English?  Mark supplemental implicit words with *asterisks* in the gloss. Output the answer in JSON.

Example output:
```json
{"gloss": "combined-words and *implicit words* example"}
```

Response:
```json
{"gloss": "which *the* God *who does not lie*"}
```

Answer:
which *the* God *who does not lie*

Processing verse 0 chunk 9
Prompt string:
Look at this verse:
```
Titus 1:2: Παῦλος, δοῦλος Θεοῦ, ἀπόστολος δὲ Ἰησοῦ Χριστοῦ, κατὰ πίστιν ἐκλεκτῶν Θεοῦ, καὶ ἐπίγνωσιν ἀληθείας, τῆς κατ’ εὐσέβειαν ἐπ’ ἐλπίδι ζωῆς αἰωνίου, ἣν ἐπηγγείλατο ὁ ἀψευδὴς Θεὸς πρὸ χρόνων αἰωνίων, ἐφανέρωσεν δὲ καιροῖς ἰδίοις τὸν λόγον αὐτοῦ ἐν κηρύγματι, ὃ ἐπιστεύθην ἐγὼ, κατ’ ἐπιταγὴν τοῦ Σωτῆρος ἡμῶν, Θεοῦ; Τίτῳ, γνησίῳ τέκνῳ, κατὰ κοινὴν πίστιν: χάρις καὶ εἰρήνη ἀπὸ Θεοῦ Πατρὸς καὶ Χριστοῦ Ἰησοῦ τοῦ Σωτῆρος ἡμῶν.
```

Focus on these specific words:
```
ἐπηγγείλατο
```

Morphology information:
```
ἐπηγγείλατο: Gr,V,IAM3,,S,
```

The gloss for this in French is:
```
a promise
```

What is the gloss for these specific words in English?  Mark supplemental implicit words with *asterisks* in the gloss. Output the answer in JSON.

Example output:
```json
{"gloss": "combined-words and *implicit words* example"}
```

Response:
```json
{"gloss": "*he* promised"}
```

Answer:
*he* promised

Processing verse 0 chunk 10
Prompt string:
Look at this verse:
```
Titus 1:2: Παῦλος, δοῦλος Θεοῦ, ἀπόστολος δὲ Ἰησοῦ Χριστοῦ, κατὰ πίστιν ἐκλεκτῶν Θεοῦ, καὶ ἐπίγνωσιν ἀληθείας, τῆς κατ’ εὐσέβειαν ἐπ’ ἐλπίδι ζωῆς αἰωνίου, ἣν ἐπηγγείλατο ὁ ἀψευδὴς Θεὸς πρὸ χρόνων αἰωνίων, ἐφανέρωσεν δὲ καιροῖς ἰδίοις τὸν λόγον αὐτοῦ ἐν κηρύγματι, ὃ ἐπιστεύθην ἐγὼ, κατ’ ἐπιταγὴν τοῦ Σωτῆρος ἡμῶν, Θεοῦ; Τίτῳ, γνησίῳ τέκνῳ, κατὰ κοινὴν πίστιν: χάρις καὶ εἰρήνη ἀπὸ Θεοῦ Πατρὸς καὶ Χριστοῦ Ἰησοῦ τοῦ Σωτῆρος ἡμῶν.
```

Focus on these specific words:
```
πρὸ χρόνων αἰωνίων
```

Morphology information:
```
πρὸ: Gr,P,,,,,G,,,
χρόνων: Gr,N,,,,,GMP,
αἰωνίων: Gr,AA,,,,GMP,
```

The gloss for this in French is:
```
avant les-temps éternels,
```

What is the gloss for these specific words in English?  Mark supplemental implicit words with *asterisks* in the gloss. Output the answer in JSON.

Example output:
```json
{"gloss": "combined-words and *implicit words* example"}
```

Response:
```json
{"gloss": "before *the* eternal ages"}
```

Answer:
before *the* eternal ages

Processing verse 0 chunk 11
Prompt string:
Look at this verse:
```
Titus 1:3: Παῦλος, δοῦλος Θεοῦ, ἀπόστολος δὲ Ἰησοῦ Χριστοῦ, κατὰ πίστιν ἐκλεκτῶν Θεοῦ, καὶ ἐπίγνωσιν ἀληθείας, τῆς κατ’ εὐσέβειαν ἐπ’ ἐλπίδι ζωῆς αἰωνίου, ἣν ἐπηγγείλατο ὁ ἀψευδὴς Θεὸς πρὸ χρόνων αἰωνίων, ἐφανέρωσεν δὲ καιροῖς ἰδίοις τὸν λόγον αὐτοῦ ἐν κηρύγματι, ὃ ἐπιστεύθην ἐγὼ, κατ’ ἐπιταγὴν τοῦ Σωτῆρος ἡμῶν, Θεοῦ; Τίτῳ, γνησίῳ τέκνῳ, κατὰ κοινὴν πίστιν: χάρις καὶ εἰρήνη ἀπὸ Θεοῦ Πατρὸς καὶ Χριστοῦ Ἰησοῦ τοῦ Σωτῆρος ἡμῶν.
```

Focus on these specific words:
```
δὲ
```

Morphology information:
```
δὲ: Gr,CC,,,,,,,,
```

The gloss for this in French is:
```
et
```

What is the gloss for these specific words in English?  Mark supplemental implicit words with *asterisks* in the gloss. Output the answer in JSON.

Example output:
```json
{"gloss": "combined-words and *implicit words* example"}
```

Response:
```json
{"gloss": "but"}
```

Answer:
but

Processing verse 0 chunk 12
Prompt string:
Look at this verse:
```
Titus 1:3: Παῦλος, δοῦλος Θεοῦ, ἀπόστολος δὲ Ἰησοῦ Χριστοῦ, κατὰ πίστιν ἐκλεκτῶν Θεοῦ, καὶ ἐπίγνωσιν ἀληθείας, τῆς κατ’ εὐσέβειαν ἐπ’ ἐλπίδι ζωῆς αἰωνίου, ἣν ἐπηγγείλατο ὁ ἀψευδὴς Θεὸς πρὸ χρόνων αἰωνίων, ἐφανέρωσεν δὲ καιροῖς ἰδίοις τὸν λόγον αὐτοῦ ἐν κηρύγματι, ὃ ἐπιστεύθην ἐγὼ, κατ’ ἐπιταγὴν τοῦ Σωτῆρος ἡμῶν, Θεοῦ; Τίτῳ, γνησίῳ τέκνῳ, κατὰ κοινὴν πίστιν: χάρις καὶ εἰρήνη ἀπὸ Θεοῦ Πατρὸς καὶ Χριστοῦ Ἰησοῦ τοῦ Σωτῆρος ἡμῶν.
```

Focus on these specific words:
```
ἐφανέρωσεν τὸν λόγον αὐτοῦ
```

Morphology information:
```
ἐφανέρωσεν: Gr,V,IAA3,,S,
τὸν: Gr,EA,,,,AMS,
λόγον: Gr,N,,,,,AMS,
αὐτοῦ: Gr,RP,,,3GMS,
```

The gloss for this in French is:
```
*qui* a-manifesté la parole de-lui
```

What is the gloss for these specific words in English?  Mark supplemental implicit words with *asterisks* in the gloss. Output the answer in JSON.

Example output:
```json
{"gloss": "combined-words and *implicit words* example"}
```

Response:
```json
{"gloss": "*who* revealed his word"}
```

Answer:
*who* revealed his word

Processing verse 0 chunk 13
Prompt string:
Look at this verse:
```
Titus 1:3: Παῦλος, δοῦλος Θεοῦ, ἀπόστολος δὲ Ἰησοῦ Χριστοῦ, κατὰ πίστιν ἐκλεκτῶν Θεοῦ, καὶ ἐπίγνωσιν ἀληθείας, τῆς κατ’ εὐσέβειαν ἐπ’ ἐλπίδι ζωῆς αἰωνίου, ἣν ἐπηγγείλατο ὁ ἀψευδὴς Θεὸς πρὸ χρόνων αἰωνίων, ἐφανέρωσεν δὲ καιροῖς ἰδίοις τὸν λόγον αὐτοῦ ἐν κηρύγματι, ὃ ἐπιστεύθην ἐγὼ, κατ’ ἐπιταγὴν τοῦ Σωτῆρος ἡμῶν, Θεοῦ; Τίτῳ, γνησίῳ τέκνῳ, κατὰ κοινὴν πίστιν: χάρις καὶ εἰρήνη ἀπὸ Θεοῦ Πατρὸς καὶ Χριστοῦ Ἰησοῦ τοῦ Σωτῆρος ἡμῶν.
```

Focus on these specific words:
```
καιροῖς ἰδίοις
```

Morphology information:
```
καιροῖς: Gr,N,,,,,DMP,
ἰδίοις: Gr,EF,,,,DMP,
```

The gloss for this in French is:
```
aux-moments opportuns
```

What is the gloss for these specific words in English?  Mark supplemental implicit words with *asterisks* in the gloss. Output the answer in JSON.

Example output:
```json
{"gloss": "combined-words and *implicit words* example"}
```

Response:
```json
{"gloss": "at *the* proper times"}
```

Answer:
at *the* proper times

Processing verse 0 chunk 14
Prompt string:
Look at this verse:
```
Titus 1:3: Παῦλος, δοῦλος Θεοῦ, ἀπόστολος δὲ Ἰησοῦ Χριστοῦ, κατὰ πίστιν ἐκλεκτῶν Θεοῦ, καὶ ἐπίγνωσιν ἀληθείας, τῆς κατ’ εὐσέβειαν ἐπ’ ἐλπίδι ζωῆς αἰωνίου, ἣν ἐπηγγείλατο ὁ ἀψευδὴς Θεὸς πρὸ χρόνων αἰωνίων, ἐφανέρωσεν δὲ καιροῖς ἰδίοις τὸν λόγον αὐτοῦ ἐν κηρύγματι, ὃ ἐπιστεύθην ἐγὼ, κατ’ ἐπιταγὴν τοῦ Σωτῆρος ἡμῶν, Θεοῦ; Τίτῳ, γνησίῳ τέκνῳ, κατὰ κοινὴν πίστιν: χάρις καὶ εἰρήνη ἀπὸ Θεοῦ Πατρὸς καὶ Χριστοῦ Ἰησοῦ τοῦ Σωτῆρος ἡμῶν.
```

Focus on these specific words:
```
ἐν κηρύγματι
```

Morphology information:
```
ἐν: Gr,P,,,,,D,,,
κηρύγματι: Gr,N,,,,,DNS,
```

The gloss for this in French is:
```
dans l'annonce
```

What is the gloss for these specific words in English?  Mark supplemental implicit words with *asterisks* in the gloss. Output the answer in JSON.

Example output:
```json
{"gloss": "combined-words and *implicit words* example"}
```

Response:
```json
{"gloss": "in *the* preaching"}
```

Answer:
in *the* preaching

Processing verse 0 chunk 15
Prompt string:
Look at this verse:
```
Titus 1:3: Παῦλος, δοῦλος Θεοῦ, ἀπόστολος δὲ Ἰησοῦ Χριστοῦ, κατὰ πίστιν ἐκλεκτῶν Θεοῦ, καὶ ἐπίγνωσιν ἀληθείας, τῆς κατ’ εὐσέβειαν ἐπ’ ἐλπίδι ζωῆς αἰωνίου, ἣν ἐπηγγείλατο ὁ ἀψευδὴς Θεὸς πρὸ χρόνων αἰωνίων, ἐφανέρωσεν δὲ καιροῖς ἰδίοις τὸν λόγον αὐτοῦ ἐν κηρύγματι, ὃ ἐπιστεύθην ἐγὼ, κατ’ ἐπιταγὴν τοῦ Σωτῆρος ἡμῶν, Θεοῦ; Τίτῳ, γνησίῳ τέκνῳ, κατὰ κοινὴν πίστιν: χάρις καὶ εἰρήνη ἀπὸ Θεοῦ Πατρὸς καὶ Χριστοῦ Ἰησοῦ τοῦ Σωτῆρος ἡμῶν.
```

Focus on these specific words:
```
ὃ ἐγὼ ἐπιστεύθην
```

Morphology information:
```
ὃ: Gr,RR,,,,ANS,
ἐγὼ: Gr,RP,,,1N,S,
ἐπιστεύθην: Gr,V,IAP1,,S,
```

The gloss for this in French is:
```
que moi j'ai-reçue-en-dépôt
```

What is the gloss for these specific words in English?  Mark supplemental implicit words with *asterisks* in the gloss. Output the answer in JSON.

Example output:
```json
{"gloss": "combined-words and *implicit words* example"}
```

Response:
```json
{"gloss": "which I *was* entrusted"}
```

Answer:
which I *was* entrusted

Processing verse 0 chunk 16
Prompt string:
Look at this verse:
```
Titus 1:3: Παῦλος, δοῦλος Θεοῦ, ἀπόστολος δὲ Ἰησοῦ Χριστοῦ, κατὰ πίστιν ἐκλεκτῶν Θεοῦ, καὶ ἐπίγνωσιν ἀληθείας, τῆς κατ’ εὐσέβειαν ἐπ’ ἐλπίδι ζωῆς αἰωνίου, ἣν ἐπηγγείλατο ὁ ἀψευδὴς Θεὸς πρὸ χρόνων αἰωνίων, ἐφανέρωσεν δὲ καιροῖς ἰδίοις τὸν λόγον αὐτοῦ ἐν κηρύγματι, ὃ ἐπιστεύθην ἐγὼ, κατ’ ἐπιταγὴν τοῦ Σωτῆρος ἡμῶν, Θεοῦ; Τίτῳ, γνησίῳ τέκνῳ, κατὰ κοινὴν πίστιν: χάρις καὶ εἰρήνη ἀπὸ Θεοῦ Πατρὸς καὶ Χριστοῦ Ἰησοῦ τοῦ Σωτῆρος ἡμῶν.
```

Focus on these specific words:
```
κατ’ ἐπιταγὴν
```

Morphology information:
```
κατ’: Gr,P,,,,,A,,,
ἐπιταγὴν: Gr,N,,,,,AFS,
```

The gloss for this in French is:
```
selon le-commandement
```

What is the gloss for these specific words in English?  Mark supplemental implicit words with *asterisks* in the gloss. Output the answer in JSON.

Example output:
```json
{"gloss": "combined-words and *implicit words* example"}
```

Response:
```json
{"gloss": "according to *the* commandment"}
```

Answer:
according to *the* commandment

Processing verse 0 chunk 17
Prompt string:
Look at this verse:
```
Titus 1:3: Παῦλος, δοῦλος Θεοῦ, ἀπόστολος δὲ Ἰησοῦ Χριστοῦ, κατὰ πίστιν ἐκλεκτῶν Θεοῦ, καὶ ἐπίγνωσιν ἀληθείας, τῆς κατ’ εὐσέβειαν ἐπ’ ἐλπίδι ζωῆς αἰωνίου, ἣν ἐπηγγείλατο ὁ ἀψευδὴς Θεὸς πρὸ χρόνων αἰωνίων, ἐφανέρωσεν δὲ καιροῖς ἰδίοις τὸν λόγον αὐτοῦ ἐν κηρύγματι, ὃ ἐπιστεύθην ἐγὼ, κατ’ ἐπιταγὴν τοῦ Σωτῆρος ἡμῶν, Θεοῦ; Τίτῳ, γνησίῳ τέκνῳ, κατὰ κοινὴν πίστιν: χάρις καὶ εἰρήνη ἀπὸ Θεοῦ Πατρὸς καὶ Χριστοῦ Ἰησοῦ τοῦ Σωτῆρος ἡμῶν.
```

Focus on these specific words:
```
τοῦ Θεοῦ Σωτῆρος ἡμῶν
```

Morphology information:
```
τοῦ: Gr,EA,,,,GMS,
Θεοῦ: Gr,N,,,,,GMS,
Σωτῆρος: Gr,N,,,,,GMS,
ἡμῶν: Gr,RP,,,1G,P,
```

The gloss for this in French is:
```
de Dieu Sauveur de-nous,
```

What is the gloss for these specific words in English?  Mark supplemental implicit words with *asterisks* in the gloss. Output the answer in JSON.

Example output:
```json
{"gloss": "combined-words and *implicit words* example"}
```

Response:
```json
{"gloss": "of *the* God *the* Savior of *us*"}
```

Answer:
of *the* God *the* Savior of *us*

Processing verse 0 chunk 18
Prompt string:
Look at this verse:
```
Titus 1:4: Παῦλος, δοῦλος Θεοῦ, ἀπόστολος δὲ Ἰησοῦ Χριστοῦ, κατὰ πίστιν ἐκλεκτῶν Θεοῦ, καὶ ἐπίγνωσιν ἀληθείας, τῆς κατ’ εὐσέβειαν ἐπ’ ἐλπίδι ζωῆς αἰωνίου, ἣν ἐπηγγείλατο ὁ ἀψευδὴς Θεὸς πρὸ χρόνων αἰωνίων, ἐφανέρωσεν δὲ καιροῖς ἰδίοις τὸν λόγον αὐτοῦ ἐν κηρύγματι, ὃ ἐπιστεύθην ἐγὼ, κατ’ ἐπιταγὴν τοῦ Σωτῆρος ἡμῶν, Θεοῦ; Τίτῳ, γνησίῳ τέκνῳ, κατὰ κοινὴν πίστιν: χάρις καὶ εἰρήνη ἀπὸ Θεοῦ Πατρὸς καὶ Χριστοῦ Ἰησοῦ τοῦ Σωτῆρος ἡμῶν.
```

Focus on these specific words:
```
Τίτῳ
```

Morphology information:
```
Τίτῳ: Gr,N,,,,,DMS,
```

The gloss for this in French is:
```
à Tite,
```

What is the gloss for these specific words in English?  Mark supplemental implicit words with *asterisks* in the gloss. Output the answer in JSON.

Example output:
```json
{"gloss": "combined-words and *implicit words* example"}
```

Response:
```json
{"gloss": "to *Titus*"}
```

Answer:
to *Titus*

Processing verse 0 chunk 19
Prompt string:
Look at this verse:
```
Titus 1:4: Παῦλος, δοῦλος Θεοῦ, ἀπόστολος δὲ Ἰησοῦ Χριστοῦ, κατὰ πίστιν ἐκλεκτῶν Θεοῦ, καὶ ἐπίγνωσιν ἀληθείας, τῆς κατ’ εὐσέβειαν ἐπ’ ἐλπίδι ζωῆς αἰωνίου, ἣν ἐπηγγείλατο ὁ ἀψευδὴς Θεὸς πρὸ χρόνων αἰωνίων, ἐφανέρωσεν δὲ καιροῖς ἰδίοις τὸν λόγον αὐτοῦ ἐν κηρύγματι, ὃ ἐπιστεύθην ἐγὼ, κατ’ ἐπιταγὴν τοῦ Σωτῆρος ἡμῶν, Θεοῦ; Τίτῳ, γνησίῳ τέκνῳ, κατὰ κοινὴν πίστιν: χάρις καὶ εἰρήνη ἀπὸ Θεοῦ Πατρὸς καὶ Χριστοῦ Ἰησοῦ τοῦ Σωτῆρος ἡμῶν.
```

Focus on these specific words:
```
γνησίῳ τέκνῳ
```

Morphology information:
```
γνησίῳ: Gr,AA,,,,DNS,
τέκνῳ: Gr,N,,,,,DNS,
```

The gloss for this in French is:
```
véritable enfant
```

What is the gloss for these specific words in English?  Mark supplemental implicit words with *asterisks* in the gloss. Output the answer in JSON.

Example output:
```json
{"gloss": "combined-words and *implicit words* example"}
```

Response:
```json
{"gloss": "genuine *child*"}
```

Answer:
genuine *child*

Processing verse 0 chunk 20
Prompt string:
Look at this verse:
```
Titus 1:4: Παῦλος, δοῦλος Θεοῦ, ἀπόστολος δὲ Ἰησοῦ Χριστοῦ, κατὰ πίστιν ἐκλεκτῶν Θεοῦ, καὶ ἐπίγνωσιν ἀληθείας, τῆς κατ’ εὐσέβειαν ἐπ’ ἐλπίδι ζωῆς αἰωνίου, ἣν ἐπηγγείλατο ὁ ἀψευδὴς Θεὸς πρὸ χρόνων αἰωνίων, ἐφανέρωσεν δὲ καιροῖς ἰδίοις τὸν λόγον αὐτοῦ ἐν κηρύγματι, ὃ ἐπιστεύθην ἐγὼ, κατ’ ἐπιταγὴν τοῦ Σωτῆρος ἡμῶν, Θεοῦ; Τίτῳ, γνησίῳ τέκνῳ, κατὰ κοινὴν πίστιν: χάρις καὶ εἰρήνη ἀπὸ Θεοῦ Πατρὸς καὶ Χριστοῦ Ἰησοῦ τοῦ Σωτῆρος ἡμῶν.
```

Focus on these specific words:
```
κατὰ πίστιν κοινὴν
```

Morphology information:
```
κατὰ: Gr,P,,,,,A,,,
πίστιν: Gr,N,,,,,AFS,
κοινὴν: Gr,AA,,,,AFS,
```

The gloss for this in French is:
```
selon une-foi commune,
```

What is the gloss for these specific words in English?  Mark supplemental implicit words with *asterisks* in the gloss. Output the answer in JSON.

Example output:
```json
{"gloss": "combined-words and *implicit words* example"}
```

Response:
```json
{"gloss": "according to a *common* faith"}
```

Answer:
according to a *common* faith

Processing verse 0 chunk 21
Prompt string:
Look at this verse:
```
Titus 1:4: Παῦλος, δοῦλος Θεοῦ, ἀπόστολος δὲ Ἰησοῦ Χριστοῦ, κατὰ πίστιν ἐκλεκτῶν Θεοῦ, καὶ ἐπίγνωσιν ἀληθείας, τῆς κατ’ εὐσέβειαν ἐπ’ ἐλπίδι ζωῆς αἰωνίου, ἣν ἐπηγγείλατο ὁ ἀψευδὴς Θεὸς πρὸ χρόνων αἰωνίων, ἐφανέρωσεν δὲ καιροῖς ἰδίοις τὸν λόγον αὐτοῦ ἐν κηρύγματι, ὃ ἐπιστεύθην ἐγὼ, κατ’ ἐπιταγὴν τοῦ Σωτῆρος ἡμῶν, Θεοῦ; Τίτῳ, γνησίῳ τέκνῳ, κατὰ κοινὴν πίστιν: χάρις καὶ εἰρήνη ἀπὸ Θεοῦ Πατρὸς καὶ Χριστοῦ Ἰησοῦ τοῦ Σωτῆρος ἡμῶν.
```

Focus on these specific words:
```
χάρις καὶ εἰρήνη
```

Morphology information:
```
χάρις: Gr,N,,,,,NFS,
καὶ: Gr,CC,,,,,,,,
εἰρήνη: Gr,N,,,,,NFS,
```

The gloss for this in French is:
```
grâce et paix
```

What is the gloss for these specific words in English?  Mark supplemental implicit words with *asterisks* in the gloss. Output the answer in JSON.

Example output:
```json
{"gloss": "combined-words and *implicit words* example"}
```

Response:
```json
{"gloss": "grace and *peace*"}
```

Answer:
grace and *peace*

Processing verse 0 chunk 22
Prompt string:
Look at this verse:
```
Titus 1:4: Παῦλος, δοῦλος Θεοῦ, ἀπόστολος δὲ Ἰησοῦ Χριστοῦ, κατὰ πίστιν ἐκλεκτῶν Θεοῦ, καὶ ἐπίγνωσιν ἀληθείας, τῆς κατ’ εὐσέβειαν ἐπ’ ἐλπίδι ζωῆς αἰωνίου, ἣν ἐπηγγείλατο ὁ ἀψευδὴς Θεὸς πρὸ χρόνων αἰωνίων, ἐφανέρωσεν δὲ καιροῖς ἰδίοις τὸν λόγον αὐτοῦ ἐν κηρύγματι, ὃ ἐπιστεύθην ἐγὼ, κατ’ ἐπιταγὴν τοῦ Σωτῆρος ἡμῶν, Θεοῦ; Τίτῳ, γνησίῳ τέκνῳ, κατὰ κοινὴν πίστιν: χάρις καὶ εἰρήνη ἀπὸ Θεοῦ Πατρὸς καὶ Χριστοῦ Ἰησοῦ τοῦ Σωτῆρος ἡμῶν.
```

Focus on these specific words:
```
ἀπὸ Θεοῦ Πατρὸς
```

Morphology information:
```
ἀπὸ: Gr,P,,,,,G,,,
Θεοῦ: Gr,N,,,,,GMS,
Πατρὸς: Gr,N,,,,,GMS,
```

The gloss for this in French is:
```
de-la-part de-Dieu *le* Père
```

What is the gloss for these specific words in English?  Mark supplemental implicit words with *asterisks* in the gloss. Output the answer in JSON.

Example output:
```json
{"gloss": "combined-words and *implicit words* example"}
```

Response:
```json
{"gloss": "from *the* God *the* Father"}
```

Answer:
from *the* God *the* Father

Processing verse 0 chunk 23
Prompt string:
Look at this verse:
```
Titus 1:4: Παῦλος, δοῦλος Θεοῦ, ἀπόστολος δὲ Ἰησοῦ Χριστοῦ, κατὰ πίστιν ἐκλεκτῶν Θεοῦ, καὶ ἐπίγνωσιν ἀληθείας, τῆς κατ’ εὐσέβειαν ἐπ’ ἐλπίδι ζωῆς αἰωνίου, ἣν ἐπηγγείλατο ὁ ἀψευδὴς Θεὸς πρὸ χρόνων αἰωνίων, ἐφανέρωσεν δὲ καιροῖς ἰδίοις τὸν λόγον αὐτοῦ ἐν κηρύγματι, ὃ ἐπιστεύθην ἐγὼ, κατ’ ἐπιταγὴν τοῦ Σωτῆρος ἡμῶν, Θεοῦ; Τίτῳ, γνησίῳ τέκνῳ, κατὰ κοινὴν πίστιν: χάρις καὶ εἰρήνη ἀπὸ Θεοῦ Πατρὸς καὶ Χριστοῦ Ἰησοῦ τοῦ Σωτῆρος ἡμῶν.
```

Focus on these specific words:
```
καὶ Χριστοῦ Ἰησοῦ
```

Morphology information:
```
καὶ: Gr,CC,,,,,,,,
Χριστοῦ: Gr,N,,,,,GMS,
Ἰησοῦ: Gr,N,,,,,GMS,
```

The gloss for this in French is:
```
et de-Christ Jésus
```

What is the gloss for these specific words in English?  Mark supplemental implicit words with *asterisks* in the gloss. Output the answer in JSON.

Example output:
```json
{"gloss": "combined-words and *implicit words* example"}
```

Response:
```json
{"gloss": "and of-Christ Jesus"}
```

Answer:
and of-Christ Jesus

Processing verse 0 chunk 24
Prompt string:
Look at this verse:
```
Titus 1:4: Παῦλος, δοῦλος Θεοῦ, ἀπόστολος δὲ Ἰησοῦ Χριστοῦ, κατὰ πίστιν ἐκλεκτῶν Θεοῦ, καὶ ἐπίγνωσιν ἀληθείας, τῆς κατ’ εὐσέβειαν ἐπ’ ἐλπίδι ζωῆς αἰωνίου, ἣν ἐπηγγείλατο ὁ ἀψευδὴς Θεὸς πρὸ χρόνων αἰωνίων, ἐφανέρωσεν δὲ καιροῖς ἰδίοις τὸν λόγον αὐτοῦ ἐν κηρύγματι, ὃ ἐπιστεύθην ἐγὼ, κατ’ ἐπιταγὴν τοῦ Σωτῆρος ἡμῶν, Θεοῦ; Τίτῳ, γνησίῳ τέκνῳ, κατὰ κοινὴν πίστιν: χάρις καὶ εἰρήνη ἀπὸ Θεοῦ Πατρὸς καὶ Χριστοῦ Ἰησοῦ τοῦ Σωτῆρος ἡμῶν.
```

Focus on these specific words:
```
τοῦ Σωτῆρος ἡμῶν
```

Morphology information:
```
τοῦ: Gr,EA,,,,GMS,
Σωτῆρος: Gr,N,,,,,GMS,
ἡμῶν: Gr,RP,,,1G,P,
```

The gloss for this in French is:
```
le Sauveur de-nous.
```

What is the gloss for these specific words in English?  Mark supplemental implicit words with *asterisks* in the gloss. Output the answer in JSON.

Example output:
```json
{"gloss": "combined-words and *implicit words* example"}
```

Response:
```json
{"gloss": "of *the* Savior of us"}
```

Answer:
of *the* Savior of us

Processing verse 1 chunk 0
Prompt string:
Look at this verse:
```
Titus 1:5: τούτου χάριν, ἀπέλιπόν σε ἐν Κρήτῃ, ἵνα τὰ λείποντα ἐπιδιορθώσῃ, καὶ καταστήσῃς κατὰ πόλιν πρεσβυτέρους, ὡς ἐγώ σοι διεταξάμην; εἴ τίς ἐστιν ἀνέγκλητος, μιᾶς γυναικὸς ἀνήρ, τέκνα ἔχων πιστά, μὴ ἐν κατηγορίᾳ ἀσωτίας ἢ ἀνυπότακτα. 
```

Focus on these specific words:
```
τούτου χάριν
```

Morphology information:
```
τούτου: Gr,RD,,,,GNS,
χάριν: Gr,PI,,,,G,,,
```

The gloss for this in French is:
```
*Pour* cette raison,
```

What is the gloss for these specific words in English?  Mark supplemental implicit words with *asterisks* in the gloss. Output the answer in JSON.

Example output:
```json
{"gloss": "combined-words and *implicit words* example"}
```

Response:
```json
{"gloss": "*For* this reason,"}
```

Answer:
*For* this reason,

Processing verse 1 chunk 1
Prompt string:
Look at this verse:
```
Titus 1:5: τούτου χάριν, ἀπέλιπόν σε ἐν Κρήτῃ, ἵνα τὰ λείποντα ἐπιδιορθώσῃ, καὶ καταστήσῃς κατὰ πόλιν πρεσβυτέρους, ὡς ἐγώ σοι διεταξάμην; εἴ τίς ἐστιν ἀνέγκλητος, μιᾶς γυναικὸς ἀνήρ, τέκνα ἔχων πιστά, μὴ ἐν κατηγορίᾳ ἀσωτίας ἢ ἀνυπότακτα. 
```

Focus on these specific words:
```
ἀπέλιπόν σε ἐν Κρήτῃ
```

Morphology information:
```
ἀπέλιπόν: Gr,V,IAA1,,S,
σε: Gr,RP,,,2A,S,
ἐν: Gr,P,,,,,D,,,
Κρήτῃ: Gr,N,,,,,DFS,
```

The gloss for this in French is:
```
j'ai-laissé toi en Crète,
```

What is the gloss for these specific words in English?  Mark supplemental implicit words with *asterisks* in the gloss. Output the answer in JSON.

Example output:
```json
{"gloss": "combined-words and *implicit words* example"}
```

Response:
```json
{"gloss": "I-left you in *the* Crete"}
```

Answer:
I-left you in *the* Crete

Processing verse 1 chunk 2
Prompt string:
Look at this verse:
```
Titus 1:5: τούτου χάριν, ἀπέλιπόν σε ἐν Κρήτῃ, ἵνα τὰ λείποντα ἐπιδιορθώσῃ, καὶ καταστήσῃς κατὰ πόλιν πρεσβυτέρους, ὡς ἐγώ σοι διεταξάμην; εἴ τίς ἐστιν ἀνέγκλητος, μιᾶς γυναικὸς ἀνήρ, τέκνα ἔχων πιστά, μὴ ἐν κατηγορίᾳ ἀσωτίας ἢ ἀνυπότακτα. 
```

Focus on these specific words:
```
ἵνα ἐπιδιορθώσῃ
```

Morphology information:
```
ἵνα: Gr,CS,,,,,,,,
ἐπιδιορθώσῃ: Gr,V,SAM2,,S,
```

The gloss for this in French is:
```
afin-que tu-mettes-en-ordre
```

What is the gloss for these specific words in English?  Mark supplemental implicit words with *asterisks* in the gloss. Output the answer in JSON.

Example output:
```json
{"gloss": "combined-words and *implicit words* example"}
```

Response:
```json
{"gloss": "so-that you-may-*set*-*in*-order"}
```

Answer:
so-that you-may-*set*-*in*-order

Processing verse 1 chunk 3
Prompt string:
Look at this verse:
```
Titus 1:5: τούτου χάριν, ἀπέλιπόν σε ἐν Κρήτῃ, ἵνα τὰ λείποντα ἐπιδιορθώσῃ, καὶ καταστήσῃς κατὰ πόλιν πρεσβυτέρους, ὡς ἐγώ σοι διεταξάμην; εἴ τίς ἐστιν ἀνέγκλητος, μιᾶς γυναικὸς ἀνήρ, τέκνα ἔχων πιστά, μὴ ἐν κατηγορίᾳ ἀσωτίας ἢ ἀνυπότακτα. 
```

Focus on these specific words:
```
τὰ λείποντα
```

Morphology information:
```
τὰ: Gr,EA,,,,ANP,
λείποντα: Gr,V,PPA,ANP,
```

The gloss for this in French is:
```
les *affaires* restantes,
```

What is the gloss for these specific words in English?  Mark supplemental implicit words with *asterisks* in the gloss. Output the answer in JSON.

Example output:
```json
{"gloss": "combined-words and *implicit words* example"}
```

Response:
```json
{"gloss": "the *things* lacking"}
```

Answer:
the *things* lacking

Processing verse 1 chunk 4
Prompt string:
Look at this verse:
```
Titus 1:5: τούτου χάριν, ἀπέλιπόν σε ἐν Κρήτῃ, ἵνα τὰ λείποντα ἐπιδιορθώσῃ, καὶ καταστήσῃς κατὰ πόλιν πρεσβυτέρους, ὡς ἐγώ σοι διεταξάμην; εἴ τίς ἐστιν ἀνέγκλητος, μιᾶς γυναικὸς ἀνήρ, τέκνα ἔχων πιστά, μὴ ἐν κατηγορίᾳ ἀσωτίας ἢ ἀνυπότακτα. 
```

Focus on these specific words:
```
καὶ καταστήσῃς πρεσβυτέρους
```

Morphology information:
```
καὶ: Gr,CC,,,,,,,,
καταστήσῃς: Gr,V,SAA2,,S,
πρεσβυτέρους: Gr,NS,,,,AMPC
```

The gloss for this in French is:
```
et *que* tu-établisses des-anciens
```

What is the gloss for these specific words in English?  Mark supplemental implicit words with *asterisks* in the gloss. Output the answer in JSON.

Example output:
```json
{"gloss": "combined-words and *implicit words* example"}
```

Response:
```json
{"gloss": "and *that you should* appoint elders"}
```

Answer:
and *that you should* appoint elders

Processing verse 1 chunk 5
Prompt string:
Look at this verse:
```
Titus 1:5: τούτου χάριν, ἀπέλιπόν σε ἐν Κρήτῃ, ἵνα τὰ λείποντα ἐπιδιορθώσῃ, καὶ καταστήσῃς κατὰ πόλιν πρεσβυτέρους, ὡς ἐγώ σοι διεταξάμην; εἴ τίς ἐστιν ἀνέγκλητος, μιᾶς γυναικὸς ἀνήρ, τέκνα ἔχων πιστά, μὴ ἐν κατηγορίᾳ ἀσωτίας ἢ ἀνυπότακτα. 
```

Focus on these specific words:
```
κατὰ πόλιν
```

Morphology information:
```
κατὰ: Gr,P,,,,,A,,,
πόλιν: Gr,N,,,,,AFS,
```

The gloss for this in French is:
```
*dans* chaque ville,
```

What is the gloss for these specific words in English?  Mark supplemental implicit words with *asterisks* in the gloss. Output the answer in JSON.

Example output:
```json
{"gloss": "combined-words and *implicit words* example"}
```

Response:
```json
{"gloss": "*in* each city"}
```

Answer:
*in* each city

Processing verse 1 chunk 6
Prompt string:
Look at this verse:
```
Titus 1:5: τούτου χάριν, ἀπέλιπόν σε ἐν Κρήτῃ, ἵνα τὰ λείποντα ἐπιδιορθώσῃ, καὶ καταστήσῃς κατὰ πόλιν πρεσβυτέρους, ὡς ἐγώ σοι διεταξάμην; εἴ τίς ἐστιν ἀνέγκλητος, μιᾶς γυναικὸς ἀνήρ, τέκνα ἔχων πιστά, μὴ ἐν κατηγορίᾳ ἀσωτίας ἢ ἀνυπότακτα. 
```

Focus on these specific words:
```
ὡς ἐγώ διεταξάμην σοι
```

Morphology information:
```
ὡς: Gr,CS,,,,,,,,
ἐγώ: Gr,RP,,,1N,S,
διεταξάμην: Gr,V,IAM1,,S,
σοι: Gr,RP,,,2D,S,
```

The gloss for this in French is:
```
comme moi j'ai-prescrit à-toi ;
```

What is the gloss for these specific words in English?  Mark supplemental implicit words with *asterisks* in the gloss. Output the answer in JSON.

Example output:
```json
{"gloss": "combined-words and *implicit words* example"}
```

Response:
```json
{"gloss": "as I *have* ordered to you"}
```

Answer:
as I *have* ordered to you

Processing verse 1 chunk 7
Prompt string:
Look at this verse:
```
Titus 1:6: τούτου χάριν, ἀπέλιπόν σε ἐν Κρήτῃ, ἵνα τὰ λείποντα ἐπιδιορθώσῃ, καὶ καταστήσῃς κατὰ πόλιν πρεσβυτέρους, ὡς ἐγώ σοι διεταξάμην; εἴ τίς ἐστιν ἀνέγκλητος, μιᾶς γυναικὸς ἀνήρ, τέκνα ἔχων πιστά, μὴ ἐν κατηγορίᾳ ἀσωτίας ἢ ἀνυπότακτα. 
```

Focus on these specific words:
```
εἴ τίς ἐστιν
```

Morphology information:
```
εἴ: Gr,CS,,,,,,,,
τίς: Gr,RI,,,,NMS,
ἐστιν: Gr,V,IPA3,,S,
```

The gloss for this in French is:
```
si quelqu'un est
```

What is the gloss for these specific words in English?  Mark supplemental implicit words with *asterisks* in the gloss. Output the answer in JSON.

Example output:
```json
{"gloss": "combined-words and *implicit words* example"}
```

Response:
```json
{"gloss": "if anyone is"}
```

Answer:
if anyone is

Processing verse 1 chunk 8
Prompt string:
Look at this verse:
```
Titus 1:6: τούτου χάριν, ἀπέλιπόν σε ἐν Κρήτῃ, ἵνα τὰ λείποντα ἐπιδιορθώσῃ, καὶ καταστήσῃς κατὰ πόλιν πρεσβυτέρους, ὡς ἐγώ σοι διεταξάμην; εἴ τίς ἐστιν ἀνέγκλητος, μιᾶς γυναικὸς ἀνήρ, τέκνα ἔχων πιστά, μὴ ἐν κατηγορίᾳ ἀσωτίας ἢ ἀνυπότακτα. 
```

Focus on these specific words:
```
ἀνέγκλητος
```

Morphology information:
```
ἀνέγκλητος: Gr,NP,,,,NMS,
```

The gloss for this in French is:
```
irréprochable,
```

What is the gloss for these specific words in English?  Mark supplemental implicit words with *asterisks* in the gloss. Output the answer in JSON.

Example output:
```json
{"gloss": "combined-words and *implicit words* example"}
```

Response:
```json
{"gloss": "blameless"}
```

Answer:
blameless

Processing verse 1 chunk 9
Prompt string:
Look at this verse:
```
Titus 1:6: τούτου χάριν, ἀπέλιπόν σε ἐν Κρήτῃ, ἵνα τὰ λείποντα ἐπιδιορθώσῃ, καὶ καταστήσῃς κατὰ πόλιν πρεσβυτέρους, ὡς ἐγώ σοι διεταξάμην; εἴ τίς ἐστιν ἀνέγκλητος, μιᾶς γυναικὸς ἀνήρ, τέκνα ἔχων πιστά, μὴ ἐν κατηγορίᾳ ἀσωτίας ἢ ἀνυπότακτα. 
```

Focus on these specific words:
```
ἀνήρ μιᾶς γυναικὸς
```

Morphology information:
```
ἀνήρ: Gr,N,,,,,NMS,
μιᾶς: Gr,EN,,,,GFS,
γυναικὸς: Gr,N,,,,,GFS,
```

The gloss for this in French is:
```
époux d'une-seule femme,
```

What is the gloss for these specific words in English?  Mark supplemental implicit words with *asterisks* in the gloss. Output the answer in JSON.

Example output:
```json
{"gloss": "combined-words and *implicit words* example"}
```

Response:
```json
{"gloss": "husband of *a* one woman"}
```

Answer:
husband of *a* one woman

Processing verse 1 chunk 10
Prompt string:
Look at this verse:
```
Titus 1:6: τούτου χάριν, ἀπέλιπόν σε ἐν Κρήτῃ, ἵνα τὰ λείποντα ἐπιδιορθώσῃ, καὶ καταστήσῃς κατὰ πόλιν πρεσβυτέρους, ὡς ἐγώ σοι διεταξάμην; εἴ τίς ἐστιν ἀνέγκλητος, μιᾶς γυναικὸς ἀνήρ, τέκνα ἔχων πιστά, μὴ ἐν κατηγορίᾳ ἀσωτίας ἢ ἀνυπότακτα. 
```

Focus on these specific words:
```
ἔχων τέκνα πιστά
```

Morphology information:
```
ἔχων: Gr,V,PPA,NMS,
τέκνα: Gr,N,,,,,ANP,
πιστά: Gr,NS,,,,ANP,
```

The gloss for this in French is:
```
ayant des-enfants fidèles,
```

What is the gloss for these specific words in English?  Mark supplemental implicit words with *asterisks* in the gloss. Output the answer in JSON.

Example output:
```json
{"gloss": "combined-words and *implicit words* example"}
```

Response:
```json
{"gloss": "having faithful children"}
```

Answer:
having faithful children

Processing verse 1 chunk 11
Prompt string:
Look at this verse:
```
Titus 1:6: τούτου χάριν, ἀπέλιπόν σε ἐν Κρήτῃ, ἵνα τὰ λείποντα ἐπιδιορθώσῃ, καὶ καταστήσῃς κατὰ πόλιν πρεσβυτέρους, ὡς ἐγώ σοι διεταξάμην; εἴ τίς ἐστιν ἀνέγκλητος, μιᾶς γυναικὸς ἀνήρ, τέκνα ἔχων πιστά, μὴ ἐν κατηγορίᾳ ἀσωτίας ἢ ἀνυπότακτα. 
```

Focus on these specific words:
```
μὴ ἐν κατηγορίᾳ
```

Morphology information:
```
μὴ: Gr,D,,,,,,,,,
ἐν: Gr,P,,,,,D,,,
κατηγορίᾳ: Gr,N,,,,,DFS,
```

The gloss for this in French is:
```
*qui ne sont* ni *visés* par une-accusation
```

What is the gloss for these specific words in English?  Mark supplemental implicit words with *asterisks* in the gloss. Output the answer in JSON.

Example output:
```json
{"gloss": "combined-words and *implicit words* example"}
```

Response:
```json
{"gloss": "not under any *accusation*"}
```

Answer:
not under any *accusation*

Processing verse 1 chunk 12
Prompt string:
Look at this verse:
```
Titus 1:6: τούτου χάριν, ἀπέλιπόν σε ἐν Κρήτῃ, ἵνα τὰ λείποντα ἐπιδιορθώσῃ, καὶ καταστήσῃς κατὰ πόλιν πρεσβυτέρους, ὡς ἐγώ σοι διεταξάμην; εἴ τίς ἐστιν ἀνέγκλητος, μιᾶς γυναικὸς ἀνήρ, τέκνα ἔχων πιστά, μὴ ἐν κατηγορίᾳ ἀσωτίας ἢ ἀνυπότακτα. 
```

Focus on these specific words:
```
ἀσωτίας
```

Morphology information:
```
ἀσωτίας: Gr,N,,,,,GFS,
```

The gloss for this in French is:
```
de débauche,
```

What is the gloss for these specific words in English?  Mark supplemental implicit words with *asterisks* in the gloss. Output the answer in JSON.

Example output:
```json
{"gloss": "combined-words and *implicit words* example"}
```

Response:
```json
{"gloss": "of *dissipation*,"}
```

Answer:
of *dissipation*,

Processing verse 1 chunk 13
Prompt string:
Look at this verse:
```
Titus 1:6: τούτου χάριν, ἀπέλιπόν σε ἐν Κρήτῃ, ἵνα τὰ λείποντα ἐπιδιορθώσῃ, καὶ καταστήσῃς κατὰ πόλιν πρεσβυτέρους, ὡς ἐγώ σοι διεταξάμην; εἴ τίς ἐστιν ἀνέγκλητος, μιᾶς γυναικὸς ἀνήρ, τέκνα ἔχων πιστά, μὴ ἐν κατηγορίᾳ ἀσωτίας ἢ ἀνυπότακτα. 
```

Focus on these specific words:
```
ἢ ἀνυπότακτα
```

Morphology information:
```
ἢ: Gr,CC,,,,,,,,
ἀνυπότακτα: Gr,NP,,,,ANP,
```

The gloss for this in French is:
```
ni indisciplinés.
```

What is the gloss for these specific words in English?  Mark supplemental implicit words with *asterisks* in the gloss. Output the answer in JSON.

Example output:
```json
{"gloss": "combined-words and *implicit words* example"}
```

Response:
```json
{"gloss": "or *unruly*"}
```

Answer:
or *unruly*

Processing verse 2 chunk 0
Prompt string:
Look at this verse:
```
Titus 1:7: δεῖ γὰρ τὸν ἐπίσκοπον ἀνέγκλητον εἶναι, ὡς Θεοῦ οἰκονόμον; μὴ αὐθάδη, μὴ ὀργίλον, μὴ πάροινον, μὴ πλήκτην, μὴ αἰσχροκερδῆ, ἀλλὰ φιλόξενον, φιλάγαθον, σώφρονα, δίκαιον, ὅσιον, ἐγκρατῆ; ἀντεχόμενον τοῦ κατὰ τὴν διδαχὴν πιστοῦ λόγου, ἵνα δυνατὸς ᾖ, καὶ παρακαλεῖν ἐν τῇ διδασκαλίᾳ τῇ ὑγιαινούσῃ, καὶ τοὺς ἀντιλέγοντας ἐλέγχειν.
```

Focus on these specific words:
```
γὰρ δεῖ
```

Morphology information:
```
γὰρ: Gr,CC,,,,,,,,
δεῖ: Gr,V,IPA3,,S,
```

The gloss for this in French is:
```
Car il-faut
```

What is the gloss for these specific words in English?  Mark supplemental implicit words with *asterisks* in the gloss. Output the answer in JSON.

Example output:
```json
{"gloss": "combined-words and *implicit words* example"}
```

Response:
```json
{"gloss": "for it *is necessary*"}
```

Answer:
for it *is necessary*

Processing verse 2 chunk 1
Prompt string:
Look at this verse:
```
Titus 1:7: δεῖ γὰρ τὸν ἐπίσκοπον ἀνέγκλητον εἶναι, ὡς Θεοῦ οἰκονόμον; μὴ αὐθάδη, μὴ ὀργίλον, μὴ πάροινον, μὴ πλήκτην, μὴ αἰσχροκερδῆ, ἀλλὰ φιλόξενον, φιλάγαθον, σώφρονα, δίκαιον, ὅσιον, ἐγκρατῆ; ἀντεχόμενον τοῦ κατὰ τὴν διδαχὴν πιστοῦ λόγου, ἵνα δυνατὸς ᾖ, καὶ παρακαλεῖν ἐν τῇ διδασκαλίᾳ τῇ ὑγιαινούσῃ, καὶ τοὺς ἀντιλέγοντας ἐλέγχειν.
```

Focus on these specific words:
```
τὸν ἐπίσκοπον εἶναι
```

Morphology information:
```
τὸν: Gr,EA,,,,AMS,
ἐπίσκοπον: Gr,N,,,,,AMS,
εἶναι: Gr,V,NPA,,,,,
```

The gloss for this in French is:
```
*que* l'évêque soit
```

What is the gloss for these specific words in English?  Mark supplemental implicit words with *asterisks* in the gloss. Output the answer in JSON.

Example output:
```json
{"gloss": "combined-words and *implicit words* example"}
```

Response:
```json
{"gloss": "*for* the overseer *to be*"}
```

Answer:
*for* the overseer *to be*

Processing verse 2 chunk 2
Prompt string:
Look at this verse:
```
Titus 1:7: δεῖ γὰρ τὸν ἐπίσκοπον ἀνέγκλητον εἶναι, ὡς Θεοῦ οἰκονόμον; μὴ αὐθάδη, μὴ ὀργίλον, μὴ πάροινον, μὴ πλήκτην, μὴ αἰσχροκερδῆ, ἀλλὰ φιλόξενον, φιλάγαθον, σώφρονα, δίκαιον, ὅσιον, ἐγκρατῆ; ἀντεχόμενον τοῦ κατὰ τὴν διδαχὴν πιστοῦ λόγου, ἵνα δυνατὸς ᾖ, καὶ παρακαλεῖν ἐν τῇ διδασκαλίᾳ τῇ ὑγιαινούσῃ, καὶ τοὺς ἀντιλέγοντας ἐλέγχειν.
```

Focus on these specific words:
```
ἀνέγκλητον
```

Morphology information:
```
ἀνέγκλητον: Gr,NS,,,,AMS,
```

The gloss for this in French is:
```
irréprochable,
```

What is the gloss for these specific words in English?  Mark supplemental implicit words with *asterisks* in the gloss. Output the answer in JSON.

Example output:
```json
{"gloss": "combined-words and *implicit words* example"}
```

Response:
```json
{"gloss": "above reproach"}
```

Answer:
above reproach

Processing verse 2 chunk 3
Prompt string:
Look at this verse:
```
Titus 1:7: δεῖ γὰρ τὸν ἐπίσκοπον ἀνέγκλητον εἶναι, ὡς Θεοῦ οἰκονόμον; μὴ αὐθάδη, μὴ ὀργίλον, μὴ πάροινον, μὴ πλήκτην, μὴ αἰσχροκερδῆ, ἀλλὰ φιλόξενον, φιλάγαθον, σώφρονα, δίκαιον, ὅσιον, ἐγκρατῆ; ἀντεχόμενον τοῦ κατὰ τὴν διδαχὴν πιστοῦ λόγου, ἵνα δυνατὸς ᾖ, καὶ παρακαλεῖν ἐν τῇ διδασκαλίᾳ τῇ ὑγιαινούσῃ, καὶ τοὺς ἀντιλέγοντας ἐλέγχειν.
```

Focus on these specific words:
```
ὡς οἰκονόμον Θεοῦ
```

Morphology information:
```
ὡς: Gr,CS,,,,,,,,
οἰκονόμον: Gr,N,,,,,AMS,
Θεοῦ: Gr,N,,,,,GMS,
```

The gloss for this in French is:
```
comme un-administrateur de-Dieu,
```

What is the gloss for these specific words in English?  Mark supplemental implicit words with *asterisks* in the gloss. Output the answer in JSON.

Example output:
```json
{"gloss": "combined-words and *implicit words* example"}
```

Response:
```json
{"gloss": "as a *steward* of God"}
```

Answer:
as a *steward* of God

Processing verse 2 chunk 4
Prompt string:
Look at this verse:
```
Titus 1:7: δεῖ γὰρ τὸν ἐπίσκοπον ἀνέγκλητον εἶναι, ὡς Θεοῦ οἰκονόμον; μὴ αὐθάδη, μὴ ὀργίλον, μὴ πάροινον, μὴ πλήκτην, μὴ αἰσχροκερδῆ, ἀλλὰ φιλόξενον, φιλάγαθον, σώφρονα, δίκαιον, ὅσιον, ἐγκρατῆ; ἀντεχόμενον τοῦ κατὰ τὴν διδαχὴν πιστοῦ λόγου, ἵνα δυνατὸς ᾖ, καὶ παρακαλεῖν ἐν τῇ διδασκαλίᾳ τῇ ὑγιαινούσῃ, καὶ τοὺς ἀντιλέγοντας ἐλέγχειν.
```

Focus on these specific words:
```
μὴ αὐθάδη
```

Morphology information:
```
μὴ: Gr,D,,,,,,,,,
αὐθάδη: Gr,NS,,,,AMS,
```

The gloss for this in French is:
```
*et non* pas arrogant,
```

What is the gloss for these specific words in English?  Mark supplemental implicit words with *asterisks* in the gloss. Output the answer in JSON.

Example output:
```json
{"gloss": "combined-words and *implicit words* example"}
```

Response:
```json
{"gloss": "*not* self-willed"}
```

Answer:
*not* self-willed

Processing verse 2 chunk 5
Prompt string:
Look at this verse:
```
Titus 1:7: δεῖ γὰρ τὸν ἐπίσκοπον ἀνέγκλητον εἶναι, ὡς Θεοῦ οἰκονόμον; μὴ αὐθάδη, μὴ ὀργίλον, μὴ πάροινον, μὴ πλήκτην, μὴ αἰσχροκερδῆ, ἀλλὰ φιλόξενον, φιλάγαθον, σώφρονα, δίκαιον, ὅσιον, ἐγκρατῆ; ἀντεχόμενον τοῦ κατὰ τὴν διδαχὴν πιστοῦ λόγου, ἵνα δυνατὸς ᾖ, καὶ παρακαλεῖν ἐν τῇ διδασκαλίᾳ τῇ ὑγιαινούσῃ, καὶ τοὺς ἀντιλέγοντας ἐλέγχειν.
```

Focus on these specific words:
```
μὴ ὀργίλον
```

Morphology information:
```
μὴ: Gr,D,,,,,,,,,
ὀργίλον: Gr,NS,,,,AMS,
```

The gloss for this in French is:
```
ni colérique,
```

What is the gloss for these specific words in English?  Mark supplemental implicit words with *asterisks* in the gloss. Output the answer in JSON.

Example output:
```json
{"gloss": "combined-words and *implicit words* example"}
```

Response:
```json
{"gloss": "not *given to* anger,"}
```

Answer:
not *given to* anger,

Processing verse 2 chunk 6
Prompt string:
Look at this verse:
```
Titus 1:7: δεῖ γὰρ τὸν ἐπίσκοπον ἀνέγκλητον εἶναι, ὡς Θεοῦ οἰκονόμον; μὴ αὐθάδη, μὴ ὀργίλον, μὴ πάροινον, μὴ πλήκτην, μὴ αἰσχροκερδῆ, ἀλλὰ φιλόξενον, φιλάγαθον, σώφρονα, δίκαιον, ὅσιον, ἐγκρατῆ; ἀντεχόμενον τοῦ κατὰ τὴν διδαχὴν πιστοῦ λόγου, ἵνα δυνατὸς ᾖ, καὶ παρακαλεῖν ἐν τῇ διδασκαλίᾳ τῇ ὑγιαινούσῃ, καὶ τοὺς ἀντιλέγοντας ἐλέγχειν.
```

Focus on these specific words:
```
μὴ πάροινον
```

Morphology information:
```
μὴ: Gr,D,,,,,,,,,
πάροινον: Gr,NS,,,,AMS,
```

The gloss for this in French is:
```
ni ivrogne,
```

What is the gloss for these specific words in English?  Mark supplemental implicit words with *asterisks* in the gloss. Output the answer in JSON.

Example output:
```json
{"gloss": "combined-words and *implicit words* example"}
```

Response:
```json
{"gloss": "not *a* drunkard"}
```

Answer:
not *a* drunkard

Processing verse 2 chunk 7
Prompt string:
Look at this verse:
```
Titus 1:7: δεῖ γὰρ τὸν ἐπίσκοπον ἀνέγκλητον εἶναι, ὡς Θεοῦ οἰκονόμον; μὴ αὐθάδη, μὴ ὀργίλον, μὴ πάροινον, μὴ πλήκτην, μὴ αἰσχροκερδῆ, ἀλλὰ φιλόξενον, φιλάγαθον, σώφρονα, δίκαιον, ὅσιον, ἐγκρατῆ; ἀντεχόμενον τοῦ κατὰ τὴν διδαχὴν πιστοῦ λόγου, ἵνα δυνατὸς ᾖ, καὶ παρακαλεῖν ἐν τῇ διδασκαλίᾳ τῇ ὑγιαινούσῃ, καὶ τοὺς ἀντιλέγοντας ἐλέγχειν.
```

Focus on these specific words:
```
μὴ πλήκτην
```

Morphology information:
```
μὴ: Gr,D,,,,,,,,,
πλήκτην: Gr,N,,,,,AMS,
```

The gloss for this in French is:
```
ni violent,
```

What is the gloss for these specific words in English?  Mark supplemental implicit words with *asterisks* in the gloss. Output the answer in JSON.

Example output:
```json
{"gloss": "combined-words and *implicit words* example"}
```

Response:
```json
{"gloss": "not *a* brawler"}
```

Answer:
not *a* brawler

Processing verse 2 chunk 8
Prompt string:
Look at this verse:
```
Titus 1:7: δεῖ γὰρ τὸν ἐπίσκοπον ἀνέγκλητον εἶναι, ὡς Θεοῦ οἰκονόμον; μὴ αὐθάδη, μὴ ὀργίλον, μὴ πάροινον, μὴ πλήκτην, μὴ αἰσχροκερδῆ, ἀλλὰ φιλόξενον, φιλάγαθον, σώφρονα, δίκαιον, ὅσιον, ἐγκρατῆ; ἀντεχόμενον τοῦ κατὰ τὴν διδαχὴν πιστοῦ λόγου, ἵνα δυνατὸς ᾖ, καὶ παρακαλεῖν ἐν τῇ διδασκαλίᾳ τῇ ὑγιαινούσῃ, καὶ τοὺς ἀντιλέγοντας ἐλέγχειν.
```

Focus on these specific words:
```
μὴ αἰσχροκερδῆ
```

Morphology information:
```
μὴ: Gr,D,,,,,,,,,
αἰσχροκερδῆ: Gr,NS,,,,AMS,
```

The gloss for this in French is:
```
ni cherchant-un-gain-honteux
```

What is the gloss for these specific words in English?  Mark supplemental implicit words with *asterisks* in the gloss. Output the answer in JSON.

Example output:
```json
{"gloss": "combined-words and *implicit words* example"}
```

Response:
```json
{"gloss": "not *given to* sordid gain"}
```

Answer:
not *given to* sordid gain

Processing verse 2 chunk 9
Prompt string:
Look at this verse:
```
Titus 1:8: δεῖ γὰρ τὸν ἐπίσκοπον ἀνέγκλητον εἶναι, ὡς Θεοῦ οἰκονόμον; μὴ αὐθάδη, μὴ ὀργίλον, μὴ πάροινον, μὴ πλήκτην, μὴ αἰσχροκερδῆ, ἀλλὰ φιλόξενον, φιλάγαθον, σώφρονα, δίκαιον, ὅσιον, ἐγκρατῆ; ἀντεχόμενον τοῦ κατὰ τὴν διδαχὴν πιστοῦ λόγου, ἵνα δυνατὸς ᾖ, καὶ παρακαλεῖν ἐν τῇ διδασκαλίᾳ τῇ ὑγιαινούσῃ, καὶ τοὺς ἀντιλέγοντας ἐλέγχειν.
```

Focus on these specific words:
```
ἀλλὰ φιλόξενον
```

Morphology information:
```
ἀλλὰ: Gr,CC,,,,,,,,
φιλόξενον: Gr,NS,,,,AMS,
```

The gloss for this in French is:
```
mais hospitalier,
```

What is the gloss for these specific words in English?  Mark supplemental implicit words with *asterisks* in the gloss. Output the answer in JSON.

Example output:
```json
{"gloss": "combined-words and *implicit words* example"}
```

Response:
```json
{"gloss": "but hospitable,"}
```

Answer:
but hospitable,

Processing verse 2 chunk 10
Prompt string:
Look at this verse:
```
Titus 1:8: δεῖ γὰρ τὸν ἐπίσκοπον ἀνέγκλητον εἶναι, ὡς Θεοῦ οἰκονόμον; μὴ αὐθάδη, μὴ ὀργίλον, μὴ πάροινον, μὴ πλήκτην, μὴ αἰσχροκερδῆ, ἀλλὰ φιλόξενον, φιλάγαθον, σώφρονα, δίκαιον, ὅσιον, ἐγκρατῆ; ἀντεχόμενον τοῦ κατὰ τὴν διδαχὴν πιστοῦ λόγου, ἵνα δυνατὸς ᾖ, καὶ παρακαλεῖν ἐν τῇ διδασκαλίᾳ τῇ ὑγιαινούσῃ, καὶ τοὺς ἀντιλέγοντας ἐλέγχειν.
```

Focus on these specific words:
```
φιλάγαθον
```

Morphology information:
```
φιλάγαθον: Gr,NS,,,,AMS,
```

The gloss for this in French is:
```
ami du bien,
```

What is the gloss for these specific words in English?  Mark supplemental implicit words with *asterisks* in the gloss. Output the answer in JSON.

Example output:
```json
{"gloss": "combined-words and *implicit words* example"}
```

Response:
```json
{"gloss": "lover of *what is* good"}
```

Answer:
lover of *what is* good

Processing verse 2 chunk 11
Prompt string:
Look at this verse:
```
Titus 1:8: δεῖ γὰρ τὸν ἐπίσκοπον ἀνέγκλητον εἶναι, ὡς Θεοῦ οἰκονόμον; μὴ αὐθάδη, μὴ ὀργίλον, μὴ πάροινον, μὴ πλήκτην, μὴ αἰσχροκερδῆ, ἀλλὰ φιλόξενον, φιλάγαθον, σώφρονα, δίκαιον, ὅσιον, ἐγκρατῆ; ἀντεχόμενον τοῦ κατὰ τὴν διδαχὴν πιστοῦ λόγου, ἵνα δυνατὸς ᾖ, καὶ παρακαλεῖν ἐν τῇ διδασκαλίᾳ τῇ ὑγιαινούσῃ, καὶ τοὺς ἀντιλέγοντας ἐλέγχειν.
```

Focus on these specific words:
```
σώφρονα
```

Morphology information:
```
σώφρονα: Gr,NS,,,,AMS,
```

The gloss for this in French is:
```
modéré,
```

What is the gloss for these specific words in English?  Mark supplemental implicit words with *asterisks* in the gloss. Output the answer in JSON.

Example output:
```json
{"gloss": "combined-words and *implicit words* example"}
```

Response:
```json
{"gloss": "self-controlled"}
```

Answer:
self-controlled

Processing verse 2 chunk 12
Prompt string:
Look at this verse:
```
Titus 1:8: δεῖ γὰρ τὸν ἐπίσκοπον ἀνέγκλητον εἶναι, ὡς Θεοῦ οἰκονόμον; μὴ αὐθάδη, μὴ ὀργίλον, μὴ πάροινον, μὴ πλήκτην, μὴ αἰσχροκερδῆ, ἀλλὰ φιλόξενον, φιλάγαθον, σώφρονα, δίκαιον, ὅσιον, ἐγκρατῆ; ἀντεχόμενον τοῦ κατὰ τὴν διδαχὴν πιστοῦ λόγου, ἵνα δυνατὸς ᾖ, καὶ παρακαλεῖν ἐν τῇ διδασκαλίᾳ τῇ ὑγιαινούσῃ, καὶ τοὺς ἀντιλέγοντας ἐλέγχειν.
```

Focus on these specific words:
```
δίκαιον
```

Morphology information:
```
δίκαιον: Gr,NS,,,,AMS,
```

The gloss for this in French is:
```
juste,
```

What is the gloss for these specific words in English?  Mark supplemental implicit words with *asterisks* in the gloss. Output the answer in JSON.

Example output:
```json
{"gloss": "combined-words and *implicit words* example"}
```

Response:
```json
{"gloss": "righteous"}
```

Answer:
righteous

Processing verse 2 chunk 13
Prompt string:
Look at this verse:
```
Titus 1:8: δεῖ γὰρ τὸν ἐπίσκοπον ἀνέγκλητον εἶναι, ὡς Θεοῦ οἰκονόμον; μὴ αὐθάδη, μὴ ὀργίλον, μὴ πάροινον, μὴ πλήκτην, μὴ αἰσχροκερδῆ, ἀλλὰ φιλόξενον, φιλάγαθον, σώφρονα, δίκαιον, ὅσιον, ἐγκρατῆ; ἀντεχόμενον τοῦ κατὰ τὴν διδαχὴν πιστοῦ λόγου, ἵνα δυνατὸς ᾖ, καὶ παρακαλεῖν ἐν τῇ διδασκαλίᾳ τῇ ὑγιαινούσῃ, καὶ τοὺς ἀντιλέγοντας ἐλέγχειν.
```

Focus on these specific words:
```
ὅσιον
```

Morphology information:
```
ὅσιον: Gr,NS,,,,AMS,
```

The gloss for this in French is:
```
pieux,
```

What is the gloss for these specific words in English?  Mark supplemental implicit words with *asterisks* in the gloss. Output the answer in JSON.

Example output:
```json
{"gloss": "combined-words and *implicit words* example"}
```

Response:
```json
{"gloss": "holy"}
```

Answer:
holy

Processing verse 2 chunk 14
Prompt string:
Look at this verse:
```
Titus 1:8: δεῖ γὰρ τὸν ἐπίσκοπον ἀνέγκλητον εἶναι, ὡς Θεοῦ οἰκονόμον; μὴ αὐθάδη, μὴ ὀργίλον, μὴ πάροινον, μὴ πλήκτην, μὴ αἰσχροκερδῆ, ἀλλὰ φιλόξενον, φιλάγαθον, σώφρονα, δίκαιον, ὅσιον, ἐγκρατῆ; ἀντεχόμενον τοῦ κατὰ τὴν διδαχὴν πιστοῦ λόγου, ἵνα δυνατὸς ᾖ, καὶ παρακαλεῖν ἐν τῇ διδασκαλίᾳ τῇ ὑγιαινούσῃ, καὶ τοὺς ἀντιλέγοντας ἐλέγχειν.
```

Focus on these specific words:
```
ἐγκρατῆ
```

Morphology information:
```
ἐγκρατῆ: Gr,NS,,,,AMS,
```

The gloss for this in French is:
```
maître de lui,
```

What is the gloss for these specific words in English?  Mark supplemental implicit words with *asterisks* in the gloss. Output the answer in JSON.

Example output:
```json
{"gloss": "combined-words and *implicit words* example"}
```

Response:
```json
{"gloss": "*self*-controlled"}
```

Answer:
*self*-controlled

Processing verse 2 chunk 15
Prompt string:
Look at this verse:
```
Titus 1:9: δεῖ γὰρ τὸν ἐπίσκοπον ἀνέγκλητον εἶναι, ὡς Θεοῦ οἰκονόμον; μὴ αὐθάδη, μὴ ὀργίλον, μὴ πάροινον, μὴ πλήκτην, μὴ αἰσχροκερδῆ, ἀλλὰ φιλόξενον, φιλάγαθον, σώφρονα, δίκαιον, ὅσιον, ἐγκρατῆ; ἀντεχόμενον τοῦ κατὰ τὴν διδαχὴν πιστοῦ λόγου, ἵνα δυνατὸς ᾖ, καὶ παρακαλεῖν ἐν τῇ διδασκαλίᾳ τῇ ὑγιαινούσῃ, καὶ τοὺς ἀντιλέγοντας ἐλέγχειν.
```

Focus on these specific words:
```
ἀντεχόμενον τοῦ λόγου πιστοῦ
```

Morphology information:
```
ἀντεχόμενον: Gr,V,PPM,AMS,
τοῦ: Gr,EA,,,,GMS,
λόγου: Gr,N,,,,,GMS,
πιστοῦ: Gr,AA,,,,GMS,
```

The gloss for this in French is:
```
attaché à-la parole véritable
```

What is the gloss for these specific words in English?  Mark supplemental implicit words with *asterisks* in the gloss. Output the answer in JSON.

Example output:
```json
{"gloss": "combined-words and *implicit words* example"}
```

Response:
```json
{"gloss": "holding fast to the *trustworthy* word"}
```

Answer:
holding fast to the *trustworthy* word

Processing verse 2 chunk 16
Prompt string:
Look at this verse:
```
Titus 1:9: δεῖ γὰρ τὸν ἐπίσκοπον ἀνέγκλητον εἶναι, ὡς Θεοῦ οἰκονόμον; μὴ αὐθάδη, μὴ ὀργίλον, μὴ πάροινον, μὴ πλήκτην, μὴ αἰσχροκερδῆ, ἀλλὰ φιλόξενον, φιλάγαθον, σώφρονα, δίκαιον, ὅσιον, ἐγκρατῆ; ἀντεχόμενον τοῦ κατὰ τὴν διδαχὴν πιστοῦ λόγου, ἵνα δυνατὸς ᾖ, καὶ παρακαλεῖν ἐν τῇ διδασκαλίᾳ τῇ ὑγιαινούσῃ, καὶ τοὺς ἀντιλέγοντας ἐλέγχειν.
```

Focus on these specific words:
```
κατὰ τὴν διδαχὴν
```

Morphology information:
```
κατὰ: Gr,P,,,,,A,,,
τὴν: Gr,EA,,,,AFS,
διδαχὴν: Gr,N,,,,,AFS,
```

The gloss for this in French is:
```
selon l'enseignement,
```

What is the gloss for these specific words in English?  Mark supplemental implicit words with *asterisks* in the gloss. Output the answer in JSON.

Example output:
```json
{"gloss": "combined-words and *implicit words* example"}
```

Response:
```json
{"gloss": "according to the teaching"}
```

Answer:
according to the teaching

Processing verse 2 chunk 17
Prompt string:
Look at this verse:
```
Titus 1:9: δεῖ γὰρ τὸν ἐπίσκοπον ἀνέγκλητον εἶναι, ὡς Θεοῦ οἰκονόμον; μὴ αὐθάδη, μὴ ὀργίλον, μὴ πάροινον, μὴ πλήκτην, μὴ αἰσχροκερδῆ, ἀλλὰ φιλόξενον, φιλάγαθον, σώφρονα, δίκαιον, ὅσιον, ἐγκρατῆ; ἀντεχόμενον τοῦ κατὰ τὴν διδαχὴν πιστοῦ λόγου, ἵνα δυνατὸς ᾖ, καὶ παρακαλεῖν ἐν τῇ διδασκαλίᾳ τῇ ὑγιαινούσῃ, καὶ τοὺς ἀντιλέγοντας ἐλέγχειν.
```

Focus on these specific words:
```
ἵνα ᾖ δυνατὸς
```

Morphology information:
```
ἵνα: Gr,CS,,,,,,,,
ᾖ: Gr,V,SPA3,,S,
δυνατὸς: Gr,NS,,,,NMS,
```

The gloss for this in French is:
```
afin-qu'il soit capable
```

What is the gloss for these specific words in English?  Mark supplemental implicit words with *asterisks* in the gloss. Output the answer in JSON.

Example output:
```json
{"gloss": "combined-words and *implicit words* example"}
```

Response:
```json
{"gloss": "so that he may be *able*"}
```

Answer:
so that he may be *able*

Processing verse 2 chunk 18
Prompt string:
Look at this verse:
```
Titus 1:9: δεῖ γὰρ τὸν ἐπίσκοπον ἀνέγκλητον εἶναι, ὡς Θεοῦ οἰκονόμον; μὴ αὐθάδη, μὴ ὀργίλον, μὴ πάροινον, μὴ πλήκτην, μὴ αἰσχροκερδῆ, ἀλλὰ φιλόξενον, φιλάγαθον, σώφρονα, δίκαιον, ὅσιον, ἐγκρατῆ; ἀντεχόμενον τοῦ κατὰ τὴν διδαχὴν πιστοῦ λόγου, ἵνα δυνατὸς ᾖ, καὶ παρακαλεῖν ἐν τῇ διδασκαλίᾳ τῇ ὑγιαινούσῃ, καὶ τοὺς ἀντιλέγοντας ἐλέγχειν.
```

Focus on these specific words:
```
καὶ παρακαλεῖν
```

Morphology information:
```
καὶ: Gr,DO,,,,,,,,
παρακαλεῖν: Gr,V,NPA,,,,,
```

The gloss for this in French is:
```
et *d'* exhorter
```

What is the gloss for these specific words in English?  Mark supplemental implicit words with *asterisks* in the gloss. Output the answer in JSON.

Example output:
```json
{"gloss": "combined-words and *implicit words* example"}
```

Response:
```json
{"gloss": "and *to* encourage"}
```

Answer:
and *to* encourage

Processing verse 2 chunk 19
Prompt string:
Look at this verse:
```
Titus 1:9: δεῖ γὰρ τὸν ἐπίσκοπον ἀνέγκλητον εἶναι, ὡς Θεοῦ οἰκονόμον; μὴ αὐθάδη, μὴ ὀργίλον, μὴ πάροινον, μὴ πλήκτην, μὴ αἰσχροκερδῆ, ἀλλὰ φιλόξενον, φιλάγαθον, σώφρονα, δίκαιον, ὅσιον, ἐγκρατῆ; ἀντεχόμενον τοῦ κατὰ τὴν διδαχὴν πιστοῦ λόγου, ἵνα δυνατὸς ᾖ, καὶ παρακαλεῖν ἐν τῇ διδασκαλίᾳ τῇ ὑγιαινούσῃ, καὶ τοὺς ἀντιλέγοντας ἐλέγχειν.
```

Focus on these specific words:
```
ἐν τῇ διδασκαλίᾳ
```

Morphology information:
```
ἐν: Gr,P,,,,,D,,,
τῇ: Gr,EA,,,,DFS,
διδασκαλίᾳ: Gr,N,,,,,DFS,
```

The gloss for this in French is:
```
dans l'enseignement
```

What is the gloss for these specific words in English?  Mark supplemental implicit words with *asterisks* in the gloss. Output the answer in JSON.

Example output:
```json
{"gloss": "combined-words and *implicit words* example"}
```

Response:
```json
{"gloss": "in the *sound* teaching"}
```

Answer:
in the *sound* teaching

Processing verse 2 chunk 20
Prompt string:
Look at this verse:
```
Titus 1:9: δεῖ γὰρ τὸν ἐπίσκοπον ἀνέγκλητον εἶναι, ὡς Θεοῦ οἰκονόμον; μὴ αὐθάδη, μὴ ὀργίλον, μὴ πάροινον, μὴ πλήκτην, μὴ αἰσχροκερδῆ, ἀλλὰ φιλόξενον, φιλάγαθον, σώφρονα, δίκαιον, ὅσιον, ἐγκρατῆ; ἀντεχόμενον τοῦ κατὰ τὴν διδαχὴν πιστοῦ λόγου, ἵνα δυνατὸς ᾖ, καὶ παρακαλεῖν ἐν τῇ διδασκαλίᾳ τῇ ὑγιαινούσῃ, καὶ τοὺς ἀντιλέγοντας ἐλέγχειν.
```

Focus on these specific words:
```
τῇ ὑγιαινούσῃ
```

Morphology information:
```
τῇ: Gr,EA,,,,DFS,
ὑγιαινούσῃ: Gr,V,PPA,DFS,
```

The gloss for this in French is:
```
celui étant-sain,
```

What is the gloss for these specific words in English?  Mark supplemental implicit words with *asterisks* in the gloss. Output the answer in JSON.

Example output:
```json
{"gloss": "combined-words and *implicit words* example"}
```

Response:
```json
{"gloss": "the *one* *being* sound"}
```

Answer:
the *one* *being* sound

Processing verse 2 chunk 21
Prompt string:
Look at this verse:
```
Titus 1:9: δεῖ γὰρ τὸν ἐπίσκοπον ἀνέγκλητον εἶναι, ὡς Θεοῦ οἰκονόμον; μὴ αὐθάδη, μὴ ὀργίλον, μὴ πάροινον, μὴ πλήκτην, μὴ αἰσχροκερδῆ, ἀλλὰ φιλόξενον, φιλάγαθον, σώφρονα, δίκαιον, ὅσιον, ἐγκρατῆ; ἀντεχόμενον τοῦ κατὰ τὴν διδαχὴν πιστοῦ λόγου, ἵνα δυνατὸς ᾖ, καὶ παρακαλεῖν ἐν τῇ διδασκαλίᾳ τῇ ὑγιαινούσῃ, καὶ τοὺς ἀντιλέγοντας ἐλέγχειν.
```

Focus on these specific words:
```
καὶ ἐλέγχειν τοὺς ἀντιλέγοντας
```

Morphology information:
```
καὶ: Gr,CO,,,,,,,,
ἐλέγχειν: Gr,V,NPA,,,,,
τοὺς: Gr,EA,,,,AMP,
ἀντιλέγοντας: Gr,V,PPA,AMP,
```

The gloss for this in French is:
```
et *de* réfuter les contradicteurs.
```

What is the gloss for these specific words in English?  Mark supplemental implicit words with *asterisks* in the gloss. Output the answer in JSON.

Example output:
```json
{"gloss": "combined-words and *implicit words* example"}
```

Response:
```json
{"gloss": "and *to* refute those who contradict"}
```

Answer:
and *to* refute those who contradict

Processing verse 3 chunk 0
Prompt string:
Look at this verse:
```
Titus 1:10: εἰσὶν γὰρ πολλοὶ καὶ ἀνυπότακτοι, ματαιολόγοι, καὶ φρεναπάται, μάλιστα οἱ ἐκ τῆς περιτομῆς, οὓς δεῖ ἐπιστομίζειν, οἵτινες ὅλους οἴκους ἀνατρέπουσιν, διδάσκοντες ἃ μὴ δεῖ, αἰσχροῦ κέρδους χάριν. 
```

Focus on these specific words:
```
γὰρ εἰσὶν
```

Morphology information:
```
γὰρ: Gr,CC,,,,,,,,
εἰσὶν: Gr,V,IPA3,,P,
```

The gloss for this in French is:
```
En-effet ils-sont
```

What is the gloss for these specific words in English?  Mark supplemental implicit words with *asterisks* in the gloss. Output the answer in JSON.

Example output:
```json
{"gloss": "combined-words and *implicit words* example"}
```

Response:
```json
{"gloss": "for indeed *there* are"}
```

Answer:
for indeed *there* are

Processing verse 3 chunk 1
Prompt string:
Look at this verse:
```
Titus 1:10: εἰσὶν γὰρ πολλοὶ καὶ ἀνυπότακτοι, ματαιολόγοι, καὶ φρεναπάται, μάλιστα οἱ ἐκ τῆς περιτομῆς, οὓς δεῖ ἐπιστομίζειν, οἵτινες ὅλους οἴκους ἀνατρέπουσιν, διδάσκοντες ἃ μὴ δεῖ, αἰσχροῦ κέρδους χάριν. 
```

Focus on these specific words:
```
πολλοὶ καὶ ἀνυπότακτοι
```

Morphology information:
```
πολλοὶ: Gr,RI,,,,NMP,
καὶ: Gr,D,,,,,,,,,
ἀνυπότακτοι: Gr,NS,,,,NMP,
```

The gloss for this in French is:
```
nombreux et indisciplinés,
```

What is the gloss for these specific words in English?  Mark supplemental implicit words with *asterisks* in the gloss. Output the answer in JSON.

Example output:
```json
{"gloss": "combined-words and *implicit words* example"}
```

Response:
```json
{"gloss": "many and insubordinate"}
```

Answer:
many and insubordinate

Processing verse 3 chunk 2
Prompt string:
Look at this verse:
```
Titus 1:10: εἰσὶν γὰρ πολλοὶ καὶ ἀνυπότακτοι, ματαιολόγοι, καὶ φρεναπάται, μάλιστα οἱ ἐκ τῆς περιτομῆς, οὓς δεῖ ἐπιστομίζειν, οἵτινες ὅλους οἴκους ἀνατρέπουσιν, διδάσκοντες ἃ μὴ δεῖ, αἰσχροῦ κέρδους χάριν. 
```

Focus on these specific words:
```
ματαιολόγοι καὶ φρεναπάται
```

Morphology information:
```
ματαιολόγοι: Gr,NS,,,,NMP,
καὶ: Gr,CC,,,,,,,,
φρεναπάται: Gr,N,,,,,NMP,
```

The gloss for this in French is:
```
bavards et trompeurs,
```

What is the gloss for these specific words in English?  Mark supplemental implicit words with *asterisks* in the gloss. Output the answer in JSON.

Example output:
```json
{"gloss": "combined-words and *implicit words* example"}
```

Response:
```json
{"gloss": "empty talkers and deceivers"}
```

Answer:
empty talkers and deceivers

Processing verse 3 chunk 3
Prompt string:
Look at this verse:
```
Titus 1:10: εἰσὶν γὰρ πολλοὶ καὶ ἀνυπότακτοι, ματαιολόγοι, καὶ φρεναπάται, μάλιστα οἱ ἐκ τῆς περιτομῆς, οὓς δεῖ ἐπιστομίζειν, οἵτινες ὅλους οἴκους ἀνατρέπουσιν, διδάσκοντες ἃ μὴ δεῖ, αἰσχροῦ κέρδους χάριν. 
```

Focus on these specific words:
```
μάλιστα οἱ ἐκ τῆς περιτομῆς
```

Morphology information:
```
μάλιστα: Gr,D,,,,,,,,S
οἱ: Gr,EA,,,,NMP,
ἐκ: Gr,P,,,,,G,,,
τῆς: Gr,EA,,,,GFS,
περιτομῆς: Gr,N,,,,,GFS,
```

The gloss for this in French is:
```
surtout ceux parmi la circoncision,
```

What is the gloss for these specific words in English?  Mark supplemental implicit words with *asterisks* in the gloss. Output the answer in JSON.

Example output:
```json
{"gloss": "combined-words and *implicit words* example"}
```

Response:
```json
{"gloss": "especially those *who are* from the circumcision"}
```

Answer:
especially those *who are* from the circumcision

Processing verse 3 chunk 4
Prompt string:
Look at this verse:
```
Titus 1:11: εἰσὶν γὰρ πολλοὶ καὶ ἀνυπότακτοι, ματαιολόγοι, καὶ φρεναπάται, μάλιστα οἱ ἐκ τῆς περιτομῆς, οὓς δεῖ ἐπιστομίζειν, οἵτινες ὅλους οἴκους ἀνατρέπουσιν, διδάσκοντες ἃ μὴ δεῖ, αἰσχροῦ κέρδους χάριν. 
```

Focus on these specific words:
```
οὓς δεῖ ἐπιστομίζειν
```

Morphology information:
```
οὓς: Gr,RR,,,,AMP,
δεῖ: Gr,V,IPA3,,S,
ἐπιστομίζειν: Gr,V,NPA,,,,,
```

The gloss for this in French is:
```
à-qui il-faut fermer-la-bouche,
```

What is the gloss for these specific words in English?  Mark supplemental implicit words with *asterisks* in the gloss. Output the answer in JSON.

Example output:
```json
{"gloss": "combined-words and *implicit words* example"}
```

Response:
```json
{"gloss": "whom *it* is necessary to *silence*"}
```

Answer:
whom *it* is necessary to *silence*

Processing verse 3 chunk 5
Prompt string:
Look at this verse:
```
Titus 1:11: εἰσὶν γὰρ πολλοὶ καὶ ἀνυπότακτοι, ματαιολόγοι, καὶ φρεναπάται, μάλιστα οἱ ἐκ τῆς περιτομῆς, οὓς δεῖ ἐπιστομίζειν, οἵτινες ὅλους οἴκους ἀνατρέπουσιν, διδάσκοντες ἃ μὴ δεῖ, αἰσχροῦ κέρδους χάριν. 
```

Focus on these specific words:
```
οἵτινες ἀνατρέπουσιν
```

Morphology information:
```
οἵτινες: Gr,RR,,,,NMP,
ἀνατρέπουσιν: Gr,V,IPA3,,P,
```

The gloss for this in French is:
```
eux-qui renversent
```

What is the gloss for these specific words in English?  Mark supplemental implicit words with *asterisks* in the gloss. Output the answer in JSON.

Example output:
```json
{"gloss": "combined-words and *implicit words* example"}
```

Response:
```json
{"gloss": "*those-who* overturn"}
```

Answer:
*those-who* overturn

Processing verse 3 chunk 6
Prompt string:
Look at this verse:
```
Titus 1:11: εἰσὶν γὰρ πολλοὶ καὶ ἀνυπότακτοι, ματαιολόγοι, καὶ φρεναπάται, μάλιστα οἱ ἐκ τῆς περιτομῆς, οὓς δεῖ ἐπιστομίζειν, οἵτινες ὅλους οἴκους ἀνατρέπουσιν, διδάσκοντες ἃ μὴ δεῖ, αἰσχροῦ κέρδους χάριν. 
```

Focus on these specific words:
```
οἴκους ὅλους
```

Morphology information:
```
οἴκους: Gr,N,,,,,AMP,
ὅλους: Gr,EQ,,,,AMP,
```

The gloss for this in French is:
```
des-maisons entières
```

What is the gloss for these specific words in English?  Mark supplemental implicit words with *asterisks* in the gloss. Output the answer in JSON.

Example output:
```json
{"gloss": "combined-words and *implicit words* example"}
```

Response:
```json
{"gloss": "entire households"}
```

Answer:
entire households

Processing verse 3 chunk 7
Prompt string:
Look at this verse:
```
Titus 1:11: εἰσὶν γὰρ πολλοὶ καὶ ἀνυπότακτοι, ματαιολόγοι, καὶ φρεναπάται, μάλιστα οἱ ἐκ τῆς περιτομῆς, οὓς δεῖ ἐπιστομίζειν, οἵτινες ὅλους οἴκους ἀνατρέπουσιν, διδάσκοντες ἃ μὴ δεῖ, αἰσχροῦ κέρδους χάριν. 
```

Focus on these specific words:
```
διδάσκοντες ἃ μὴ δεῖ
```

Morphology information:
```
διδάσκοντες: Gr,V,PPA,NMP,
ἃ: Gr,RD,,,,ANP,
μὴ: Gr,D,,,,,,,,,
δεῖ: Gr,V,IPA3,,S,
```

The gloss for this in French is:
```
enseignant des-choses-qu' il ne faut pas
```

What is the gloss for these specific words in English?  Mark supplemental implicit words with *asterisks* in the gloss. Output the answer in JSON.

Example output:
```json
{"gloss": "combined-words and *implicit words* example"}
```

Response:
```json
{"gloss": "teaching *things* which ought not *to be*"}
```

Answer:
teaching *things* which ought not *to be*

Processing verse 3 chunk 8
Prompt string:
Look at this verse:
```
Titus 1:11: εἰσὶν γὰρ πολλοὶ καὶ ἀνυπότακτοι, ματαιολόγοι, καὶ φρεναπάται, μάλιστα οἱ ἐκ τῆς περιτομῆς, οὓς δεῖ ἐπιστομίζειν, οἵτινες ὅλους οἴκους ἀνατρέπουσιν, διδάσκοντες ἃ μὴ δεῖ, αἰσχροῦ κέρδους χάριν. 
```

Focus on these specific words:
```
χάριν κέρδους αἰσχροῦ
```

Morphology information:
```
χάριν: Gr,PI,,,,G,,,
κέρδους: Gr,N,,,,,GNS,
αἰσχροῦ: Gr,AA,,,,GNS,
```

The gloss for this in French is:
```
en-vue-d' un-gain honteux.
```

What is the gloss for these specific words in English?  Mark supplemental implicit words with *asterisks* in the gloss. Output the answer in JSON.

Example output:
```json
{"gloss": "combined-words and *implicit words* example"}
```

Response:
```json
{"gloss": "for the sake of *a* shameful *gain*"}
```

Answer:
for the sake of *a* shameful *gain*

Processing verse 4 chunk 0
Prompt string:
Look at this verse:
```
Titus 1:12: εἶπέν τις ἐξ αὐτῶν, ἴδιος αὐτῶν προφήτης, Κρῆτες ἀεὶ ψεῦσται, κακὰ θηρία, γαστέρες ἀργαί. 
```

Focus on these specific words:
```
τις ἐξ αὐτῶν
```

Morphology information:
```
τις: Gr,RI,,,,NMS,
ἐξ: Gr,P,,,,,G,,,
αὐτῶν: Gr,RP,,,3GMP,
```

The gloss for this in French is:
```
Un parmi eux,
```

What is the gloss for these specific words in English?  Mark supplemental implicit words with *asterisks* in the gloss. Output the answer in JSON.

Example output:
```json
{"gloss": "combined-words and *implicit words* example"}
```

Response:
```json
{"gloss": "one of *them*"}
```

Answer:
one of *them*

Processing verse 4 chunk 1
Prompt string:
Look at this verse:
```
Titus 1:12: εἶπέν τις ἐξ αὐτῶν, ἴδιος αὐτῶν προφήτης, Κρῆτες ἀεὶ ψεῦσται, κακὰ θηρία, γαστέρες ἀργαί. 
```

Focus on these specific words:
```
προφήτης ἴδιος αὐτῶν
```

Morphology information:
```
προφήτης: Gr,N,,,,,NMS,
ἴδιος: Gr,RD,,,,NMS,
αὐτῶν: Gr,RP,,,3GMP,
```

The gloss for this in French is:
```
prophète particulier d'eux,
```

What is the gloss for these specific words in English?  Mark supplemental implicit words with *asterisks* in the gloss. Output the answer in JSON.

Example output:
```json
{"gloss": "combined-words and *implicit words* example"}
```

Response:
```json
{"gloss": "prophet *their own*"}
```

Answer:
prophet *their own*

Processing verse 4 chunk 2
Prompt string:
Look at this verse:
```
Titus 1:12: εἶπέν τις ἐξ αὐτῶν, ἴδιος αὐτῶν προφήτης, Κρῆτες ἀεὶ ψεῦσται, κακὰ θηρία, γαστέρες ἀργαί. 
```

Focus on these specific words:
```
εἶπέν
```

Morphology information:
```
εἶπέν: Gr,V,IAA3,,S,
```

The gloss for this in French is:
```
a dit :
```

What is the gloss for these specific words in English?  Mark supplemental implicit words with *asterisks* in the gloss. Output the answer in JSON.

Example output:
```json
{"gloss": "combined-words and *implicit words* example"}
```

Response:
```json
{"gloss": "*someone* said:"}
```

Answer:
*someone* said:

Processing verse 4 chunk 3
Prompt string:
Look at this verse:
```
Titus 1:12: εἶπέν τις ἐξ αὐτῶν, ἴδιος αὐτῶν προφήτης, Κρῆτες ἀεὶ ψεῦσται, κακὰ θηρία, γαστέρες ἀργαί. 
```

Focus on these specific words:
```
Κρῆτες ἀεὶ ψεῦσται
```

Morphology information:
```
Κρῆτες: Gr,N,,,,,NMP,
ἀεὶ: Gr,D,,,,,,,,,
ψεῦσται: Gr,N,,,,,NMP,
```

The gloss for this in French is:
```
« Crétois toujours menteurs,
```

What is the gloss for these specific words in English?  Mark supplemental implicit words with *asterisks* in the gloss. Output the answer in JSON.

Example output:
```json
{"gloss": "combined-words and *implicit words* example"}
```

Response:
```json
{"gloss": "Cretans *are* always liars"}
```

Answer:
Cretans *are* always liars

Processing verse 4 chunk 4
Prompt string:
Look at this verse:
```
Titus 1:12: εἶπέν τις ἐξ αὐτῶν, ἴδιος αὐτῶν προφήτης, Κρῆτες ἀεὶ ψεῦσται, κακὰ θηρία, γαστέρες ἀργαί. 
```

Focus on these specific words:
```
κακὰ θηρία
```

Morphology information:
```
κακὰ: Gr,AA,,,,NNP,
θηρία: Gr,N,,,,,NNP,
```

The gloss for this in French is:
```
méchantes bêtes,
```

What is the gloss for these specific words in English?  Mark supplemental implicit words with *asterisks* in the gloss. Output the answer in JSON.

Example output:
```json
{"gloss": "combined-words and *implicit words* example"}
```

Response:
```json
{"gloss": "evil *beasts*"}
```

Answer:
evil *beasts*

Processing verse 4 chunk 5
Prompt string:
Look at this verse:
```
Titus 1:12: εἶπέν τις ἐξ αὐτῶν, ἴδιος αὐτῶν προφήτης, Κρῆτες ἀεὶ ψεῦσται, κακὰ θηρία, γαστέρες ἀργαί. 
```

Focus on these specific words:
```
γαστέρες ἀργαί
```

Morphology information:
```
γαστέρες: Gr,N,,,,,NFP,
ἀργαί: Gr,AA,,,,NFP,
```

The gloss for this in French is:
```
ventres paresseux ».
```

What is the gloss for these specific words in English?  Mark supplemental implicit words with *asterisks* in the gloss. Output the answer in JSON.

Example output:
```json
{"gloss": "combined-words and *implicit words* example"}
```

Response:
```json
{"gloss": "lazy *bellies*"}
```

Answer:
lazy *bellies*

Processing verse 5 chunk 0
Prompt string:
Look at this verse:
```
Titus 1:13: ἡ μαρτυρία αὕτη ἐστὶν ἀληθής. 
```

Focus on these specific words:
```
αὕτη ἡ μαρτυρία
```

Morphology information:
```
αὕτη: Gr,ED,,,,NFS,
ἡ: Gr,EA,,,,NFS,
μαρτυρία: Gr,N,,,,,NFS,
```

The gloss for this in French is:
```
Ce témoignage
```

What is the gloss for these specific words in English?  Mark supplemental implicit words with *asterisks* in the gloss. Output the answer in JSON.

Example output:
```json
{"gloss": "combined-words and *implicit words* example"}
```

Response:
```json
{"gloss": "this *is the* testimony"}
```

Answer:
this *is the* testimony

Processing verse 5 chunk 1
Prompt string:
Look at this verse:
```
Titus 1:13: ἡ μαρτυρία αὕτη ἐστὶν ἀληθής. 
```

Focus on these specific words:
```
ἐστὶν ἀληθής
```

Morphology information:
```
ἐστὶν: Gr,V,IPA3,,S,
ἀληθής: Gr,NP,,,,NFS,
```

The gloss for this in French is:
```
est vrai.
```

What is the gloss for these specific words in English?  Mark supplemental implicit words with *asterisks* in the gloss. Output the answer in JSON.

Example output:
```json
{"gloss": "combined-words and *implicit words* example"}
```

Response:
```json
{"gloss": "is true"}
```

Answer:
is true

Processing verse 6 chunk 0
Prompt string:
Look at this verse:
```
Titus 1:13: δι’ ἣν αἰτίαν ἔλεγχε αὐτοὺς ἀποτόμως, ἵνα ὑγιαίνωσιν ἐν τῇ πίστει, μὴ προσέχοντες Ἰουδαϊκοῖς μύθοις καὶ ἐντολαῖς ἀνθρώπων, ἀποστρεφομένων τὴν ἀλήθειαν. 
```

Focus on these specific words:
```
δι’ ἣν αἰτίαν
```

Morphology information:
```
δι’: Gr,P,,,,,A,,,
ἣν: Gr,ER,,,,AFS,
αἰτίαν: Gr,N,,,,,AFS,
```

The gloss for this in French is:
```
Pour cette raison,
```

What is the gloss for these specific words in English?  Mark supplemental implicit words with *asterisks* in the gloss. Output the answer in JSON.

Example output:
```json
{"gloss": "combined-words and *implicit words* example"}
```

Response:
```json
{"gloss": "for this cause"}
```

Answer:
for this cause

Processing verse 6 chunk 1
Prompt string:
Look at this verse:
```
Titus 1:13: δι’ ἣν αἰτίαν ἔλεγχε αὐτοὺς ἀποτόμως, ἵνα ὑγιαίνωσιν ἐν τῇ πίστει, μὴ προσέχοντες Ἰουδαϊκοῖς μύθοις καὶ ἐντολαῖς ἀνθρώπων, ἀποστρεφομένων τὴν ἀλήθειαν. 
```

Focus on these specific words:
```
ἔλεγχε αὐτοὺς ἀποτόμως
```

Morphology information:
```
ἔλεγχε: Gr,V,MPA2,,S,
αὐτοὺς: Gr,RP,,,3AMP,
ἀποτόμως: Gr,D,,,,,,,,,
```

The gloss for this in French is:
```
réfute eux sévèrement
```

What is the gloss for these specific words in English?  Mark supplemental implicit words with *asterisks* in the gloss. Output the answer in JSON.

Example output:
```json
{"gloss": "combined-words and *implicit words* example"}
```

Response:
```json
{"gloss": "rebuke them sharply"}
```

Answer:
rebuke them sharply

Processing verse 6 chunk 2
Prompt string:
Look at this verse:
```
Titus 1:13: δι’ ἣν αἰτίαν ἔλεγχε αὐτοὺς ἀποτόμως, ἵνα ὑγιαίνωσιν ἐν τῇ πίστει, μὴ προσέχοντες Ἰουδαϊκοῖς μύθοις καὶ ἐντολαῖς ἀνθρώπων, ἀποστρεφομένων τὴν ἀλήθειαν. 
```

Focus on these specific words:
```
ἵνα ὑγιαίνωσιν
```

Morphology information:
```
ἵνα: Gr,CS,,,,,,,,
ὑγιαίνωσιν: Gr,V,SPA3,,P,
```

The gloss for this in French is:
```
afin-qu' ils-soient-sains
```

What is the gloss for these specific words in English?  Mark supplemental implicit words with *asterisks* in the gloss. Output the answer in JSON.

Example output:
```json
{"gloss": "combined-words and *implicit words* example"}
```

Response:
```json
{"gloss": "so-that *they* may-be-healthy"}
```

Answer:
so-that *they* may-be-healthy

Processing verse 6 chunk 3
Prompt string:
Look at this verse:
```
Titus 1:13: δι’ ἣν αἰτίαν ἔλεγχε αὐτοὺς ἀποτόμως, ἵνα ὑγιαίνωσιν ἐν τῇ πίστει, μὴ προσέχοντες Ἰουδαϊκοῖς μύθοις καὶ ἐντολαῖς ἀνθρώπων, ἀποστρεφομένων τὴν ἀλήθειαν. 
```

Focus on these specific words:
```
ἐν τῇ πίστει
```

Morphology information:
```
ἐν: Gr,P,,,,,D,,,
τῇ: Gr,EA,,,,DFS,
πίστει: Gr,N,,,,,DFS,
```

The gloss for this in French is:
```
dans la foi
```

What is the gloss for these specific words in English?  Mark supplemental implicit words with *asterisks* in the gloss. Output the answer in JSON.

Example output:
```json
{"gloss": "combined-words and *implicit words* example"}
```

Response:
```json
{"gloss": "in the *faith*"}
```

Answer:
in the *faith*

Processing verse 6 chunk 4
Prompt string:
Look at this verse:
```
Titus 1:14: δι’ ἣν αἰτίαν ἔλεγχε αὐτοὺς ἀποτόμως, ἵνα ὑγιαίνωσιν ἐν τῇ πίστει, μὴ προσέχοντες Ἰουδαϊκοῖς μύθοις καὶ ἐντολαῖς ἀνθρώπων, ἀποστρεφομένων τὴν ἀλήθειαν. 
```

Focus on these specific words:
```
μὴ προσέχοντες μύθοις Ἰουδαϊκοῖς
```

Morphology information:
```
μὴ: Gr,D,,,,,,,,,
προσέχοντες: Gr,V,PPA,NMP,
μύθοις: Gr,N,,,,,DMP,
Ἰουδαϊκοῖς: Gr,AA,,,,DMP,
```

The gloss for this in French is:
```
ne s'attachant pas aux-légendes judaïques
```

What is the gloss for these specific words in English?  Mark supplemental implicit words with *asterisks* in the gloss. Output the answer in JSON.

Example output:
```json
{"gloss": "combined-words and *implicit words* example"}
```

Response:
```json
{"gloss": "not paying attention to *the* Jewish myths"}
```

Answer:
not paying attention to *the* Jewish myths

Processing verse 6 chunk 5
Prompt string:
Look at this verse:
```
Titus 1:14: δι’ ἣν αἰτίαν ἔλεγχε αὐτοὺς ἀποτόμως, ἵνα ὑγιαίνωσιν ἐν τῇ πίστει, μὴ προσέχοντες Ἰουδαϊκοῖς μύθοις καὶ ἐντολαῖς ἀνθρώπων, ἀποστρεφομένων τὴν ἀλήθειαν. 
```

Focus on these specific words:
```
καὶ ἐντολαῖς
```

Morphology information:
```
καὶ: Gr,CC,,,,,,,,
ἐντολαῖς: Gr,N,,,,,DFP,
```

The gloss for this in French is:
```
et aux-commandements
```

What is the gloss for these specific words in English?  Mark supplemental implicit words with *asterisks* in the gloss. Output the answer in JSON.

Example output:
```json
{"gloss": "combined-words and *implicit words* example"}
```

Response:
```json
{"gloss": "and *the* commandments"}
```

Answer:
and *the* commandments

Processing verse 6 chunk 6
Prompt string:
Look at this verse:
```
Titus 1:14: δι’ ἣν αἰτίαν ἔλεγχε αὐτοὺς ἀποτόμως, ἵνα ὑγιαίνωσιν ἐν τῇ πίστει, μὴ προσέχοντες Ἰουδαϊκοῖς μύθοις καὶ ἐντολαῖς ἀνθρώπων, ἀποστρεφομένων τὴν ἀλήθειαν. 
```

Focus on these specific words:
```
ἀνθρώπων ἀποστρεφομένων τὴν ἀλήθειαν
```

Morphology information:
```
ἀνθρώπων: Gr,N,,,,,GMP,
ἀποστρεφομένων: Gr,V,PPM,GMP,
τὴν: Gr,EA,,,,AFS,
ἀλήθειαν: Gr,N,,,,,AFS,
```

The gloss for this in French is:
```
d'hommes se-détournant-de la vérité.
```

What is the gloss for these specific words in English?  Mark supplemental implicit words with *asterisks* in the gloss. Output the answer in JSON.

Example output:
```json
{"gloss": "combined-words and *implicit words* example"}
```

Response:
```json
{"gloss": "of men turning away from the truth"}
```

Answer:
of men turning away from the truth

Processing verse 7 chunk 0
Prompt string:
Look at this verse:
```
Titus 1:15: πάντα καθαρὰ τοῖς καθαροῖς; τοῖς δὲ μεμιαμμένοις καὶ ἀπίστοις, οὐδὲν καθαρόν; ἀλλὰ μεμίανται αὐτῶν καὶ ὁ νοῦς, καὶ ἡ συνείδησις. 
```

Focus on these specific words:
```
πάντα καθαρὰ
```

Morphology information:
```
πάντα: Gr,RI,,,,NNP,
καθαρὰ: Gr,NP,,,,NNP,
```

The gloss for this in French is:
```
Toutes-choses *sont* pures
```

What is the gloss for these specific words in English?  Mark supplemental implicit words with *asterisks* in the gloss. Output the answer in JSON.

Example output:
```json
{"gloss": "combined-words and *implicit words* example"}
```

Response:
```json
{"gloss": "All things *are* pure"}
```

Answer:
All things *are* pure

Processing verse 7 chunk 1
Prompt string:
Look at this verse:
```
Titus 1:15: πάντα καθαρὰ τοῖς καθαροῖς; τοῖς δὲ μεμιαμμένοις καὶ ἀπίστοις, οὐδὲν καθαρόν; ἀλλὰ μεμίανται αὐτῶν καὶ ὁ νοῦς, καὶ ἡ συνείδησις. 
```

Focus on these specific words:
```
τοῖς καθαροῖς
```

Morphology information:
```
τοῖς: Gr,EA,,,,DMP,
καθαροῖς: Gr,NS,,,,DMP,
```

The gloss for this in French is:
```
pour-les *personnes* pures,
```

What is the gloss for these specific words in English?  Mark supplemental implicit words with *asterisks* in the gloss. Output the answer in JSON.

Example output:
```json
{"gloss": "combined-words and *implicit words* example"}
```

Response:
```json
{"gloss": "to-the *ones* pure"}
```

Answer:
to-the *ones* pure

Processing verse 7 chunk 2
Prompt string:
Look at this verse:
```
Titus 1:15: πάντα καθαρὰ τοῖς καθαροῖς; τοῖς δὲ μεμιαμμένοις καὶ ἀπίστοις, οὐδὲν καθαρόν; ἀλλὰ μεμίανται αὐτῶν καὶ ὁ νοῦς, καὶ ἡ συνείδησις. 
```

Focus on these specific words:
```
δὲ τοῖς μεμιαμμένοις καὶ ἀπίστοις
```

Morphology information:
```
δὲ: Gr,CC,,,,,,,,
τοῖς: Gr,EA,,,,DMP,
μεμιαμμένοις: Gr,V,PEP,DMP,
καὶ: Gr,CC,,,,,,,,
ἀπίστοις: Gr,NS,,,,DMP,
```

The gloss for this in French is:
```
mais pour-les souillés et infidèles,
```

What is the gloss for these specific words in English?  Mark supplemental implicit words with *asterisks* in the gloss. Output the answer in JSON.

Example output:
```json
{"gloss": "combined-words and *implicit words* example"}
```

Response:
```json
{"gloss": "but to the defiled and unbelieving"}
```

Answer:
but to the defiled and unbelieving

Processing verse 7 chunk 3
Prompt string:
Look at this verse:
```
Titus 1:15: πάντα καθαρὰ τοῖς καθαροῖς; τοῖς δὲ μεμιαμμένοις καὶ ἀπίστοις, οὐδὲν καθαρόν; ἀλλὰ μεμίανται αὐτῶν καὶ ὁ νοῦς, καὶ ἡ συνείδησις. 
```

Focus on these specific words:
```
οὐδὲν καθαρόν
```

Morphology information:
```
οὐδὲν: Gr,RI,,,,NNS,
καθαρόν: Gr,NP,,,,NNS,
```

The gloss for this in French is:
```
rien *n'est* pur ;
```

What is the gloss for these specific words in English?  Mark supplemental implicit words with *asterisks* in the gloss. Output the answer in JSON.

Example output:
```json
{"gloss": "combined-words and *implicit words* example"}
```

Response:
```json
{"gloss": "*nothing* is pure"}
```

Answer:
*nothing* is pure

Processing verse 7 chunk 4
Prompt string:
Look at this verse:
```
Titus 1:15: πάντα καθαρὰ τοῖς καθαροῖς; τοῖς δὲ μεμιαμμένοις καὶ ἀπίστοις, οὐδὲν καθαρόν; ἀλλὰ μεμίανται αὐτῶν καὶ ὁ νοῦς, καὶ ἡ συνείδησις. 
```

Focus on these specific words:
```
ἀλλὰ
```

Morphology information:
```
ἀλλὰ: Gr,CC,,,,,,,,
```

The gloss for this in French is:
```
mais
```

What is the gloss for these specific words in English?  Mark supplemental implicit words with *asterisks* in the gloss. Output the answer in JSON.

Example output:
```json
{"gloss": "combined-words and *implicit words* example"}
```

Response:
```json
{"gloss": "but"}
```

Answer:
but

Processing verse 7 chunk 5
Prompt string:
Look at this verse:
```
Titus 1:15: πάντα καθαρὰ τοῖς καθαροῖς; τοῖς δὲ μεμιαμμένοις καὶ ἀπίστοις, οὐδὲν καθαρόν; ἀλλὰ μεμίανται αὐτῶν καὶ ὁ νοῦς, καὶ ἡ συνείδησις. 
```

Focus on these specific words:
```
καὶ ὁ νοῦς
```

Morphology information:
```
καὶ: Gr,DO,,,,,,,,
ὁ: Gr,EA,,,,NMS,
νοῦς: Gr,N,,,,,NMS,
```

The gloss for this in French is:
```
et l'esprit
```

What is the gloss for these specific words in English?  Mark supplemental implicit words with *asterisks* in the gloss. Output the answer in JSON.

Example output:
```json
{"gloss": "combined-words and *implicit words* example"}
```

Response:
```json
{"gloss": "and the mind"}
```

Answer:
and the mind

Processing verse 7 chunk 6
Prompt string:
Look at this verse:
```
Titus 1:15: πάντα καθαρὰ τοῖς καθαροῖς; τοῖς δὲ μεμιαμμένοις καὶ ἀπίστοις, οὐδὲν καθαρόν; ἀλλὰ μεμίανται αὐτῶν καὶ ὁ νοῦς, καὶ ἡ συνείδησις. 
```

Focus on these specific words:
```
καὶ ἡ συνείδησις αὐτῶν
```

Morphology information:
```
καὶ: Gr,CO,,,,,,,,
ἡ: Gr,EA,,,,NFS,
συνείδησις: Gr,N,,,,,NFS,
αὐτῶν: Gr,RP,,,3GMP,
```

The gloss for this in French is:
```
et la conscience d'eux
```

What is the gloss for these specific words in English?  Mark supplemental implicit words with *asterisks* in the gloss. Output the answer in JSON.

Example output:
```json
{"gloss": "combined-words and *implicit words* example"}
```

Response:
```json
{"gloss": "and *the* conscience of them"}
```

Answer:
and *the* conscience of them

Processing verse 7 chunk 7
Prompt string:
Look at this verse:
```
Titus 1:15: πάντα καθαρὰ τοῖς καθαροῖς; τοῖς δὲ μεμιαμμένοις καὶ ἀπίστοις, οὐδὲν καθαρόν; ἀλλὰ μεμίανται αὐτῶν καὶ ὁ νοῦς, καὶ ἡ συνείδησις. 
```

Focus on these specific words:
```
μεμίανται
```

Morphology information:
```
μεμίανται: Gr,V,IEP3,,S,
```

The gloss for this in French is:
```
sont souillés.
```

What is the gloss for these specific words in English?  Mark supplemental implicit words with *asterisks* in the gloss. Output the answer in JSON.

Example output:
```json
{"gloss": "combined-words and *implicit words* example"}
```

Response:
```json
{"gloss": "are *defiled*"}
```

Answer:
are *defiled*

Processing verse 8 chunk 0
Prompt string:
Look at this verse:
```
Titus 1:16: Θεὸν ὁμολογοῦσιν εἰδέναι, τοῖς δὲ ἔργοις ἀρνοῦνται, βδελυκτοὶ ὄντες καὶ ἀπειθεῖς, καὶ πρὸς πᾶν ἔργον ἀγαθὸν ἀδόκιμοι.
```

Focus on these specific words:
```
ὁμολογοῦσιν εἰδέναι Θεὸν
```

Morphology information:
```
ὁμολογοῦσιν: Gr,V,IPA3,,P,
εἰδέναι: Gr,V,NEA,,,,,
Θεὸν: Gr,N,,,,,AMS,
```

The gloss for this in French is:
```
Ils-confessent connaître Dieu
```

What is the gloss for these specific words in English?  Mark supplemental implicit words with *asterisks* in the gloss. Output the answer in JSON.

Example output:
```json
{"gloss": "combined-words and *implicit words* example"}
```

Response:
```json
{"gloss": "They-confess to *know* God"}
```

Answer:
They-confess to *know* God

Processing verse 8 chunk 1
Prompt string:
Look at this verse:
```
Titus 1:16: Θεὸν ὁμολογοῦσιν εἰδέναι, τοῖς δὲ ἔργοις ἀρνοῦνται, βδελυκτοὶ ὄντες καὶ ἀπειθεῖς, καὶ πρὸς πᾶν ἔργον ἀγαθὸν ἀδόκιμοι.
```

Focus on these specific words:
```
δὲ ἀρνοῦνται τοῖς ἔργοις
```

Morphology information:
```
δὲ: Gr,CC,,,,,,,,
ἀρνοῦνται: Gr,V,IPM3,,P,
τοῖς: Gr,EA,,,,DNP,
ἔργοις: Gr,N,,,,,DNP,
```

The gloss for this in French is:
```
mais ils-renient *Dieu* par-leurs œuvres 
```

What is the gloss for these specific words in English?  Mark supplemental implicit words with *asterisks* in the gloss. Output the answer in JSON.

Example output:
```json
{"gloss": "combined-words and *implicit words* example"}
```

Response:
```json
{"gloss": "but *they* deny *Him* by *their* works"}
```

Answer:
but *they* deny *Him* by *their* works

Processing verse 8 chunk 2
Prompt string:
Look at this verse:
```
Titus 1:16: Θεὸν ὁμολογοῦσιν εἰδέναι, τοῖς δὲ ἔργοις ἀρνοῦνται, βδελυκτοὶ ὄντες καὶ ἀπειθεῖς, καὶ πρὸς πᾶν ἔργον ἀγαθὸν ἀδόκιμοι.
```

Focus on these specific words:
```
ὄντες βδελυκτοὶ καὶ ἀπειθεῖς
```

Morphology information:
```
ὄντες: Gr,V,PPA,NMP,
βδελυκτοὶ: Gr,NS,,,,NMP,
καὶ: Gr,CC,,,,,,,,
ἀπειθεῖς: Gr,NS,,,,NMP,
```

The gloss for this in French is:
```
étant odieux et rebelles,
```

What is the gloss for these specific words in English?  Mark supplemental implicit words with *asterisks* in the gloss. Output the answer in JSON.

Example output:
```json
{"gloss": "combined-words and *implicit words* example"}
```

Response:
```json
{"gloss": "being detestable and disobedient"}
```

Answer:
being detestable and disobedient

Processing verse 8 chunk 3
Prompt string:
Look at this verse:
```
Titus 1:16: Θεὸν ὁμολογοῦσιν εἰδέναι, τοῖς δὲ ἔργοις ἀρνοῦνται, βδελυκτοὶ ὄντες καὶ ἀπειθεῖς, καὶ πρὸς πᾶν ἔργον ἀγαθὸν ἀδόκιμοι.
```

Focus on these specific words:
```
καὶ ἀδόκιμοι πρὸς πᾶν ἔργον ἀγαθὸν
```

Morphology information:
```
καὶ: Gr,CC,,,,,,,,
ἀδόκιμοι: Gr,NS,,,,NMP,
πρὸς: Gr,P,,,,,A,,,
πᾶν: Gr,EQ,,,,ANS,
ἔργον: Gr,N,,,,,ANS,
ἀγαθὸν: Gr,AA,,,,ANS,
```

The gloss for this in French is:
```
et disqualifiés pour toute œuvre bonne.
```

What is the gloss for these specific words in English?  Mark supplemental implicit words with *asterisks* in the gloss. Output the answer in JSON.

Example output:
```json
{"gloss": "combined-words and *implicit words* example"}
```

Response:
```json
{"gloss": "and disqualified for every good work"}
```

Answer:
and disqualified for every good work

